[2025-09-29 09:14:11,457][__main__][INFO] - Configuration:
[2025-09-29 09:14:11,459][__main__][INFO] - model:
  name: hybrid
  type: HybridModel
  embedding_dim: 50
  genre_embedding_dim: 32
  collaborative_weight: 0.7
  content_weight: 0.3
  fusion_dims:
  - 256
  - 128
  dropout: 0.2
  description: Combined collaborative and content-based approach
train:
  name: fast
  batch_size: 512
  learning_rate: 0.001
  weight_decay: 0.0001
  epochs: 10
  patience: 3
  min_delta: 0.001
  optimizer:
    type: adam
    betas:
    - 0.9
    - 0.999
    eps: 1.0e-08
    amsgrad: false
  scheduler:
    type: exponential
    gamma: 0.95
  loss:
    type: bce
    reduction: mean
  validation:
    val_ratio: 0.2
    val_batch_size: 1024
    val_frequency: 1
    early_stopping: true
  metrics:
  - rmse
  - mae
  - accuracy
  top_k:
  - 10
data:
  name: default
  data_dir: data
  raw_data_dir: data/raw
  min_ratings_per_user: 5
  min_ratings_per_movie: 5
  rating_threshold: 3.0
  negative_sampling: true
  negative_sampling_ratio: 4
  validation_ratio: 0.2
  test_ratio: 0.1
  seed: 42
optimizer:
  type: adam
  betas:
  - 0.9
  - 0.999
  eps: 1.0e-08
  amsgrad: false
experiment:
  name: movie_recommendation
  tags:
  - collaborative_filtering
  - pytorch
  notes: Training movie recommendation models with different configurations
seed: 42
device: auto
mlflow:
  tracking_uri: null
  experiment_name: ${experiment.name}
  enable: true
  log_models: true
  log_artifacts: true

[2025-09-29 09:14:13,991][__main__][INFO] - MLflow run started: 8a00c06347304d468b49a59cd5c29efc
[2025-09-29 09:14:14,012][__main__][INFO] - Using device: cuda
[2025-09-29 09:14:14,079][__main__][INFO] - Loading data...
[2025-09-29 09:14:14,117][__main__][INFO] - Loaded 100836 user-movie interactions
[2025-09-29 09:14:14,117][__main__][INFO] - Users: 610, Movies: 9742
[2025-09-29 09:14:14,787][__main__][INFO] - Creating model: HybridModel
[2025-09-29 09:14:15,018][__main__][INFO] - Model created with 549,154 parameters
[2025-09-29 09:14:19,663][__main__][INFO] - Starting training...
[2025-09-29 09:14:23,510][__main__][INFO] - Epoch 1/10: Train Loss: 0.3715, Val Loss: 0.3423
[2025-09-29 09:14:23,510][__main__][INFO] - Train Metrics: {'rmse': np.float64(0.3388619216377878), 'mae': 0.23206214606761932, 'accuracy': np.float64(0.8454904611092937), 'precision': np.float64(0.6259154264115284), 'recall': np.float64(0.32195151588796406), 'f1': np.float64(0.4251955867602808)}
[2025-09-29 09:14:23,511][__main__][INFO] - Val Metrics: {'rmse': np.float64(0.32545583330328137), 'mae': 0.20966923236846924, 'accuracy': np.float64(0.8511427872790299), 'precision': np.float64(0.6187350835322196), 'recall': np.float64(0.4202123348731664), 'f1': np.float64(0.5005067812153097)}
[2025-09-29 09:14:23,752][__main__][INFO] - New best model saved: best_model_hybrid.pth
[2025-09-29 09:14:27,838][__main__][INFO] - Epoch 2/10: Train Loss: 0.3281, Val Loss: 0.3395
[2025-09-29 09:14:27,838][__main__][INFO] - Train Metrics: {'rmse': np.float64(0.3194837315675528), 'mae': 0.20483452081680298, 'accuracy': np.float64(0.8569400058236303), 'precision': np.float64(0.6604266434479756), 'recall': np.float64(0.3993964801425765), 'f1': np.float64(0.49776622327671066)}
[2025-09-29 09:14:27,838][__main__][INFO] - Val Metrics: {'rmse': np.float64(0.32387416406491937), 'mae': 0.20812751352787018, 'accuracy': np.float64(0.8521064971304461), 'precision': np.float64(0.6320451919373475), 'recall': np.float64(0.39897884755652807), 'f1': np.float64(0.48916931637519867)}
[2025-09-29 09:14:28,078][__main__][INFO] - New best model saved: best_model_hybrid.pth
