[2025-09-28 22:53:05,576][__main__][INFO] - Configuration:
[2025-09-28 22:53:05,578][__main__][INFO] - model:
  name: collaborative
  type: CollaborativeFilteringModel
  embedding_dim: 50
  dropout: 0.2
  bias: true
  init_mean: 0.0
  init_std: 0.1
  description: Matrix factorization with user and movie embeddings
train:
  name: default
  batch_size: 256
  learning_rate: 0.01
  weight_decay: 0.0001
  epochs: 10
  patience: 10
  min_delta: 0.0001
  scheduler:
    type: reduce_on_plateau
    factor: 0.5
    patience: 3
    min_lr: 1.0e-06
    verbose: true
  loss:
    type: bce
    margin: 1.0
    reduction: mean
  validation:
    val_ratio: 0.2
    val_batch_size: 512
    val_frequency: 1
    early_stopping: true
  metrics:
  - rmse
  - mae
  - precision@10
  - recall@10
  - ndcg@10
  top_k:
  - 5
  - 10
  - 20
data:
  name: default
  data_dir: data
  raw_data_dir: data/raw
  min_ratings_per_user: 5
  min_ratings_per_movie: 5
  rating_threshold: 3.0
  negative_sampling: true
  negative_sampling_ratio: 4
  validation_ratio: 0.2
  test_ratio: 0.1
  seed: 42
optimizer:
  type: adam
  betas:
  - 0.9
  - 0.999
  eps: 1.0e-08
  amsgrad: false
experiment:
  name: movie_recommendation
  tags:
  - collaborative_filtering
  - pytorch
  notes: Training movie recommendation models with different configurations
seed: 42
device: auto
mlflow:
  tracking_uri: null
  experiment_name: ${experiment.name}
  enable: true
  log_models: true
  log_artifacts: true

[2025-09-28 22:53:07,253][__main__][INFO] - MLflow run started: ded17eb2da30466d90e070e81c525214
[2025-09-28 22:53:07,272][__main__][INFO] - Using device: cuda
[2025-09-28 22:53:07,313][__main__][INFO] - Loading data...
[2025-09-28 22:53:07,373][__main__][INFO] - Loaded 100836 user-movie interactions
[2025-09-28 22:53:07,373][__main__][INFO] - Users: 610, Movies: 9742
[2025-09-28 22:53:08,672][__main__][INFO] - Creating model: CollaborativeFilteringModel
[2025-09-28 22:53:08,808][__main__][INFO] - Model created with 527,953 parameters
[2025-09-28 22:53:10,324][__main__][INFO] - Starting training...
[2025-09-28 22:53:21,373][__main__][INFO] - Epoch 1/10: Train Loss: 0.4243, Val Loss: 0.3994
[2025-09-28 22:53:21,374][__main__][INFO] - Train Metrics: {'rmse': np.float64(0.3624325755324684), 'mae': 0.28287437558174133, 'accuracy': np.float64(0.8290297184885882), 'precision': np.float64(0.7548387096774194), 'recall': np.float64(0.05449905826599429), 'f1': np.float64(0.10165841864682104)}
[2025-09-28 22:53:21,374][__main__][INFO] - Val Metrics: {'rmse': np.float64(0.34993089777118935), 'mae': 0.26044851541519165, 'accuracy': np.float64(0.8320555787293413), 'precision': np.float64(0.7587822014051522), 'recall': np.float64(0.0787746170678337), 'f1': np.float64(0.14273127753303963)}
[2025-09-28 22:53:21,902][__main__][INFO] - New best model saved: best_model_collaborative.pth
[2025-09-28 22:53:32,439][__main__][INFO] - Epoch 2/10: Train Loss: 0.3953, Val Loss: 0.3956
[2025-09-28 22:53:32,439][__main__][INFO] - Train Metrics: {'rmse': np.float64(0.34766027898275487), 'mae': 0.25873512029647827, 'accuracy': np.float64(0.8346628225913717), 'precision': np.float64(0.8), 'recall': np.float64(0.09137857707029588), 'f1': np.float64(0.16402202955450135)}
[2025-09-28 22:53:32,440][__main__][INFO] - Val Metrics: {'rmse': np.float64(0.3475641064208014), 'mae': 0.2608632445335388, 'accuracy': np.float64(0.8347165686175798), 'precision': np.float64(0.7572815533980582), 'recall': np.float64(0.1011427182105519), 'f1': np.float64(0.17845141917494814)}
[2025-09-28 22:53:32,931][__main__][INFO] - New best model saved: best_model_collaborative.pth
[2025-09-28 22:53:44,758][__main__][INFO] - Epoch 3/10: Train Loss: 0.3932, Val Loss: 0.3947
[2025-09-28 22:53:44,758][__main__][INFO] - Train Metrics: {'rmse': np.float64(0.3465878969557641), 'mae': 0.2574918270111084, 'accuracy': np.float64(0.8353674099584077), 'precision': np.float64(0.7978369384359401), 'recall': np.float64(0.09710999048139822), 'f1': np.float64(0.17314532290970805)}
[2025-09-28 22:53:44,758][__main__][INFO] - Val Metrics: {'rmse': np.float64(0.34759510231183705), 'mae': 0.25837504863739014, 'accuracy': np.float64(0.8343425916603139), 'precision': np.float64(0.7747326203208557), 'recall': np.float64(0.09392981603047248), 'f1': np.float64(0.16754607878568847)}
[2025-09-28 22:53:45,265][__main__][INFO] - New best model saved: best_model_collaborative.pth
[2025-09-28 22:53:58,979][__main__][INFO] - Epoch 4/10: Train Loss: 0.3924, Val Loss: 0.3941
[2025-09-28 22:53:58,980][__main__][INFO] - Train Metrics: {'rmse': np.float64(0.3461560767995455), 'mae': 0.2570486068725586, 'accuracy': np.float64(0.8358778763161584), 'precision': np.float64(0.8059848733969089), 'recall': np.float64(0.09927699131174433), 'f1': np.float64(0.17677924232315767)}
[2025-09-28 22:53:58,981][__main__][INFO] - Val Metrics: {'rmse': np.float64(0.34765949676369173), 'mae': 0.2558661699295044, 'accuracy': np.float64(0.8336377889331588), 'precision': np.float64(0.7599193006052455), 'recall': np.float64(0.09157954453359267), 'f1': np.float64(0.1634601475480978)}
[2025-09-28 22:53:59,569][__main__][INFO] - New best model saved: best_model_collaborative.pth
[2025-09-28 22:54:10,442][__main__][INFO] - Epoch 5/10: Train Loss: 0.3913, Val Loss: 0.3944
[2025-09-28 22:54:10,443][__main__][INFO] - Train Metrics: {'rmse': np.float64(0.3456589837638256), 'mae': 0.2563289701938629, 'accuracy': np.float64(0.8358383331476003), 'precision': np.float64(0.8001941433425012), 'recall': np.float64(0.1001680944569334), 'f1': np.float64(0.17804816588070127)}
[2025-09-28 22:54:10,443][__main__][INFO] - Val Metrics: {'rmse': np.float64(0.34738205158438135), 'mae': 0.2590329945087433, 'accuracy': np.float64(0.8339110797865454), 'precision': np.float64(0.7564766839378239), 'recall': np.float64(0.09465921063295243), 'f1': np.float64(0.16826334365771087)}
[2025-09-28 22:54:20,772][__main__][INFO] - Epoch 6/10: Train Loss: 0.3905, Val Loss: 0.3927
[2025-09-28 22:54:20,772][__main__][INFO] - Train Metrics: {'rmse': np.float64(0.3452366952846202), 'mae': 0.2559937536716461, 'accuracy': np.float64(0.8362157906656553), 'precision': np.float64(0.801994301994302), 'recall': np.float64(0.1026186281062033), 'f1': np.float64(0.18195529221653653)}
[2025-09-28 22:54:20,772][__main__][INFO] - Val Metrics: {'rmse': np.float64(0.34656690455424843), 'mae': 0.2574528455734253, 'accuracy': np.float64(0.835378220157358), 'precision': np.float64(0.7660714285714286), 'recall': np.float64(0.10430342815463166), 'f1': np.float64(0.18360796062486626)}
[2025-09-28 22:54:21,242][__main__][INFO] - New best model saved: best_model_collaborative.pth
[2025-09-28 22:54:32,206][__main__][INFO] - Epoch 7/10: Train Loss: 0.3900, Val Loss: 0.3927
[2025-09-28 22:54:32,206][__main__][INFO] - Train Metrics: {'rmse': np.float64(0.34495968811202854), 'mae': 0.2556356191635132, 'accuracy': np.float64(0.8365608946821628), 'precision': np.float64(0.8012011087157376), 'recall': np.float64(0.10537294691860583), 'f1': np.float64(0.18625046983229226)}
[2025-09-28 22:54:32,207][__main__][INFO] - Val Metrics: {'rmse': np.float64(0.3461331317100693), 'mae': 0.26049116253852844, 'accuracy': np.float64(0.8363994649252765), 'precision': np.float64(0.775871926815323), 'recall': np.float64(0.1099764972850312), 'f1': np.float64(0.19264622373651333)}
[2025-09-28 22:54:48,214][__main__][INFO] - Epoch 8/10: Train Loss: 0.3897, Val Loss: 0.3922
[2025-09-28 22:54:48,214][__main__][INFO] - Train Metrics: {'rmse': np.float64(0.3448263461582931), 'mae': 0.2556450664997101, 'accuracy': np.float64(0.8365213515136046), 'precision': np.float64(0.8020752671519281), 'recall': np.float64(0.10488689065759361), 'f1': np.float64(0.18551420281548878)}
[2025-09-28 22:54:48,214][__main__][INFO] - Val Metrics: {'rmse': np.float64(0.3466366700898336), 'mae': 0.25512203574180603, 'accuracy': np.float64(0.8346590337010773), 'precision': np.float64(0.7798408488063661), 'recall': np.float64(0.09530756139071238), 'f1': np.float64(0.16985628656026577)}
[2025-09-28 22:54:48,768][__main__][INFO] - New best model saved: best_model_collaborative.pth
[2025-09-28 22:55:03,812][__main__][INFO] - Epoch 9/10: Train Loss: 0.3892, Val Loss: 0.3929
[2025-09-28 22:55:03,812][__main__][INFO] - Train Metrics: {'rmse': np.float64(0.34463121430166527), 'mae': 0.2552417814731598, 'accuracy': np.float64(0.8365429205146364), 'precision': np.float64(0.8003074558032283), 'recall': np.float64(0.10543370395123236), 'f1': np.float64(0.18632117676532695)}
[2025-09-28 22:55:03,812][__main__][INFO] - Val Metrics: {'rmse': np.float64(0.34672637410181434), 'mae': 0.2570245563983917, 'accuracy': np.float64(0.834040533348676), 'precision': np.float64(0.7643564356435644), 'recall': np.float64(0.0938487721857525), 'f1': np.float64(0.16717193590298832)}
[2025-09-28 22:55:16,480][__main__][INFO] - Epoch 10/10: Train Loss: 0.3889, Val Loss: 0.3917
[2025-09-28 22:55:16,480][__main__][INFO] - Train Metrics: {'rmse': np.float64(0.3444358204790456), 'mae': 0.25495633482933044, 'accuracy': np.float64(0.8367873691929958), 'precision': np.float64(0.8021894480766307), 'recall': np.float64(0.10685136804585131), 'f1': np.float64(0.18858347928655683)}
[2025-09-28 22:55:16,481][__main__][INFO] - Val Metrics: {'rmse': np.float64(0.3451200730138937), 'mae': 0.2629789412021637, 'accuracy': np.float64(0.8365433022165326), 'precision': np.float64(0.7543035993740219), 'recall': np.float64(0.11718939946511063), 'f1': np.float64(0.20286195286195285)}
[2025-09-28 22:55:16,967][__main__][INFO] - New best model saved: best_model_collaborative.pth
[2025-09-28 22:55:16,967][__main__][INFO] - Training completed!
[2025-09-28 22:55:16,967][__main__][INFO] - Best validation loss: 0.3917
[2025-09-28 22:55:27,603][__main__][INFO] - MLflow run completed
