[2025-09-29 11:03:11,479][__main__][INFO] - Configuration:
[2025-09-29 11:03:11,480][__main__][INFO] - model:
  name: hybrid
  type: HybridModel
  embedding_dim: 50
  genre_embedding_dim: 32
  collaborative_weight: 0.7
  content_weight: 0.3
  fusion_dims:
  - 256
  - 128
  dropout: 0.3
  description: Combined collaborative and content-based approach
train:
  name: production
  batch_size: 1024
  learning_rate: 0.01
  weight_decay: 0.001
  epochs: 100
  patience: 10
  min_delta: 1.0e-05
  optimizer:
    type: adam
    betas:
    - 0.9
    - 0.999
    eps: 1.0e-08
    amsgrad: true
  scheduler:
    type: cosine
    T_max: 100
    eta_min: 1.0e-06
  loss:
    type: bce
    reduction: mean
  validation:
    val_ratio: 0.2
    val_batch_size: 512
    val_frequency: 1
    early_stopping: true
  metrics:
  - rmse
  - mae
  - precision@5
  - precision@10
  - precision@20
  - recall@5
  - recall@10
  - recall@20
  - ndcg@10
  - f1
  top_k:
  - 5
  - 10
  - 20
  - 50
data:
  name: default
  data_dir: data
  raw_data_dir: data/raw
  min_ratings_per_user: 5
  min_ratings_per_movie: 5
  rating_threshold: 3.0
  negative_sampling: true
  negative_sampling_ratio: 4
  validation_ratio: 0.2
  test_ratio: 0.1
  seed: 42
optimizer:
  type: adam
  betas:
  - 0.9
  - 0.999
  eps: 1.0e-08
  amsgrad: false
experiment:
  name: movie_recommendation
  tags:
  - collaborative_filtering
  - pytorch
  notes: Training movie recommendation models with different configurations
seed: 42
device: auto
mlflow:
  tracking_uri: null
  experiment_name: ${experiment.name}
  enable: true
  log_models: true
  log_artifacts: true

[2025-09-29 11:03:11,573][__main__][INFO] - MLflow run started: d3edf732d3b442a68bfa3edef417236c
[2025-09-29 11:03:11,573][__main__][INFO] - Using device: cuda
[2025-09-29 11:03:11,600][__main__][INFO] - Loading data...
[2025-09-29 11:03:11,636][__main__][INFO] - Loaded 100836 user-movie interactions
[2025-09-29 11:03:11,636][__main__][INFO] - Users: 610, Movies: 9742
