[2025-09-28 21:32:54,959][__main__][INFO] - Configuration:
[2025-09-28 21:32:54,962][__main__][INFO] - model:
  name: hybrid
  type: HybridModel
  embedding_dim: 50
  genre_embedding_dim: 32
  collaborative_weight: 0.7
  content_weight: 0.3
  fusion_dims:
  - 256
  - 128
  dropout: 0.2
  description: Combined collaborative and content-based approach
train:
  name: default
  batch_size: 256
  learning_rate: 0.01
  weight_decay: 0.0001
  epochs: 3
  patience: 5
  min_delta: 0.0001
  scheduler:
    type: reduce_on_plateau
    factor: 0.5
    patience: 3
    min_lr: 1.0e-06
    verbose: true
  loss:
    type: bce
    margin: 1.0
    reduction: mean
  validation:
    val_ratio: 0.2
    val_batch_size: 512
    val_frequency: 1
    early_stopping: true
  metrics:
  - rmse
  - mae
  - precision@10
  - recall@10
  - ndcg@10
  top_k:
  - 5
  - 10
  - 20
data:
  name: default
  data_dir: data
  raw_data_dir: data/raw
  min_ratings_per_user: 5
  min_ratings_per_movie: 5
  rating_threshold: 3.0
  negative_sampling: true
  negative_sampling_ratio: 4
  validation_ratio: 0.2
  test_ratio: 0.1
  seed: 42
optimizer:
  type: adam
  betas:
  - 0.9
  - 0.999
  eps: 1.0e-08
  amsgrad: false
experiment:
  name: movie_recommendation
  tags:
  - collaborative_filtering
  - pytorch
  notes: Training movie recommendation models with different configurations
seed: 42
device: auto
mlflow:
  tracking_uri: null
  experiment_name: ${experiment.name}
  enable: true
  log_models: true
  log_artifacts: true

[2025-09-28 21:32:55,115][__main__][INFO] - MLflow run started: b6804d23069642738fbd284a06af7161
[2025-09-28 21:32:55,116][__main__][INFO] - Using device: cuda
[2025-09-28 21:32:55,183][__main__][INFO] - Loading data...
[2025-09-28 21:32:55,236][__main__][INFO] - Loaded 100836 user-movie interactions
[2025-09-28 21:32:55,236][__main__][INFO] - Users: 610, Movies: 9742
[2025-09-28 21:32:56,273][__main__][INFO] - Creating model: HybridModel
[2025-09-28 21:32:56,484][__main__][INFO] - Model created with 549,154 parameters
[2025-09-28 21:32:56,559][__main__][INFO] - Starting training...
[2025-09-28 21:33:09,125][__main__][INFO] - Epoch 1/3: Train Loss: 0.3750, Val Loss: 0.3588
[2025-09-28 21:33:09,125][__main__][INFO] - Train Metrics: {'rmse': np.float64(0.33869795737319336), 'mae': 0.2322721630334854, 'accuracy': np.float64(0.844451554226266), 'precision': np.float64(0.6403456358873006), 'recall': np.float64(0.28215565951758914), 'f1': np.float64(0.39171141788736746)}
[2025-09-28 21:33:09,125][__main__][INFO] - Val Metrics: {'rmse': np.float64(0.3326842786377497), 'mae': 0.2257690280675888, 'accuracy': np.float64(0.8457057376695482), 'precision': np.float64(0.5831270627062707), 'recall': np.float64(0.4582218980468433), 'f1': np.float64(0.5131835715906512)}
[2025-09-28 21:33:09,462][__main__][INFO] - New best model saved: best_model_hybrid.pth
[2025-09-28 21:33:23,630][__main__][INFO] - Epoch 2/3: Train Loss: 0.3493, Val Loss: 0.3525
[2025-09-28 21:33:23,630][__main__][INFO] - Train Metrics: {'rmse': np.float64(0.32797269465312817), 'mae': 0.2174062430858612, 'accuracy': np.float64(0.8515118072306481), 'precision': np.float64(0.6373413198107749), 'recall': np.float64(0.3792656499989874), 'f1': np.float64(0.4755459624174708)}
[2025-09-28 21:33:23,630][__main__][INFO] - Val Metrics: {'rmse': np.float64(0.3304387441950464), 'mae': 0.22047576308250427, 'accuracy': np.float64(0.8455906678365434), 'precision': np.float64(0.5850296861747244), 'recall': np.float64(0.44719993516492423), 'f1': np.float64(0.5069128657388269)}
[2025-09-28 21:33:24,062][__main__][INFO] - New best model saved: best_model_hybrid.pth
[2025-09-28 21:33:36,542][__main__][INFO] - Epoch 3/3: Train Loss: 0.3446, Val Loss: 0.3519
[2025-09-28 21:33:36,542][__main__][INFO] - Train Metrics: {'rmse': np.float64(0.32629937974804807), 'mae': 0.2149428427219391, 'accuracy': np.float64(0.8518281525791133), 'precision': np.float64(0.6337497131241598), 'recall': np.float64(0.39147781355691924), 'f1': np.float64(0.4839880818247828)}
[2025-09-28 21:33:36,542][__main__][INFO] - Val Metrics: {'rmse': np.float64(0.330442160129606), 'mae': 0.2153749018907547, 'accuracy': np.float64(0.8456338190239201), 'precision': np.float64(0.587251601693995), 'recall': np.float64(0.4382851122457249), 'f1': np.float64(0.501949136810841)}
[2025-09-28 21:33:36,958][__main__][INFO] - New best model saved: best_model_hybrid.pth
[2025-09-28 21:33:36,958][__main__][INFO] - Training completed!
[2025-09-28 21:33:36,958][__main__][INFO] - Best validation loss: 0.3519
[2025-09-28 21:33:41,225][__main__][INFO] - MLflow run completed
