[2025-09-28 20:42:21,160][__main__][INFO] - Configuration:
[2025-09-28 20:42:21,162][__main__][INFO] - model:
  name: hybrid
  type: HybridModel
  embedding_dim: 50
  genre_embedding_dim: 32
  collaborative_weight: 0.7
  content_weight: 0.3
  fusion_dims:
  - 256
  - 128
  dropout: 0.2
  description: Combined collaborative and content-based approach
train:
  name: default
  batch_size: 256
  learning_rate: 0.01
  weight_decay: 0.0001
  epochs: 1
  patience: 5
  min_delta: 0.0001
  scheduler:
    type: reduce_on_plateau
    factor: 0.5
    patience: 3
    min_lr: 1.0e-06
    verbose: true
  loss:
    type: bce
    margin: 1.0
    reduction: mean
  validation:
    val_ratio: 0.2
    val_batch_size: 512
    val_frequency: 1
    early_stopping: true
  metrics:
  - rmse
  - mae
  - precision@10
  - recall@10
  - ndcg@10
  top_k:
  - 5
  - 10
  - 20
data:
  name: default
  data_dir: data
  raw_data_dir: data/raw
  min_ratings_per_user: 5
  min_ratings_per_movie: 5
  rating_threshold: 3.0
  negative_sampling: true
  negative_sampling_ratio: 4
  validation_ratio: 0.2
  test_ratio: 0.1
  seed: 42
optimizer:
  type: adam
  betas:
  - 0.9
  - 0.999
  eps: 1.0e-08
  amsgrad: false
experiment:
  name: movie_recommendation
  tags:
  - collaborative_filtering
  - pytorch
  notes: Training movie recommendation models with different configurations
seed: 42
device: auto

[2025-09-28 20:42:21,185][__main__][INFO] - Using device: cuda
[2025-09-28 20:42:21,185][__main__][INFO] - Loading data...
[2025-09-28 20:42:21,255][__main__][INFO] - Loaded 100836 user-movie interactions
[2025-09-28 20:42:21,255][__main__][INFO] - Users: 610, Movies: 9742
[2025-09-28 20:42:22,558][__main__][INFO] - Creating model: HybridModel
[2025-09-28 20:42:22,989][__main__][INFO] - Model created with 549,154 parameters
[2025-09-28 20:42:24,758][__main__][INFO] - Starting training...
[2025-09-28 20:42:42,915][__main__][INFO] - Epoch 1/1: Train Loss: 0.3750, Val Loss: 0.3588
[2025-09-28 20:42:42,915][__main__][INFO] - Train Metrics: {'rmse': np.float64(0.33869795737319336), 'mae': 0.2322721630334854, 'accuracy': np.float64(0.844451554226266), 'precision': np.float64(0.6403456358873006), 'recall': np.float64(0.28215565951758914), 'f1': np.float64(0.39171141788736746)}
[2025-09-28 20:42:42,915][__main__][INFO] - Val Metrics: {'rmse': np.float64(0.3326842786377497), 'mae': 0.2257690280675888, 'accuracy': np.float64(0.8457057376695482), 'precision': np.float64(0.5831270627062707), 'recall': np.float64(0.4582218980468433), 'f1': np.float64(0.5131835715906512)}
[2025-09-28 20:42:42,936][__main__][INFO] - New best model saved: best_model_hybrid.pth
[2025-09-28 20:42:42,936][__main__][INFO] - Training completed!
[2025-09-28 20:42:42,937][__main__][INFO] - Best validation loss: 0.3588
