[2025-09-28 20:23:31,433][__main__][INFO] - Configuration:
[2025-09-28 20:23:31,435][__main__][INFO] - model:
  name: deep_cf
  type: DeepCollaborativeFiltering
  embedding_dim: 64
  hidden_dims:
  - 256
  - 128
  - 64
  dropout: 0.4
  batch_norm: true
  activation: relu
  description: Deep neural network for collaborative filtering
train:
  name: default
  batch_size: 256
  learning_rate: 0.01
  weight_decay: 0.0001
  epochs: 1
  patience: 5
  min_delta: 0.0001
  scheduler:
    type: reduce_on_plateau
    factor: 0.5
    patience: 3
    min_lr: 1.0e-06
    verbose: true
  loss:
    type: bce
    margin: 1.0
    reduction: mean
  validation:
    val_ratio: 0.2
    val_batch_size: 512
    val_frequency: 1
    early_stopping: true
  metrics:
  - rmse
  - mae
  - precision@10
  - recall@10
  - ndcg@10
  top_k:
  - 5
  - 10
  - 20
data:
  name: default
  data_dir: data
  raw_data_dir: data/raw
  min_ratings_per_user: 5
  min_ratings_per_movie: 5
  rating_threshold: 3.0
  negative_sampling: true
  negative_sampling_ratio: 4
  validation_ratio: 0.2
  test_ratio: 0.1
  seed: 42
optimizer:
  type: adam
  betas:
  - 0.9
  - 0.999
  eps: 1.0e-08
  amsgrad: false
experiment:
  name: movie_recommendation
  tags:
  - collaborative_filtering
  - pytorch
  notes: Training movie recommendation models with different configurations
seed: 42
device: auto

[2025-09-28 20:23:31,455][__main__][INFO] - Using device: cuda
[2025-09-28 20:23:31,456][__main__][INFO] - Loading data...
[2025-09-28 20:23:31,514][__main__][INFO] - Loaded 100836 user-movie interactions
[2025-09-28 20:23:31,514][__main__][INFO] - Users: 610, Movies: 9742
[2025-09-28 20:23:32,496][__main__][INFO] - Creating model: DeepCollaborativeFiltering
[2025-09-28 20:23:32,642][__main__][INFO] - Model created with 736,769 parameters
[2025-09-28 20:23:33,846][__main__][INFO] - Starting training...
[2025-09-28 20:23:46,563][__main__][INFO] - Epoch 1/1: Train Loss: 0.3894, Val Loss: 0.3722
[2025-09-28 20:23:46,563][__main__][INFO] - Train Metrics: {'rmse': np.float64(0.34507947369191677), 'mae': 0.23939889669418335, 'accuracy': np.float64(0.8366867138548478), 'precision': np.float64(0.6173375349307331), 'recall': np.float64(0.21028008992040828), 'f1': np.float64(0.31370475557435495)}
[2025-09-28 20:23:46,564][__main__][INFO] - Val Metrics: {'rmse': np.float64(0.33840397333211897), 'mae': 0.23468442261219025, 'accuracy': np.float64(0.8442098298404844), 'precision': np.float64(0.6522617124394184), 'recall': np.float64(0.26177161844557906), 'f1': np.float64(0.3736047654849343)}
[2025-09-28 20:23:46,577][__main__][INFO] - New best model saved: best_model_deep_cf.pth
[2025-09-28 20:23:46,578][__main__][INFO] - Training completed!
[2025-09-28 20:23:46,578][__main__][INFO] - Best validation loss: 0.3722
