[2025-09-29 09:16:08,912][__main__][INFO] - Configuration:
[2025-09-29 09:16:08,913][__main__][INFO] - model:
  name: content_based
  type: ContentBasedModel
  genre_embedding_dim: 32
  user_embedding_dim: 64
  hidden_dims:
  - 128
  - 64
  dropout: 0.3
  activation: relu
  description: Genre-based recommendations with user preferences
train:
  name: fast
  batch_size: 512
  learning_rate: 0.001
  weight_decay: 0.0001
  epochs: 10
  patience: 3
  min_delta: 0.001
  optimizer:
    type: adam
    betas:
    - 0.9
    - 0.999
    eps: 1.0e-08
    amsgrad: false
  scheduler:
    type: exponential
    gamma: 0.95
  loss:
    type: bce
    reduction: mean
  validation:
    val_ratio: 0.2
    val_batch_size: 1024
    val_frequency: 1
    early_stopping: true
  metrics:
  - rmse
  - mae
  - accuracy
  top_k:
  - 10
data:
  name: default
  data_dir: data
  raw_data_dir: data/raw
  min_ratings_per_user: 5
  min_ratings_per_movie: 5
  rating_threshold: 3.0
  negative_sampling: true
  negative_sampling_ratio: 4
  validation_ratio: 0.2
  test_ratio: 0.1
  seed: 42
optimizer:
  type: adam
  betas:
  - 0.9
  - 0.999
  eps: 1.0e-08
  amsgrad: false
experiment:
  name: movie_recommendation
  tags:
  - collaborative_filtering
  - pytorch
  notes: Training movie recommendation models with different configurations
seed: 42
device: auto
mlflow:
  tracking_uri: null
  experiment_name: ${experiment.name}
  enable: true
  log_models: true
  log_artifacts: true

[2025-09-29 09:16:09,280][__main__][INFO] - MLflow run started: a6ca07b6c098429ca610eb5051d6cb94
[2025-09-29 09:16:09,291][__main__][INFO] - Using device: cuda
[2025-09-29 09:16:09,329][__main__][INFO] - Loading data...
[2025-09-29 09:16:09,367][__main__][INFO] - Loaded 100836 user-movie interactions
[2025-09-29 09:16:09,367][__main__][INFO] - Users: 610, Movies: 9742
[2025-09-29 09:16:10,045][__main__][INFO] - Creating model: ContentBasedModel
[2025-09-29 09:16:10,232][__main__][INFO] - Model created with 4,865 parameters
[2025-09-29 09:16:11,133][__main__][INFO] - Starting training...
[2025-09-29 09:16:14,589][__main__][INFO] - Epoch 1/10: Train Loss: 0.4830, Val Loss: 0.4672
[2025-09-29 09:16:14,589][__main__][INFO] - Train Metrics: {'rmse': np.float64(0.3898615815818517), 'mae': 0.30748337507247925, 'accuracy': np.float64(0.822106069157407), 'precision': np.float64(0.17751479289940827), 'recall': np.float64(0.0006075703262652652), 'f1': np.float64(0.0012109958422476083)}
[2025-09-29 09:16:14,589][__main__][INFO] - Val Metrics: {'rmse': np.float64(0.38193756468192896), 'mae': 0.29280540347099304, 'accuracy': np.float64(0.8225191663190599), 'precision': 0.0, 'recall': np.float64(0.0), 'f1': 0.0}
[2025-09-29 09:16:14,828][__main__][INFO] - New best model saved: best_model_content_based.pth
[2025-09-29 09:16:18,358][__main__][INFO] - Epoch 2/10: Train Loss: 0.4721, Val Loss: 0.4671
[2025-09-29 09:16:18,359][__main__][INFO] - Train Metrics: {'rmse': np.float64(0.3839494015977252), 'mae': 0.29668012261390686, 'accuracy': np.float64(0.8224979060094831), 'precision': 0.0, 'recall': np.float64(0.0), 'f1': 0.0}
[2025-09-29 09:16:18,359][__main__][INFO] - Val Metrics: {'rmse': np.float64(0.3819023328261384), 'mae': 0.28972843289375305, 'accuracy': np.float64(0.8225191663190599), 'precision': 0.0, 'recall': np.float64(0.0), 'f1': 0.0}
[2025-09-29 09:16:22,705][__main__][INFO] - Epoch 3/10: Train Loss: 0.4713, Val Loss: 0.4676
[2025-09-29 09:16:22,705][__main__][INFO] - Train Metrics: {'rmse': np.float64(0.3836153913868826), 'mae': 0.29595834016799927, 'accuracy': np.float64(0.8224979060094831), 'precision': 0.0, 'recall': np.float64(0.0), 'f1': 0.0}
[2025-09-29 09:16:22,705][__main__][INFO] - Val Metrics: {'rmse': np.float64(0.3821030094955679), 'mae': 0.299734890460968, 'accuracy': np.float64(0.8225191663190599), 'precision': 0.0, 'recall': np.float64(0.0), 'f1': 0.0}
