[2025-09-29 10:51:51,858][__main__][INFO] - Configuration:
[2025-09-29 10:51:51,859][__main__][INFO] - model:
  name: content_based
  type: ContentBasedModel
  genre_embedding_dim: 32
  user_embedding_dim: 64
  hidden_dims:
  - 128
  - 64
  dropout: 0.2
  activation: relu
  description: Genre-based recommendations with user preferences
train:
  name: production
  batch_size: 128
  learning_rate: 0.001
  weight_decay: 0.0005
  epochs: 100
  patience: 12
  min_delta: 1.0e-05
  optimizer:
    type: adam
    betas:
    - 0.9
    - 0.999
    eps: 1.0e-08
    amsgrad: true
  scheduler:
    type: cosine
    T_max: 100
    eta_min: 1.0e-06
  loss:
    type: bce
    reduction: mean
  validation:
    val_ratio: 0.2
    val_batch_size: 512
    val_frequency: 1
    early_stopping: true
  metrics:
  - rmse
  - mae
  - precision@5
  - precision@10
  - precision@20
  - recall@5
  - recall@10
  - recall@20
  - ndcg@10
  - f1
  top_k:
  - 5
  - 10
  - 20
  - 50
data:
  name: default
  data_dir: data
  raw_data_dir: data/raw
  min_ratings_per_user: 5
  min_ratings_per_movie: 5
  rating_threshold: 3.0
  negative_sampling: true
  negative_sampling_ratio: 4
  validation_ratio: 0.2
  test_ratio: 0.1
  seed: 42
optimizer:
  type: adam
  betas:
  - 0.9
  - 0.999
  eps: 1.0e-08
  amsgrad: false
experiment:
  name: movie_recommendation
  tags:
  - collaborative_filtering
  - pytorch
  notes: Training movie recommendation models with different configurations
seed: 42
device: auto
mlflow:
  tracking_uri: null
  experiment_name: ${experiment.name}
  enable: true
  log_models: true
  log_artifacts: true

[2025-09-29 10:51:51,953][__main__][INFO] - MLflow run started: e9a5daf7d0a8427bbd8b04da24f045d0
[2025-09-29 10:51:51,953][__main__][INFO] - Using device: cuda
[2025-09-29 10:51:51,974][__main__][INFO] - Loading data...
[2025-09-29 10:51:52,012][__main__][INFO] - Loaded 100836 user-movie interactions
[2025-09-29 10:51:52,012][__main__][INFO] - Users: 610, Movies: 9742
[2025-09-29 10:51:52,698][__main__][INFO] - Creating model: ContentBasedModel
[2025-09-29 10:51:52,810][__main__][INFO] - Model created with 4,865 parameters
[2025-09-29 10:51:52,858][__main__][INFO] - Starting training...
[2025-09-29 10:51:58,601][__main__][INFO] - Epoch 1/100: Train Loss: 0.4731, Val Loss: 0.4672
[2025-09-29 10:51:58,601][__main__][INFO] - Train Metrics: {'rmse': np.float64(0.384757162862758), 'mae': 0.29803383350372314, 'accuracy': np.float64(0.8224403886733986), 'precision': np.float64(0.13636363636363635), 'recall': np.float64(6.075703262652652e-05), 'f1': np.float64(0.0001214599485819551)}
[2025-09-29 10:51:58,601][__main__][INFO] - Val Metrics: {'rmse': np.float64(0.38193705749111545), 'mae': 0.29553842544555664, 'accuracy': np.float64(0.8225191663190599), 'precision': 0.0, 'recall': np.float64(0.0), 'f1': 0.0}
[2025-09-29 10:51:58,840][__main__][INFO] - New best model saved: best_model_content_based.pth
[2025-09-29 10:52:05,289][__main__][INFO] - Epoch 2/100: Train Loss: 0.4692, Val Loss: 0.4672
[2025-09-29 10:52:05,289][__main__][INFO] - Train Metrics: {'rmse': np.float64(0.38274645722242717), 'mae': 0.29432108998298645, 'accuracy': np.float64(0.8224979060094831), 'precision': 0.0, 'recall': np.float64(0.0), 'f1': 0.0}
[2025-09-29 10:52:05,289][__main__][INFO] - Val Metrics: {'rmse': np.float64(0.38194045175526947), 'mae': 0.28754377365112305, 'accuracy': np.float64(0.8225191663190599), 'precision': 0.0, 'recall': np.float64(0.0), 'f1': 0.0}
[2025-09-29 10:52:12,117][__main__][INFO] - Epoch 3/100: Train Loss: 0.4684, Val Loss: 0.4676
[2025-09-29 10:52:12,117][__main__][INFO] - Train Metrics: {'rmse': np.float64(0.38244985413799776), 'mae': 0.29357028007507324, 'accuracy': np.float64(0.8224979060094831), 'precision': 0.0, 'recall': np.float64(0.0), 'f1': 0.0}
[2025-09-29 10:52:12,117][__main__][INFO] - Val Metrics: {'rmse': np.float64(0.38209632132131366), 'mae': 0.2990911304950714, 'accuracy': np.float64(0.8225191663190599), 'precision': 0.0, 'recall': np.float64(0.0), 'f1': 0.0}
[2025-09-29 10:52:18,936][__main__][INFO] - Epoch 4/100: Train Loss: 0.4681, Val Loss: 0.4671
[2025-09-29 10:52:18,936][__main__][INFO] - Train Metrics: {'rmse': np.float64(0.38227393744135596), 'mae': 0.2933279275894165, 'accuracy': np.float64(0.8224979060094831), 'precision': 0.0, 'recall': np.float64(0.0), 'f1': 0.0}
[2025-09-29 10:52:18,936][__main__][INFO] - Val Metrics: {'rmse': np.float64(0.38191464288602484), 'mae': 0.28949037194252014, 'accuracy': np.float64(0.8225191663190599), 'precision': 0.0, 'recall': np.float64(0.0), 'f1': 0.0}
[2025-09-29 10:52:19,193][__main__][INFO] - New best model saved: best_model_content_based.pth
[2025-09-29 10:52:25,656][__main__][INFO] - Epoch 5/100: Train Loss: 0.4676, Val Loss: 0.4671
[2025-09-29 10:52:25,656][__main__][INFO] - Train Metrics: {'rmse': np.float64(0.3821233267880071), 'mae': 0.292856901884079, 'accuracy': np.float64(0.8224979060094831), 'precision': 0.0, 'recall': np.float64(0.0), 'f1': 0.0}
[2025-09-29 10:52:25,656][__main__][INFO] - Val Metrics: {'rmse': np.float64(0.3819062346313364), 'mae': 0.28969696164131165, 'accuracy': np.float64(0.8225191663190599), 'precision': 0.0, 'recall': np.float64(0.0), 'f1': 0.0}
[2025-09-29 10:52:32,354][__main__][INFO] - Epoch 6/100: Train Loss: 0.4676, Val Loss: 0.4672
[2025-09-29 10:52:32,354][__main__][INFO] - Train Metrics: {'rmse': np.float64(0.3821100095292436), 'mae': 0.292856365442276, 'accuracy': np.float64(0.8224979060094831), 'precision': 0.0, 'recall': np.float64(0.0), 'f1': 0.0}
[2025-09-29 10:52:32,354][__main__][INFO] - Val Metrics: {'rmse': np.float64(0.3819217048965822), 'mae': 0.28912225365638733, 'accuracy': np.float64(0.8225191663190599), 'precision': 0.0, 'recall': np.float64(0.0), 'f1': 0.0}
[2025-09-29 10:52:39,056][__main__][INFO] - Epoch 7/100: Train Loss: 0.4675, Val Loss: 0.4673
[2025-09-29 10:52:39,056][__main__][INFO] - Train Metrics: {'rmse': np.float64(0.3821007671178282), 'mae': 0.2926958501338959, 'accuracy': np.float64(0.8224979060094831), 'precision': 0.0, 'recall': np.float64(0.0), 'f1': 0.0}
[2025-09-29 10:52:39,056][__main__][INFO] - Val Metrics: {'rmse': np.float64(0.3819847889987414), 'mae': 0.2960074841976166, 'accuracy': np.float64(0.8225191663190599), 'precision': 0.0, 'recall': np.float64(0.0), 'f1': 0.0}
[2025-09-29 10:52:45,408][__main__][INFO] - Epoch 8/100: Train Loss: 0.4675, Val Loss: 0.4672
[2025-09-29 10:52:45,408][__main__][INFO] - Train Metrics: {'rmse': np.float64(0.3820455614775455), 'mae': 0.29259711503982544, 'accuracy': np.float64(0.8224979060094831), 'precision': 0.0, 'recall': np.float64(0.0), 'f1': 0.0}
[2025-09-29 10:52:45,408][__main__][INFO] - Val Metrics: {'rmse': np.float64(0.3819233240684459), 'mae': 0.29374298453330994, 'accuracy': np.float64(0.8225191663190599), 'precision': 0.0, 'recall': np.float64(0.0), 'f1': 0.0}
[2025-09-29 10:52:52,074][__main__][INFO] - Epoch 9/100: Train Loss: 0.4674, Val Loss: 0.4673
[2025-09-29 10:52:52,074][__main__][INFO] - Train Metrics: {'rmse': np.float64(0.38205072942268986), 'mae': 0.29266300797462463, 'accuracy': np.float64(0.8224979060094831), 'precision': 0.0, 'recall': np.float64(0.0), 'f1': 0.0}
[2025-09-29 10:52:52,074][__main__][INFO] - Val Metrics: {'rmse': np.float64(0.38195861250676205), 'mae': 0.29527586698532104, 'accuracy': np.float64(0.8225191663190599), 'precision': 0.0, 'recall': np.float64(0.0), 'f1': 0.0}
[2025-09-29 10:52:58,856][__main__][INFO] - Epoch 10/100: Train Loss: 0.4673, Val Loss: 0.4672
[2025-09-29 10:52:58,856][__main__][INFO] - Train Metrics: {'rmse': np.float64(0.38199885178313525), 'mae': 0.29248180985450745, 'accuracy': np.float64(0.8224979060094831), 'precision': 0.0, 'recall': np.float64(0.0), 'f1': 0.0}
[2025-09-29 10:52:58,856][__main__][INFO] - Val Metrics: {'rmse': np.float64(0.3819232265281665), 'mae': 0.29324871301651, 'accuracy': np.float64(0.8225191663190599), 'precision': 0.0, 'recall': np.float64(0.0), 'f1': 0.0}
[2025-09-29 10:53:05,165][__main__][INFO] - Epoch 11/100: Train Loss: 0.4672, Val Loss: 0.4672
[2025-09-29 10:53:05,165][__main__][INFO] - Train Metrics: {'rmse': np.float64(0.38198178523011944), 'mae': 0.2924855649471283, 'accuracy': np.float64(0.8224979060094831), 'precision': 0.0, 'recall': np.float64(0.0), 'f1': 0.0}
[2025-09-29 10:53:05,165][__main__][INFO] - Val Metrics: {'rmse': np.float64(0.381946694001403), 'mae': 0.2900402545928955, 'accuracy': np.float64(0.8225191663190599), 'precision': 0.0, 'recall': np.float64(0.0), 'f1': 0.0}
[2025-09-29 10:53:11,567][__main__][INFO] - Epoch 12/100: Train Loss: 0.4673, Val Loss: 0.4672
[2025-09-29 10:53:11,567][__main__][INFO] - Train Metrics: {'rmse': np.float64(0.3819905819143812), 'mae': 0.2923595905303955, 'accuracy': np.float64(0.8224979060094831), 'precision': 0.0, 'recall': np.float64(0.0), 'f1': 0.0}
[2025-09-29 10:53:11,567][__main__][INFO] - Val Metrics: {'rmse': np.float64(0.38192330456039203), 'mae': 0.29389190673828125, 'accuracy': np.float64(0.8225191663190599), 'precision': 0.0, 'recall': np.float64(0.0), 'f1': 0.0}
[2025-09-29 10:53:17,969][__main__][INFO] - Epoch 13/100: Train Loss: 0.4674, Val Loss: 0.4674
[2025-09-29 10:53:17,970][__main__][INFO] - Train Metrics: {'rmse': np.float64(0.3820041568876947), 'mae': 0.2925611734390259, 'accuracy': np.float64(0.8224979060094831), 'precision': 0.0, 'recall': np.float64(0.0), 'f1': 0.0}
[2025-09-29 10:53:17,970][__main__][INFO] - Val Metrics: {'rmse': np.float64(0.38202036430592357), 'mae': 0.28535738587379456, 'accuracy': np.float64(0.8225191663190599), 'precision': 0.0, 'recall': np.float64(0.0), 'f1': 0.0}
[2025-09-29 10:53:24,646][__main__][INFO] - Epoch 14/100: Train Loss: 0.4672, Val Loss: 0.4672
[2025-09-29 10:53:24,646][__main__][INFO] - Train Metrics: {'rmse': np.float64(0.3819716619658185), 'mae': 0.2922390103340149, 'accuracy': np.float64(0.8224979060094831), 'precision': 0.0, 'recall': np.float64(0.0), 'f1': 0.0}
[2025-09-29 10:53:24,646][__main__][INFO] - Val Metrics: {'rmse': np.float64(0.3819451919702478), 'mae': 0.2952362298965454, 'accuracy': np.float64(0.8225191663190599), 'precision': 0.0, 'recall': np.float64(0.0), 'f1': 0.0}
[2025-09-29 10:53:31,191][__main__][INFO] - Epoch 15/100: Train Loss: 0.4672, Val Loss: 0.4671
[2025-09-29 10:53:31,191][__main__][INFO] - Train Metrics: {'rmse': np.float64(0.38195395048430314), 'mae': 0.29240477085113525, 'accuracy': np.float64(0.8224979060094831), 'precision': 0.0, 'recall': np.float64(0.0), 'f1': 0.0}
[2025-09-29 10:53:31,191][__main__][INFO] - Val Metrics: {'rmse': np.float64(0.3819153451912647), 'mae': 0.2915807068347931, 'accuracy': np.float64(0.8225191663190599), 'precision': 0.0, 'recall': np.float64(0.0), 'f1': 0.0}
[2025-09-29 10:53:37,618][__main__][INFO] - Epoch 16/100: Train Loss: 0.4672, Val Loss: 0.4671
[2025-09-29 10:53:37,618][__main__][INFO] - Train Metrics: {'rmse': np.float64(0.3819473377272327), 'mae': 0.2922455370426178, 'accuracy': np.float64(0.8224979060094831), 'precision': 0.0, 'recall': np.float64(0.0), 'f1': 0.0}
[2025-09-29 10:53:37,618][__main__][INFO] - Val Metrics: {'rmse': np.float64(0.38190451784196044), 'mae': 0.29020628333091736, 'accuracy': np.float64(0.8225191663190599), 'precision': 0.0, 'recall': np.float64(0.0), 'f1': 0.0}
[2025-09-29 10:53:37,878][__main__][INFO] - New best model saved: best_model_content_based.pth
[2025-09-29 10:53:43,941][__main__][INFO] - Epoch 17/100: Train Loss: 0.4672, Val Loss: 0.4672
[2025-09-29 10:53:43,941][__main__][INFO] - Train Metrics: {'rmse': np.float64(0.38194209035475474), 'mae': 0.2922379970550537, 'accuracy': np.float64(0.8224979060094831), 'precision': 0.0, 'recall': np.float64(0.0), 'f1': 0.0}
[2025-09-29 10:53:43,941][__main__][INFO] - Val Metrics: {'rmse': np.float64(0.3819254699482904), 'mae': 0.29315701127052307, 'accuracy': np.float64(0.8225191663190599), 'precision': 0.0, 'recall': np.float64(0.0), 'f1': 0.0}
[2025-09-29 10:53:50,506][__main__][INFO] - Epoch 18/100: Train Loss: 0.4672, Val Loss: 0.4671
[2025-09-29 10:53:50,506][__main__][INFO] - Train Metrics: {'rmse': np.float64(0.3819354578849072), 'mae': 0.29228824377059937, 'accuracy': np.float64(0.8224979060094831), 'precision': 0.0, 'recall': np.float64(0.0), 'f1': 0.0}
[2025-09-29 10:53:50,506][__main__][INFO] - Val Metrics: {'rmse': np.float64(0.3819146038690292), 'mae': 0.2899082601070404, 'accuracy': np.float64(0.8225191663190599), 'precision': 0.0, 'recall': np.float64(0.0), 'f1': 0.0}
[2025-09-29 10:53:57,569][__main__][INFO] - Epoch 19/100: Train Loss: 0.4672, Val Loss: 0.4671
[2025-09-29 10:53:57,569][__main__][INFO] - Train Metrics: {'rmse': np.float64(0.3819309321334903), 'mae': 0.29215970635414124, 'accuracy': np.float64(0.8224979060094831), 'precision': 0.0, 'recall': np.float64(0.0), 'f1': 0.0}
[2025-09-29 10:53:57,569][__main__][INFO] - Val Metrics: {'rmse': np.float64(0.3819098632743954), 'mae': 0.2924642264842987, 'accuracy': np.float64(0.8225191663190599), 'precision': 0.0, 'recall': np.float64(0.0), 'f1': 0.0}
[2025-09-29 10:54:04,114][__main__][INFO] - Epoch 20/100: Train Loss: 0.4672, Val Loss: 0.4672
[2025-09-29 10:54:04,114][__main__][INFO] - Train Metrics: {'rmse': np.float64(0.3819643082896089), 'mae': 0.2922990620136261, 'accuracy': np.float64(0.8224979060094831), 'precision': 0.0, 'recall': np.float64(0.0), 'f1': 0.0}
[2025-09-29 10:54:04,114][__main__][INFO] - Val Metrics: {'rmse': np.float64(0.3819355944369182), 'mae': 0.2939129173755646, 'accuracy': np.float64(0.8225191663190599), 'precision': 0.0, 'recall': np.float64(0.0), 'f1': 0.0}
[2025-09-29 10:54:10,582][__main__][INFO] - Epoch 21/100: Train Loss: 0.4672, Val Loss: 0.4674
[2025-09-29 10:54:10,582][__main__][INFO] - Train Metrics: {'rmse': np.float64(0.38192451405784883), 'mae': 0.292206346988678, 'accuracy': np.float64(0.8224979060094831), 'precision': 0.0, 'recall': np.float64(0.0), 'f1': 0.0}
[2025-09-29 10:54:10,582][__main__][INFO] - Val Metrics: {'rmse': np.float64(0.3820215539930481), 'mae': 0.2854718863964081, 'accuracy': np.float64(0.8225191663190599), 'precision': 0.0, 'recall': np.float64(0.0), 'f1': 0.0}
[2025-09-29 10:54:17,180][__main__][INFO] - Epoch 22/100: Train Loss: 0.4671, Val Loss: 0.4671
[2025-09-29 10:54:17,180][__main__][INFO] - Train Metrics: {'rmse': np.float64(0.3819259381386542), 'mae': 0.2921335995197296, 'accuracy': np.float64(0.8224979060094831), 'precision': 0.0, 'recall': np.float64(0.0), 'f1': 0.0}
[2025-09-29 10:54:17,180][__main__][INFO] - Val Metrics: {'rmse': np.float64(0.38191470141151085), 'mae': 0.29061928391456604, 'accuracy': np.float64(0.8225191663190599), 'precision': 0.0, 'recall': np.float64(0.0), 'f1': 0.0}
[2025-09-29 10:54:23,506][__main__][INFO] - Epoch 23/100: Train Loss: 0.4672, Val Loss: 0.4672
[2025-09-29 10:54:23,506][__main__][INFO] - Train Metrics: {'rmse': np.float64(0.38195711052247594), 'mae': 0.2921946942806244, 'accuracy': np.float64(0.8224979060094831), 'precision': 0.0, 'recall': np.float64(0.0), 'f1': 0.0}
[2025-09-29 10:54:23,506][__main__][INFO] - Val Metrics: {'rmse': np.float64(0.3819428121165835), 'mae': 0.2946695387363434, 'accuracy': np.float64(0.8225191663190599), 'precision': 0.0, 'recall': np.float64(0.0), 'f1': 0.0}
[2025-09-29 10:54:29,868][__main__][INFO] - Epoch 24/100: Train Loss: 0.4671, Val Loss: 0.4671
[2025-09-29 10:54:29,868][__main__][INFO] - Train Metrics: {'rmse': np.float64(0.3819330389554767), 'mae': 0.29217904806137085, 'accuracy': np.float64(0.8224979060094831), 'precision': 0.0, 'recall': np.float64(0.0), 'f1': 0.0}
[2025-09-29 10:54:29,868][__main__][INFO] - Val Metrics: {'rmse': np.float64(0.38189562162794677), 'mae': 0.29276880621910095, 'accuracy': np.float64(0.8225191663190599), 'precision': 0.0, 'recall': np.float64(0.0), 'f1': 0.0}
[2025-09-29 10:54:30,128][__main__][INFO] - New best model saved: best_model_content_based.pth
[2025-09-29 10:54:36,379][__main__][INFO] - Epoch 25/100: Train Loss: 0.4671, Val Loss: 0.4672
[2025-09-29 10:54:36,379][__main__][INFO] - Train Metrics: {'rmse': np.float64(0.3819237142293144), 'mae': 0.2921266555786133, 'accuracy': np.float64(0.8224979060094831), 'precision': 0.0, 'recall': np.float64(0.0), 'f1': 0.0}
[2025-09-29 10:54:36,380][__main__][INFO] - Val Metrics: {'rmse': np.float64(0.38193787679901786), 'mae': 0.2948104739189148, 'accuracy': np.float64(0.8225191663190599), 'precision': 0.0, 'recall': np.float64(0.0), 'f1': 0.0}
[2025-09-29 10:54:42,697][__main__][INFO] - Epoch 26/100: Train Loss: 0.4671, Val Loss: 0.4672
[2025-09-29 10:54:42,697][__main__][INFO] - Train Metrics: {'rmse': np.float64(0.381919637028558), 'mae': 0.29210084676742554, 'accuracy': np.float64(0.8224979060094831), 'precision': 0.0, 'recall': np.float64(0.0), 'f1': 0.0}
[2025-09-29 10:54:42,697][__main__][INFO] - Val Metrics: {'rmse': np.float64(0.38193118573304835), 'mae': 0.29492419958114624, 'accuracy': np.float64(0.8225191663190599), 'precision': 0.0, 'recall': np.float64(0.0), 'f1': 0.0}
[2025-09-29 10:54:49,072][__main__][INFO] - Epoch 27/100: Train Loss: 0.4672, Val Loss: 0.4671
[2025-09-29 10:54:49,072][__main__][INFO] - Train Metrics: {'rmse': np.float64(0.38192898136202935), 'mae': 0.29225027561187744, 'accuracy': np.float64(0.8224979060094831), 'precision': 0.0, 'recall': np.float64(0.0), 'f1': 0.0}
[2025-09-29 10:54:49,072][__main__][INFO] - Val Metrics: {'rmse': np.float64(0.38190564936309795), 'mae': 0.2930386960506439, 'accuracy': np.float64(0.8225191663190599), 'precision': 0.0, 'recall': np.float64(0.0), 'f1': 0.0}
[2025-09-29 10:54:55,831][__main__][INFO] - Epoch 28/100: Train Loss: 0.4671, Val Loss: 0.4671
[2025-09-29 10:54:55,831][__main__][INFO] - Train Metrics: {'rmse': np.float64(0.38192722565919535), 'mae': 0.292145311832428, 'accuracy': np.float64(0.8224979060094831), 'precision': 0.0, 'recall': np.float64(0.0), 'f1': 0.0}
[2025-09-29 10:54:55,831][__main__][INFO] - Val Metrics: {'rmse': np.float64(0.3819094340818529), 'mae': 0.29253247380256653, 'accuracy': np.float64(0.8225191663190599), 'precision': 0.0, 'recall': np.float64(0.0), 'f1': 0.0}
[2025-09-29 10:55:02,116][__main__][INFO] - Epoch 29/100: Train Loss: 0.4672, Val Loss: 0.4671
[2025-09-29 10:55:02,118][__main__][INFO] - Train Metrics: {'rmse': np.float64(0.3819331950159023), 'mae': 0.29214322566986084, 'accuracy': np.float64(0.8224979060094831), 'precision': 0.0, 'recall': np.float64(0.0), 'f1': 0.0}
[2025-09-29 10:55:02,118][__main__][INFO] - Val Metrics: {'rmse': np.float64(0.38191401861361635), 'mae': 0.29331886768341064, 'accuracy': np.float64(0.8225191663190599), 'precision': 0.0, 'recall': np.float64(0.0), 'f1': 0.0}
[2025-09-29 10:55:08,959][__main__][INFO] - Epoch 30/100: Train Loss: 0.4671, Val Loss: 0.4672
[2025-09-29 10:55:08,959][__main__][INFO] - Train Metrics: {'rmse': np.float64(0.38192646485212745), 'mae': 0.2921511232852936, 'accuracy': np.float64(0.8224979060094831), 'precision': 0.0, 'recall': np.float64(0.0), 'f1': 0.0}
[2025-09-29 10:55:08,959][__main__][INFO] - Val Metrics: {'rmse': np.float64(0.38192402635772227), 'mae': 0.2946453094482422, 'accuracy': np.float64(0.8225191663190599), 'precision': 0.0, 'recall': np.float64(0.0), 'f1': 0.0}
[2025-09-29 10:55:15,222][__main__][INFO] - Epoch 31/100: Train Loss: 0.4672, Val Loss: 0.4674
[2025-09-29 10:55:15,222][__main__][INFO] - Train Metrics: {'rmse': np.float64(0.381915442733557), 'mae': 0.29214122891426086, 'accuracy': np.float64(0.8224979060094831), 'precision': 0.0, 'recall': np.float64(0.0), 'f1': 0.0}
[2025-09-29 10:55:15,222][__main__][INFO] - Val Metrics: {'rmse': np.float64(0.38200091922234986), 'mae': 0.2966127395629883, 'accuracy': np.float64(0.8225191663190599), 'precision': 0.0, 'recall': np.float64(0.0), 'f1': 0.0}
[2025-09-29 10:55:21,985][__main__][INFO] - Epoch 32/100: Train Loss: 0.4670, Val Loss: 0.4671
[2025-09-29 10:55:21,986][__main__][INFO] - Train Metrics: {'rmse': np.float64(0.38191031197517417), 'mae': 0.2922348976135254, 'accuracy': np.float64(0.8224979060094831), 'precision': 0.0, 'recall': np.float64(0.0), 'f1': 0.0}
[2025-09-29 10:55:21,986][__main__][INFO] - Val Metrics: {'rmse': np.float64(0.3819072100764072), 'mae': 0.2913168966770172, 'accuracy': np.float64(0.8225191663190599), 'precision': 0.0, 'recall': np.float64(0.0), 'f1': 0.0}
[2025-09-29 10:55:28,383][__main__][INFO] - Epoch 33/100: Train Loss: 0.4671, Val Loss: 0.4671
[2025-09-29 10:55:28,384][__main__][INFO] - Train Metrics: {'rmse': np.float64(0.3819194809625924), 'mae': 0.29202568531036377, 'accuracy': np.float64(0.8224979060094831), 'precision': 0.0, 'recall': np.float64(0.0), 'f1': 0.0}
[2025-09-29 10:55:28,384][__main__][INFO] - Val Metrics: {'rmse': np.float64(0.38189907478825763), 'mae': 0.29213643074035645, 'accuracy': np.float64(0.8225191663190599), 'precision': 0.0, 'recall': np.float64(0.0), 'f1': 0.0}
[2025-09-29 10:55:34,710][__main__][INFO] - Epoch 34/100: Train Loss: 0.4671, Val Loss: 0.4671
[2025-09-29 10:55:34,710][__main__][INFO] - Train Metrics: {'rmse': np.float64(0.38191107281442027), 'mae': 0.29214268922805786, 'accuracy': np.float64(0.8224979060094831), 'precision': 0.0, 'recall': np.float64(0.0), 'f1': 0.0}
[2025-09-29 10:55:34,710][__main__][INFO] - Val Metrics: {'rmse': np.float64(0.3819056883810084), 'mae': 0.29344233870506287, 'accuracy': np.float64(0.8225191663190599), 'precision': 0.0, 'recall': np.float64(0.0), 'f1': 0.0}
[2025-09-29 10:55:41,753][__main__][INFO] - Epoch 35/100: Train Loss: 0.4671, Val Loss: 0.4673
[2025-09-29 10:55:41,753][__main__][INFO] - Train Metrics: {'rmse': np.float64(0.38191727652401514), 'mae': 0.29218804836273193, 'accuracy': np.float64(0.8224979060094831), 'precision': 0.0, 'recall': np.float64(0.0), 'f1': 0.0}
[2025-09-29 10:55:41,753][__main__][INFO] - Val Metrics: {'rmse': np.float64(0.38196089473132), 'mae': 0.2949006259441376, 'accuracy': np.float64(0.8225191663190599), 'precision': 0.0, 'recall': np.float64(0.0), 'f1': 0.0}
[2025-09-29 10:55:48,055][__main__][INFO] - Epoch 36/100: Train Loss: 0.4671, Val Loss: 0.4672
[2025-09-29 10:55:48,055][__main__][INFO] - Train Metrics: {'rmse': np.float64(0.3819160279867875), 'mae': 0.2921294569969177, 'accuracy': np.float64(0.8224979060094831), 'precision': 0.0, 'recall': np.float64(0.0), 'f1': 0.0}
[2025-09-29 10:55:48,056][__main__][INFO] - Val Metrics: {'rmse': np.float64(0.3819423829610659), 'mae': 0.2942156493663788, 'accuracy': np.float64(0.8225191663190599), 'precision': 0.0, 'recall': np.float64(0.0), 'f1': 0.0}
[2025-09-29 10:55:48,324][__main__][INFO] - Early stopping after 36 epochs
[2025-09-29 10:55:48,324][__main__][INFO] - Training completed!
[2025-09-29 10:55:48,324][__main__][INFO] - Best validation loss: 0.4671
[2025-09-29 10:55:51,615][__main__][INFO] - MLflow run completed
