[2025-09-29 09:28:35,502][__main__][INFO] - Configuration:
[2025-09-29 09:28:35,503][__main__][INFO] - model:
  name: hybrid
  type: HybridModel
  embedding_dim: 50
  genre_embedding_dim: 32
  collaborative_weight: 0.7
  content_weight: 0.3
  fusion_dims:
  - 256
  - 128
  dropout: 0.2
  description: Combined collaborative and content-based approach
train:
  name: production
  batch_size: 256
  learning_rate: 0.005
  weight_decay: 5.0e-05
  epochs: 100
  patience: 10
  min_delta: 1.0e-05
  optimizer:
    type: adam
    betas:
    - 0.9
    - 0.999
    eps: 1.0e-08
    amsgrad: true
  scheduler:
    type: cosine
    T_max: 100
    eta_min: 1.0e-06
  loss:
    type: bce
    reduction: mean
  validation:
    val_ratio: 0.2
    val_batch_size: 512
    val_frequency: 1
    early_stopping: true
  metrics:
  - rmse
  - mae
  - precision@5
  - precision@10
  - precision@20
  - recall@5
  - recall@10
  - recall@20
  - ndcg@10
  - f1
  top_k:
  - 5
  - 10
  - 20
  - 50
data:
  name: default
  data_dir: data
  raw_data_dir: data/raw
  min_ratings_per_user: 5
  min_ratings_per_movie: 5
  rating_threshold: 3.0
  negative_sampling: true
  negative_sampling_ratio: 4
  validation_ratio: 0.2
  test_ratio: 0.1
  seed: 42
optimizer:
  type: adam
  betas:
  - 0.9
  - 0.999
  eps: 1.0e-08
  amsgrad: false
experiment:
  name: production_first
  tags:
  - collaborative_filtering
  - pytorch
  notes: Training movie recommendation models with different configurations
seed: 42
device: auto
mlflow:
  tracking_uri: null
  experiment_name: ${experiment.name}
  enable: true
  log_models: true
  log_artifacts: true

[2025-09-29 09:28:35,597][__main__][INFO] - MLflow run started: 09d27ce33a50452384cd2173b27df77b
[2025-09-29 09:28:35,597][__main__][INFO] - Using device: cuda
[2025-09-29 09:28:35,621][__main__][INFO] - Loading data...
[2025-09-29 09:28:35,660][__main__][INFO] - Loaded 100836 user-movie interactions
[2025-09-29 09:28:35,660][__main__][INFO] - Users: 610, Movies: 9742
[2025-09-29 09:28:36,412][__main__][INFO] - Creating model: HybridModel
[2025-09-29 09:28:36,529][__main__][INFO] - Model created with 549,154 parameters
[2025-09-29 09:28:36,592][__main__][INFO] - Starting training...
[2025-09-29 09:28:41,321][__main__][INFO] - Epoch 1/100: Train Loss: 0.3653, Val Loss: 0.3509
[2025-09-29 09:28:41,321][__main__][INFO] - Train Metrics: {'rmse': np.float64(0.3344784924074543), 'mae': 0.2251090407371521, 'accuracy': np.float64(0.8472016018578099), 'precision': np.float64(0.6434056761268782), 'recall': np.float64(0.31221013832351097), 'f1': np.float64(0.4204153428692202)}
[2025-09-29 09:28:41,321][__main__][INFO] - Val Metrics: {'rmse': np.float64(0.3295353258042762), 'mae': 0.22120116651058197, 'accuracy': np.float64(0.8480215180587719), 'precision': np.float64(0.6030933829515059), 'recall': np.float64(0.42029337871788636), 'f1': np.float64(0.49536727481134774)}
[2025-09-29 09:28:41,556][__main__][INFO] - New best model saved: best_model_hybrid.pth
[2025-09-29 09:28:46,740][__main__][INFO] - Epoch 2/100: Train Loss: 0.3367, Val Loss: 0.3429
[2025-09-29 09:28:46,740][__main__][INFO] - Train Metrics: {'rmse': np.float64(0.3229814382422079), 'mae': 0.2098320722579956, 'accuracy': np.float64(0.8537621730049573), 'precision': np.float64(0.6663478826364715), 'recall': np.float64(0.35277558377382184), 'f1': np.float64(0.4613204798855902)}
[2025-09-29 09:28:46,740][__main__][INFO] - Val Metrics: {'rmse': np.float64(0.3259444900377603), 'mae': 0.20802083611488342, 'accuracy': np.float64(0.8507544265926384), 'precision': np.float64(0.6252712188895979), 'recall': np.float64(0.3970337952832482), 'f1': np.float64(0.48567463071279854)}
[2025-09-29 09:28:47,041][__main__][INFO] - New best model saved: best_model_hybrid.pth
[2025-09-29 09:28:52,102][__main__][INFO] - Epoch 3/100: Train Loss: 0.3287, Val Loss: 0.3426
[2025-09-29 09:28:52,102][__main__][INFO] - Train Metrics: {'rmse': np.float64(0.32033365458901725), 'mae': 0.2063215672969818, 'accuracy': np.float64(0.8559226679416343), 'precision': np.float64(0.6697334793720335), 'recall': np.float64(0.37150900216700083), 'f1': np.float64(0.4779136868706605)}
[2025-09-29 09:28:52,102][__main__][INFO] - Val Metrics: {'rmse': np.float64(0.3255540055221156), 'mae': 0.20695723593235016, 'accuracy': np.float64(0.8518907411935619), 'precision': np.float64(0.6292732337300583), 'recall': np.float64(0.4027879082583678), 'f1': np.float64(0.49117952265652026)}
[2025-09-29 09:28:52,352][__main__][INFO] - New best model saved: best_model_hybrid.pth
[2025-09-29 09:28:57,230][__main__][INFO] - Epoch 4/100: Train Loss: 0.3242, Val Loss: 0.3451
[2025-09-29 09:28:57,230][__main__][INFO] - Train Metrics: {'rmse': np.float64(0.3189237775382822), 'mae': 0.20414084196090698, 'accuracy': np.float64(0.8572275925040532), 'precision': np.float64(0.675164086013707), 'recall': np.float64(0.37707839682443245), 'f1': np.float64(0.4838994724120904)}
[2025-09-29 09:28:57,230][__main__][INFO] - Val Metrics: {'rmse': np.float64(0.32670831254061355), 'mae': 0.2206984907388687, 'accuracy': np.float64(0.8524373229003351), 'precision': np.float64(0.62261259136996), 'recall': np.float64(0.4279925439662858), 'f1': np.float64(0.5072763075740839)}
[2025-09-29 09:29:02,434][__main__][INFO] - Epoch 5/100: Train Loss: 0.3223, Val Loss: 0.3436
[2025-09-29 09:29:02,434][__main__][INFO] - Train Metrics: {'rmse': np.float64(0.3182857638953335), 'mae': 0.20332269370555878, 'accuracy': np.float64(0.8578099555319095), 'precision': np.float64(0.6768062205262968), 'recall': np.float64(0.3807643234704417), 'f1': np.float64(0.4873503032816631)}
[2025-09-29 09:29:02,434][__main__][INFO] - Val Metrics: {'rmse': np.float64(0.32432121358293303), 'mae': 0.2068474441766739, 'accuracy': np.float64(0.8521640320469485), 'precision': np.float64(0.6564920273348519), 'recall': np.float64(0.350352540724532), 'f1': np.float64(0.4568801521876982)}
[2025-09-29 09:29:07,794][__main__][INFO] - Epoch 6/100: Train Loss: 0.3201, Val Loss: 0.3435
[2025-09-29 09:29:07,794][__main__][INFO] - Train Metrics: {'rmse': np.float64(0.317680184362828), 'mae': 0.20235222578048706, 'accuracy': np.float64(0.8578135503654148), 'precision': np.float64(0.676741508347726), 'recall': np.float64(0.3809060898799036), 'f1': np.float64(0.4874496235534995)}
[2025-09-29 09:29:07,794][__main__][INFO] - Val Metrics: {'rmse': np.float64(0.32388855309361747), 'mae': 0.20503167808055878, 'accuracy': np.float64(0.8526530788372193), 'precision': np.float64(0.6385032394552427), 'recall': np.float64(0.39136072615284867), 'f1': np.float64(0.4852778615214551)}
[2025-09-29 09:29:12,882][__main__][INFO] - Epoch 7/100: Train Loss: 0.3186, Val Loss: 0.3418
[2025-09-29 09:29:12,882][__main__][INFO] - Train Metrics: {'rmse': np.float64(0.31710211445498326), 'mae': 0.201649010181427, 'accuracy': np.float64(0.8586727155731783), 'precision': np.float64(0.678986873465903), 'recall': np.float64(0.3865564939141706), 'f1': np.float64(0.4926440223002271)}
[2025-09-29 09:29:12,882][__main__][INFO] - Val Metrics: {'rmse': np.float64(0.3243821662963831), 'mae': 0.21273060142993927, 'accuracy': np.float64(0.852926369690606), 'precision': np.float64(0.6496743132257151), 'recall': np.float64(0.37182915957533025), 'f1': np.float64(0.47296531106643985)}
[2025-09-29 09:29:13,131][__main__][INFO] - New best model saved: best_model_hybrid.pth
[2025-09-29 09:29:18,159][__main__][INFO] - Epoch 8/100: Train Loss: 0.3174, Val Loss: 0.3479
[2025-09-29 09:29:18,159][__main__][INFO] - Train Metrics: {'rmse': np.float64(0.31670199806765315), 'mae': 0.20107172429561615, 'accuracy': np.float64(0.8587482070767892), 'precision': np.float64(0.6790610128560267), 'recall': np.float64(0.3872450736172712), 'f1': np.float64(0.4932224156832398)}
[2025-09-29 09:29:18,159][__main__][INFO] - Val Metrics: {'rmse': np.float64(0.3248196628809125), 'mae': 0.20020166039466858, 'accuracy': np.float64(0.8525092415459632), 'precision': np.float64(0.6417403127124405), 'recall': np.float64(0.3825269470783694), 'f1': np.float64(0.4793338072509394)}
[2025-09-29 09:29:23,477][__main__][INFO] - Epoch 9/100: Train Loss: 0.3158, Val Loss: 0.3423
[2025-09-29 09:29:23,478][__main__][INFO] - Train Metrics: {'rmse': np.float64(0.3160805615451838), 'mae': 0.20021340250968933, 'accuracy': np.float64(0.8590286040902015), 'precision': np.float64(0.6791228936050201), 'recall': np.float64(0.39014115883913564), 'f1': np.float64(0.49558159577068034)}
[2025-09-29 09:29:23,478][__main__][INFO] - Val Metrics: {'rmse': np.float64(0.32387915601459966), 'mae': 0.2065669596195221, 'accuracy': np.float64(0.852739381211973), 'precision': np.float64(0.6657201451333018), 'recall': np.float64(0.34200502471837263), 'f1': np.float64(0.4518685084056109)}
[2025-09-29 09:29:28,537][__main__][INFO] - Epoch 10/100: Train Loss: 0.3146, Val Loss: 0.3461
[2025-09-29 09:29:28,537][__main__][INFO] - Train Metrics: {'rmse': np.float64(0.31512007265956016), 'mae': 0.19914036989212036, 'accuracy': np.float64(0.8599488814675549), 'precision': np.float64(0.6791758392955421), 'recall': np.float64(0.39988253640358873), 'f1': np.float64(0.5033843643641093)}
[2025-09-29 09:29:28,537][__main__][INFO] - Val Metrics: {'rmse': np.float64(0.32471656498501045), 'mae': 0.2081267237663269, 'accuracy': np.float64(0.852293485609079), 'precision': np.float64(0.6339285714285714), 'recall': np.float64(0.3970337952832482), 'f1': np.float64(0.4882643145462699)}
[2025-09-29 09:29:33,970][__main__][INFO] - Epoch 11/100: Train Loss: 0.3109, Val Loss: 0.3425
[2025-09-29 09:29:33,970][__main__][INFO] - Train Metrics: {'rmse': np.float64(0.3134831935858595), 'mae': 0.19711631536483765, 'accuracy': np.float64(0.8607936673412971), 'precision': np.float64(0.6768485009462466), 'recall': np.float64(0.41286428904145656), 'f1': np.float64(0.5128811512528932)}
[2025-09-29 09:29:33,970][__main__][INFO] - Val Metrics: {'rmse': np.float64(0.323449543714887), 'mae': 0.20552825927734375, 'accuracy': np.float64(0.8528256835867267), 'precision': np.float64(0.6426154054419927), 'recall': np.float64(0.3847151308858092), 'f1': np.float64(0.4812937240190612)}
[2025-09-29 09:29:39,125][__main__][INFO] - Epoch 12/100: Train Loss: 0.3073, Val Loss: 0.3406
[2025-09-29 09:29:39,126][__main__][INFO] - Train Metrics: {'rmse': np.float64(0.31204994695785554), 'mae': 0.19538813829421997, 'accuracy': np.float64(0.8613257027000795), 'precision': np.float64(0.6753579894145534), 'recall': np.float64(0.4212285071997084), 'f1': np.float64(0.5188465088432659)}
[2025-09-29 09:29:39,126][__main__][INFO] - Val Metrics: {'rmse': np.float64(0.32315449519170203), 'mae': 0.20626217126846313, 'accuracy': np.float64(0.8526386951080938), 'precision': np.float64(0.6333078686019863), 'recall': np.float64(0.40311208363724776), 'f1': np.float64(0.4926459664240083)}
[2025-09-29 09:29:39,381][__main__][INFO] - New best model saved: best_model_hybrid.pth
[2025-09-29 09:29:44,614][__main__][INFO] - Epoch 13/100: Train Loss: 0.3034, Val Loss: 0.3453
[2025-09-29 09:29:44,614][__main__][INFO] - Train Metrics: {'rmse': np.float64(0.3102075294170804), 'mae': 0.19316446781158447, 'accuracy': np.float64(0.8618002207227772), 'precision': np.float64(0.67156262749898), 'recall': np.float64(0.43335966138080484), 'f1': np.float64(0.5267848350566224)}
[2025-09-29 09:29:44,614][__main__][INFO] - Val Metrics: {'rmse': np.float64(0.32363726855141517), 'mae': 0.20646558701992035, 'accuracy': np.float64(0.8531277418983646), 'precision': np.float64(0.6178555604785113), 'recall': np.float64(0.4520625658481238), 'f1': np.float64(0.5221135395703655)}
[2025-09-29 09:29:49,747][__main__][INFO] - Epoch 14/100: Train Loss: 0.2989, Val Loss: 0.3423
[2025-09-29 09:29:49,747][__main__][INFO] - Train Metrics: {'rmse': np.float64(0.30829751004213635), 'mae': 0.19074441492557526, 'accuracy': np.float64(0.8626414117630142), 'precision': np.float64(0.6653145817912657), 'recall': np.float64(0.4550904267168925), 'f1': np.float64(0.5404800846642294)}
[2025-09-29 09:29:49,748][__main__][INFO] - Val Metrics: {'rmse': np.float64(0.3234312881573495), 'mae': 0.2100835144519806, 'accuracy': np.float64(0.8529551371488572), 'precision': np.float64(0.6230232558139535), 'recall': np.float64(0.43423292000972524), 'f1': np.float64(0.5117722909403505)}
[2025-09-29 09:29:55,031][__main__][INFO] - Epoch 15/100: Train Loss: 0.2958, Val Loss: 0.3372
[2025-09-29 09:29:55,032][__main__][INFO] - Train Metrics: {'rmse': np.float64(0.3070831022084857), 'mae': 0.18942134082317352, 'accuracy': np.float64(0.8636551548115049), 'precision': np.float64(0.6656538472668345), 'recall': np.float64(0.4658646738359965), 'f1': np.float64(0.5481211428026783)}
[2025-09-29 09:29:55,032][__main__][INFO] - Val Metrics: {'rmse': np.float64(0.3204419990768344), 'mae': 0.19841617345809937, 'accuracy': np.float64(0.8557168131409749), 'precision': np.float64(0.6602777777777777), 'recall': np.float64(0.3852824377988492), 'f1': np.float64(0.4866165105686064)}
[2025-09-29 09:29:55,300][__main__][INFO] - New best model saved: best_model_hybrid.pth
[2025-09-29 09:30:00,259][__main__][INFO] - Epoch 16/100: Train Loss: 0.2926, Val Loss: 0.3389
[2025-09-29 09:30:00,259][__main__][INFO] - Train Metrics: {'rmse': np.float64(0.30564068592126115), 'mae': 0.18749083578586578, 'accuracy': np.float64(0.8646401391919534), 'precision': np.float64(0.6652756238545044), 'recall': np.float64(0.4778338092634222), 'f1': np.float64(0.5561867942764197)}
[2025-09-29 09:30:00,259][__main__][INFO] - Val Metrics: {'rmse': np.float64(0.3213913009905731), 'mae': 0.20159262418746948, 'accuracy': np.float64(0.8554579060167139), 'precision': np.float64(0.6283344541582605), 'recall': np.float64(0.45433179350028363), 'f1': np.float64(0.5273505479516486)}
[2025-09-29 09:30:05,634][__main__][INFO] - Epoch 17/100: Train Loss: 0.2897, Val Loss: 0.3449
[2025-09-29 09:30:05,634][__main__][INFO] - Train Metrics: {'rmse': np.float64(0.30439493609472773), 'mae': 0.18608111143112183, 'accuracy': np.float64(0.865326752391463), 'precision': np.float64(0.6644762272902976), 'recall': np.float64(0.48739291572999577), 'f1': np.float64(0.5623225655704188)}
[2025-09-29 09:30:05,634][__main__][INFO] - Val Metrics: {'rmse': np.float64(0.32106150305104764), 'mae': 0.194691464304924, 'accuracy': np.float64(0.8558031155157286), 'precision': np.float64(0.6397005554213958), 'recall': np.float64(0.42937028932652566), 'f1': np.float64(0.5138451093545415)}
[2025-09-29 09:30:10,728][__main__][INFO] - Epoch 18/100: Train Loss: 0.2874, Val Loss: 0.3435
[2025-09-29 09:30:10,728][__main__][INFO] - Train Metrics: {'rmse': np.float64(0.303753901935366), 'mae': 0.18524806201457977, 'accuracy': np.float64(0.8652584505548625), 'precision': np.float64(0.6625222024866785), 'recall': np.float64(0.4910180853433785), 'f1': np.float64(0.5640208439957195)}
[2025-09-29 09:30:10,728][__main__][INFO] - Val Metrics: {'rmse': np.float64(0.32009631514217396), 'mae': 0.19649264216423035, 'accuracy': np.float64(0.8561483250147434), 'precision': np.float64(0.6397990911265248), 'recall': np.float64(0.4335845692519653), 'f1': np.float64(0.5168832423554418)}
[2025-09-29 09:30:16,028][__main__][INFO] - Epoch 19/100: Train Loss: 0.2860, Val Loss: 0.3384
[2025-09-29 09:30:16,028][__main__][INFO] - Train Metrics: {'rmse': np.float64(0.3031353786500773), 'mae': 0.1844344437122345, 'accuracy': np.float64(0.8657832962466343), 'precision': np.float64(0.6627646056935845), 'recall': np.float64(0.49648621827976586), 'f1': np.float64(0.5677002524141445)}
[2025-09-29 09:30:16,028][__main__][INFO] - Val Metrics: {'rmse': np.float64(0.32034783052192417), 'mae': 0.2023734450340271, 'accuracy': np.float64(0.8556161270370957), 'precision': np.float64(0.6271130261849519), 'recall': np.float64(0.4600048626306832), 'f1': np.float64(0.5307152875175316)}
[2025-09-29 09:30:21,211][__main__][INFO] - Epoch 20/100: Train Loss: 0.2839, Val Loss: 0.3377
[2025-09-29 09:30:21,211][__main__][INFO] - Train Metrics: {'rmse': np.float64(0.30196886798833045), 'mae': 0.18309326469898224, 'accuracy': np.float64(0.8663009522713956), 'precision': np.float64(0.6619441269503734), 'recall': np.float64(0.5043441278327967), 'f1': np.float64(0.5724959194464241)}
[2025-09-29 09:30:21,212][__main__][INFO] - Val Metrics: {'rmse': np.float64(0.319772253109936), 'mae': 0.19775255024433136, 'accuracy': np.float64(0.8568099765545215), 'precision': np.float64(0.6401693320790216), 'recall': np.float64(0.4412026906556447), 'f1': np.float64(0.5223816149306721)}
[2025-09-29 09:30:26,340][__main__][INFO] - Epoch 21/100: Train Loss: 0.2829, Val Loss: 0.3418
[2025-09-29 09:30:26,341][__main__][INFO] - Train Metrics: {'rmse': np.float64(0.30134089535076414), 'mae': 0.18241040408611298, 'accuracy': np.float64(0.8673111004863809), 'precision': np.float64(0.6647721264671672), 'recall': np.float64(0.5092856998197541), 'f1': np.float64(0.576732985493951)}
[2025-09-29 09:30:26,341][__main__][INFO] - Val Metrics: {'rmse': np.float64(0.31875183628525716), 'mae': 0.19052822887897491, 'accuracy': np.float64(0.8579750586136962), 'precision': np.float64(0.6258552026958031), 'recall': np.float64(0.49671772428884026), 'f1': np.float64(0.5538586661847098)}
[2025-09-29 09:30:31,633][__main__][INFO] - Epoch 22/100: Train Loss: 0.2809, Val Loss: 0.3362
[2025-09-29 09:30:31,633][__main__][INFO] - Train Metrics: {'rmse': np.float64(0.30061695020688056), 'mae': 0.18135777115821838, 'accuracy': np.float64(0.8681558863601232), 'precision': np.float64(0.6667279266979967), 'recall': np.float64(0.514308281183547), 'f1': np.float64(0.5806827795943567)}
[2025-09-29 09:30:31,633][__main__][INFO] - Val Metrics: {'rmse': np.float64(0.3192081370669078), 'mae': 0.199392169713974, 'accuracy': np.float64(0.8569681975749033), 'precision': np.float64(0.6225565448776993), 'recall': np.float64(0.49298970743172055), 'f1': np.float64(0.5502487562189056)}
[2025-09-29 09:30:31,887][__main__][INFO] - New best model saved: best_model_hybrid.pth
[2025-09-29 09:30:36,659][__main__][INFO] - Epoch 23/100: Train Loss: 0.2802, Val Loss: 0.3436
[2025-09-29 09:30:36,659][__main__][INFO] - Train Metrics: {'rmse': np.float64(0.30032946357093343), 'mae': 0.18102365732192993, 'accuracy': np.float64(0.8676849631709307), 'precision': np.float64(0.6636463052648024), 'recall': np.float64(0.5161917491949694), 'f1': np.float64(0.5807046922524862)}
[2025-09-29 09:30:36,659][__main__][INFO] - Val Metrics: {'rmse': np.float64(0.3191096002446911), 'mae': 0.19272182881832123, 'accuracy': np.float64(0.8572558721574155), 'precision': np.float64(0.6264530317310714), 'recall': np.float64(0.48480427911500124), 'f1': np.float64(0.5466008771929824)}
[2025-09-29 09:30:41,872][__main__][INFO] - Epoch 24/100: Train Loss: 0.2790, Val Loss: 0.3379
[2025-09-29 09:30:41,872][__main__][INFO] - Train Metrics: {'rmse': np.float64(0.2995470661092878), 'mae': 0.18011046946048737, 'accuracy': np.float64(0.868680732051895), 'precision': np.float64(0.6653367995675787), 'recall': np.float64(0.5235028454543613), 'f1': np.float64(0.5859591059527588)}
[2025-09-29 09:30:41,872][__main__][INFO] - Val Metrics: {'rmse': np.float64(0.31923685665752133), 'mae': 0.19754977524280548, 'accuracy': np.float64(0.8572558721574155), 'precision': np.float64(0.6239860355272615), 'recall': np.float64(0.4925034443634006), 'f1': np.float64(0.5505027629314249)}
[2025-09-29 09:30:47,154][__main__][INFO] - Epoch 25/100: Train Loss: 0.2772, Val Loss: 0.3401
[2025-09-29 09:30:47,154][__main__][INFO] - Train Metrics: {'rmse': np.float64(0.29890100674933473), 'mae': 0.1794338971376419, 'accuracy': np.float64(0.8690905430714977), 'precision': np.float64(0.6668211187479085), 'recall': np.float64(0.5246167243858476), 'f1': np.float64(0.5872324990932172)}
[2025-09-29 09:30:47,154][__main__][INFO] - Val Metrics: {'rmse': np.float64(0.3177714858320498), 'mae': 0.19138140976428986, 'accuracy': np.float64(0.8585216403204695), 'precision': np.float64(0.6474955804360636), 'recall': np.float64(0.4452548828916444), 'f1': np.float64(0.5276603918555512)}
[2025-09-29 09:30:52,629][__main__][INFO] - Epoch 26/100: Train Loss: 0.2765, Val Loss: 0.3428
[2025-09-29 09:30:52,629][__main__][INFO] - Train Metrics: {'rmse': np.float64(0.29846539641613007), 'mae': 0.17882418632507324, 'accuracy': np.float64(0.8695578714271849), 'precision': np.float64(0.6666412077700552), 'recall': np.float64(0.5303076331085324), 'f1': np.float64(0.5907101606208266)}
[2025-09-29 09:30:52,630][__main__][INFO] - Val Metrics: {'rmse': np.float64(0.3198147488422361), 'mae': 0.19605669379234314, 'accuracy': np.float64(0.8552709175380809), 'precision': np.float64(0.613747627135578), 'recall': np.float64(0.4978523381149202), 'f1': np.float64(0.5497583676391623)}
[2025-09-29 09:30:57,754][__main__][INFO] - Epoch 27/100: Train Loss: 0.2754, Val Loss: 0.3375
[2025-09-29 09:30:57,755][__main__][INFO] - Train Metrics: {'rmse': np.float64(0.29792422049400336), 'mae': 0.17815625667572021, 'accuracy': np.float64(0.8704422004694853), 'precision': np.float64(0.6686562634361011), 'recall': np.float64(0.5354314761933694), 'f1': np.float64(0.5946736245445139)}
[2025-09-29 09:30:57,755][__main__][INFO] - Val Metrics: {'rmse': np.float64(0.31791598798438575), 'mae': 0.1961154192686081, 'accuracy': np.float64(0.8571120348661594), 'precision': np.float64(0.6259821896280775), 'recall': np.float64(0.48423697220196127), 'f1': np.float64(0.5460610491683422)}
[2025-09-29 09:31:02,980][__main__][INFO] - Epoch 28/100: Train Loss: 0.2745, Val Loss: 0.3378
[2025-09-29 09:31:02,981][__main__][INFO] - Train Metrics: {'rmse': np.float64(0.29735254478177087), 'mae': 0.1773933619260788, 'accuracy': np.float64(0.8707873044859927), 'precision': np.float64(0.6689898100389986), 'recall': np.float64(0.5384895801689046), 'f1': np.float64(0.5966876865420435)}
[2025-09-29 09:31:02,981][__main__][INFO] - Val Metrics: {'rmse': np.float64(0.31803459732244754), 'mae': 0.1975235790014267, 'accuracy': np.float64(0.8568099765545215), 'precision': np.float64(0.6197267979108075), 'recall': np.float64(0.50004052192236), 'f1': np.float64(0.5534873289975332)}
[2025-09-29 09:31:07,947][__main__][INFO] - Epoch 29/100: Train Loss: 0.2729, Val Loss: 0.3397
[2025-09-29 09:31:07,947][__main__][INFO] - Train Metrics: {'rmse': np.float64(0.2966386582091109), 'mae': 0.17662017047405243, 'accuracy': np.float64(0.8710748911664157), 'precision': np.float64(0.6700732499307775), 'recall': np.float64(0.5391174028393787), 'f1': np.float64(0.5975040402226612)}
[2025-09-29 09:31:07,947][__main__][INFO] - Val Metrics: {'rmse': np.float64(0.31794935865578994), 'mae': 0.19151341915130615, 'accuracy': np.float64(0.8574716280942998), 'precision': np.float64(0.625309405940594), 'recall': np.float64(0.49136883053732067), 'f1': np.float64(0.5503063308373043)}
[2025-09-29 09:31:13,175][__main__][INFO] - Epoch 30/100: Train Loss: 0.2718, Val Loss: 0.3370
[2025-09-29 09:31:13,175][__main__][INFO] - Train Metrics: {'rmse': np.float64(0.2960767932354382), 'mae': 0.17590799927711487, 'accuracy': np.float64(0.872120987716454), 'precision': np.float64(0.6726881505204163), 'recall': np.float64(0.5445045263989307), 'f1': np.float64(0.601846773742235)}
[2025-09-29 09:31:13,175][__main__][INFO] - Val Metrics: {'rmse': np.float64(0.3167855967479057), 'mae': 0.19240060448646545, 'accuracy': np.float64(0.8600031644204076), 'precision': np.float64(0.6405306298533219), 'recall': np.float64(0.48131939379204147), 'f1': np.float64(0.5496275045115914)}
[2025-09-29 09:31:18,562][__main__][INFO] - Epoch 31/100: Train Loss: 0.2718, Val Loss: 0.3407
[2025-09-29 09:31:18,563][__main__][INFO] - Train Metrics: {'rmse': np.float64(0.295871141641437), 'mae': 0.17578770220279694, 'accuracy': np.float64(0.8718765390380945), 'precision': np.float64(0.6705911574764034), 'recall': np.float64(0.546772788950321), 'f1': np.float64(0.6023851757644723)}
[2025-09-29 09:31:18,563][__main__][INFO] - Val Metrics: {'rmse': np.float64(0.31756007012990045), 'mae': 0.1872120201587677, 'accuracy': np.float64(0.8576154653855559), 'precision': np.float64(0.6282320790414126), 'recall': np.float64(0.48439905989140125), 'f1': np.float64(0.5470187159657713)}
[2025-09-29 09:31:23,424][__main__][INFO] - Epoch 32/100: Train Loss: 0.2706, Val Loss: 0.3410
[2025-09-29 09:31:23,425][__main__][INFO] - Train Metrics: {'rmse': np.float64(0.2954232835611486), 'mae': 0.17512919008731842, 'accuracy': np.float64(0.8719484357082001), 'precision': np.float64(0.6708904790300139), 'recall': np.float64(0.5468537983271564), 'f1': np.float64(0.602555090655509)}
[2025-09-29 09:31:23,425][__main__][INFO] - Val Metrics: {'rmse': np.float64(0.31764741871233987), 'mae': 0.19406133890151978, 'accuracy': np.float64(0.8580469772593242), 'precision': np.float64(0.6301369863013698), 'recall': np.float64(0.48464219142556125), 'f1': np.float64(0.5478950020614778)}
[2025-09-29 09:31:23,697][__main__][INFO] - Early stopping after 32 epochs
[2025-09-29 09:31:23,698][__main__][INFO] - Training completed!
[2025-09-29 09:31:23,698][__main__][INFO] - Best validation loss: 0.3362
[2025-09-29 09:31:27,002][__main__][INFO] - MLflow run completed
