[2025-09-28 19:35:30,383][__main__][INFO] - Configuration:
[2025-09-28 19:35:30,385][__main__][INFO] - model:
  name: collaborative
  type: CollaborativeFilteringModel
  embedding_dim: 50
  dropout: 0.2
  bias: true
  init_mean: 0.0
  init_std: 0.1
  description: Matrix factorization with user and movie embeddings
train:
  name: default
  batch_size: 256
  learning_rate: 0.01
  weight_decay: 0.0001
  epochs: 2
  patience: 5
  min_delta: 0.0001
  scheduler:
    type: reduce_on_plateau
    factor: 0.5
    patience: 3
    min_lr: 1.0e-06
    verbose: true
  loss:
    type: bce
    margin: 1.0
    reduction: mean
  validation:
    val_ratio: 0.2
    val_batch_size: 512
    val_frequency: 1
    early_stopping: true
  metrics:
  - rmse
  - mae
  - precision@10
  - recall@10
  - ndcg@10
  top_k:
  - 5
  - 10
  - 20
data:
  name: default
  data_dir: data
  raw_data_dir: data/raw
  min_ratings_per_user: 5
  min_ratings_per_movie: 5
  rating_threshold: 3.0
  negative_sampling: true
  negative_sampling_ratio: 4
  validation_ratio: 0.2
  test_ratio: 0.1
  seed: 42
optimizer:
  type: sgd
  momentum: 0.9
  dampening: 0.0
  nesterov: false
experiment:
  name: movie_recommendation
  tags:
  - collaborative_filtering
  - pytorch
  notes: Training movie recommendation models with different configurations
seed: 42
device: auto

[2025-09-28 19:35:30,397][__main__][INFO] - Using device: cuda
[2025-09-28 19:35:30,397][__main__][INFO] - Loading data...
[2025-09-28 19:35:30,436][__main__][INFO] - Loaded 100836 user-movie interactions
[2025-09-28 19:35:30,436][__main__][INFO] - Users: 610, Movies: 9742
[2025-09-28 19:35:31,073][__main__][INFO] - Creating model: CollaborativeFilteringModel
[2025-09-28 19:35:31,132][__main__][INFO] - Model created with 527,953 parameters
[2025-09-28 19:35:31,788][__main__][INFO] - Starting training...
[2025-09-28 19:35:35,571][__main__][INFO] - Epoch 1/2: Train Loss: 0.4726, Val Loss: 0.4660
[2025-09-28 19:35:35,571][__main__][INFO] - Train Metrics: {'rmse': np.float64(0.3850297166762694), 'mae': 0.30091068148612976, 'accuracy': np.float64(0.8218436463115211), 'precision': np.float64(0.2064516129032258), 'recall': np.float64(0.001296150029365899), 'f1': np.float64(0.0025761265522168775)}
[2025-09-28 19:35:35,571][__main__][INFO] - Val Metrics: {'rmse': np.float64(0.381469296874758), 'mae': 0.2907498776912689, 'accuracy': np.float64(0.8225191663190599), 'precision': 0.0, 'recall': np.float64(0.0), 'f1': 0.0}
[2025-09-28 19:35:35,576][__main__][INFO] - New best model saved: best_model_collaborative.pth
[2025-09-28 19:35:39,342][__main__][INFO] - Epoch 2/2: Train Loss: 0.4652, Val Loss: 0.4645
[2025-09-28 19:35:39,342][__main__][INFO] - Train Metrics: {'rmse': np.float64(0.38115997189534795), 'mae': 0.29119545221328735, 'accuracy': np.float64(0.8224979060094831), 'precision': 0.0, 'recall': np.float64(0.0), 'f1': 0.0}
[2025-09-28 19:35:39,342][__main__][INFO] - Val Metrics: {'rmse': np.float64(0.38086651526384724), 'mae': 0.29189130663871765, 'accuracy': np.float64(0.8225191663190599), 'precision': 0.0, 'recall': np.float64(0.0), 'f1': 0.0}
[2025-09-28 19:35:39,349][__main__][INFO] - New best model saved: best_model_collaborative.pth
[2025-09-28 19:35:39,349][__main__][INFO] - Training completed!
[2025-09-28 19:35:39,350][__main__][INFO] - Best validation loss: 0.4645
