[2025-09-29 09:20:07,067][__main__][INFO] - Configuration:
[2025-09-29 09:20:07,068][__main__][INFO] - model:
  name: collaborative
  type: CollaborativeFilteringModel
  embedding_dim: 50
  dropout: 0.2
  bias: true
  init_mean: 0.0
  init_std: 0.1
  description: Matrix factorization with user and movie embeddings
train:
  name: production
  batch_size: 256
  learning_rate: 0.005
  weight_decay: 5.0e-05
  epochs: 100
  patience: 10
  min_delta: 1.0e-05
  optimizer:
    type: adam
    betas:
    - 0.9
    - 0.999
    eps: 1.0e-08
    amsgrad: true
  scheduler:
    type: cosine
    T_max: 100
    eta_min: 1.0e-06
  loss:
    type: bce
    reduction: mean
  validation:
    val_ratio: 0.2
    val_batch_size: 512
    val_frequency: 1
    early_stopping: true
  metrics:
  - rmse
  - mae
  - precision@5
  - precision@10
  - precision@20
  - recall@5
  - recall@10
  - recall@20
  - ndcg@10
  - f1
  top_k:
  - 5
  - 10
  - 20
  - 50
data:
  name: default
  data_dir: data
  raw_data_dir: data/raw
  min_ratings_per_user: 5
  min_ratings_per_movie: 5
  rating_threshold: 3.0
  negative_sampling: true
  negative_sampling_ratio: 4
  validation_ratio: 0.2
  test_ratio: 0.1
  seed: 42
optimizer:
  type: adam
  betas:
  - 0.9
  - 0.999
  eps: 1.0e-08
  amsgrad: false
experiment:
  name: production_first
  tags:
  - collaborative_filtering
  - pytorch
  notes: Training movie recommendation models with different configurations
seed: 42
device: auto
mlflow:
  tracking_uri: null
  experiment_name: ${experiment.name}
  enable: true
  log_models: true
  log_artifacts: true

[2025-09-29 09:20:07,560][__main__][INFO] - MLflow run started: 17c28cccd8164ac2b04e159bbebd3427
[2025-09-29 09:20:07,575][__main__][INFO] - Using device: cuda
[2025-09-29 09:20:07,600][__main__][INFO] - Loading data...
[2025-09-29 09:20:07,637][__main__][INFO] - Loaded 100836 user-movie interactions
[2025-09-29 09:20:07,637][__main__][INFO] - Users: 610, Movies: 9742
[2025-09-29 09:20:08,294][__main__][INFO] - Creating model: CollaborativeFilteringModel
[2025-09-29 09:20:08,378][__main__][INFO] - Model created with 527,953 parameters
[2025-09-29 09:20:09,176][__main__][INFO] - Starting training...
[2025-09-29 09:20:12,874][__main__][INFO] - Epoch 1/100: Train Loss: 0.4236, Val Loss: 0.3788
[2025-09-29 09:20:12,874][__main__][INFO] - Train Metrics: {'rmse': np.float64(0.36239402882754557), 'mae': 0.2881663143634796, 'accuracy': np.float64(0.8362409545001923), 'precision': np.float64(0.7153802816901409), 'recall': np.float64(0.12858213338193897), 'f1': np.float64(0.21798393188216714)}
[2025-09-29 09:20:12,874][__main__][INFO] - Val Metrics: {'rmse': np.float64(0.33978785131843486), 'mae': 0.24773119390010834, 'accuracy': np.float64(0.8407433511212117), 'precision': np.float64(0.7226713532513181), 'recall': np.float64(0.16662614474430668), 'f1': np.float64(0.2708113804004215)}
[2025-09-29 09:20:13,115][__main__][INFO] - New best model saved: best_model_collaborative.pth
[2025-09-29 09:20:17,193][__main__][INFO] - Epoch 2/100: Train Loss: 0.3721, Val Loss: 0.3701
[2025-09-29 09:20:17,193][__main__][INFO] - Train Metrics: {'rmse': np.float64(0.33647554026834614), 'mae': 0.24204494059085846, 'accuracy': np.float64(0.8447247615726677), 'precision': np.float64(0.7345777373093558), 'recall': np.float64(0.1960629442858011), 'f1': np.float64(0.30951467485133327)}
[2025-09-29 09:20:17,194][__main__][INFO] - Val Metrics: {'rmse': np.float64(0.3353212381737065), 'mae': 0.24229761958122253, 'accuracy': np.float64(0.8450728535880212), 'precision': np.float64(0.7315416420555227), 'recall': np.float64(0.20074560337142394), 'f1': np.float64(0.315039745627981)}
[2025-09-29 09:20:17,435][__main__][INFO] - New best model saved: best_model_collaborative.pth
[2025-09-29 09:20:21,558][__main__][INFO] - Epoch 3/100: Train Loss: 0.3656, Val Loss: 0.3665
[2025-09-29 09:20:21,558][__main__][INFO] - Train Metrics: {'rmse': np.float64(0.3331964132118197), 'mae': 0.23852455615997314, 'accuracy': np.float64(0.8467666270036703), 'precision': np.float64(0.7442297952391289), 'recall': np.float64(0.20831561253215058), 'f1': np.float64(0.3255166302731099)}
[2025-09-29 09:20:21,559][__main__][INFO] - Val Metrics: {'rmse': np.float64(0.3338309710930562), 'mae': 0.23945076763629913, 'accuracy': np.float64(0.8446988766307553), 'precision': np.float64(0.7268981753972925), 'recall': np.float64(0.20017829645838398), 'f1': np.float64(0.31390989388066337)}
[2025-09-29 09:20:21,798][__main__][INFO] - New best model saved: best_model_collaborative.pth
[2025-09-29 09:20:26,701][__main__][INFO] - Epoch 4/100: Train Loss: 0.3616, Val Loss: 0.3656
[2025-09-29 09:20:26,701][__main__][INFO] - Train Metrics: {'rmse': np.float64(0.3311037910526662), 'mae': 0.23640044033527374, 'accuracy': np.float64(0.8484274400831125), 'precision': np.float64(0.75134155690292), 'recall': np.float64(0.21834052291552747), 'f1': np.float64(0.3383548316228855)}
[2025-09-29 09:20:26,701][__main__][INFO] - Val Metrics: {'rmse': np.float64(0.3336526104102509), 'mae': 0.23812657594680786, 'accuracy': np.float64(0.8445118881521223), 'precision': np.float64(0.7226915234488785), 'recall': np.float64(0.2010697787503039), 'f1': np.float64(0.3146081663707837)}
[2025-09-29 09:20:26,947][__main__][INFO] - New best model saved: best_model_collaborative.pth
[2025-09-29 09:20:31,838][__main__][INFO] - Epoch 5/100: Train Loss: 0.3590, Val Loss: 0.3646
[2025-09-29 09:20:31,838][__main__][INFO] - Train Metrics: {'rmse': np.float64(0.3297836525080463), 'mae': 0.23495396971702576, 'accuracy': np.float64(0.8487150267635355), 'precision': np.float64(0.7511536607204353), 'recall': np.float64(0.22087206594163275), 'f1': np.float64(0.3413672217353199)}
[2025-09-29 09:20:31,838][__main__][INFO] - Val Metrics: {'rmse': np.float64(0.3326235817044314), 'mae': 0.2401406317949295, 'accuracy': np.float64(0.8461372495433166), 'precision': np.float64(0.7249315068493151), 'recall': np.float64(0.21444201312910285), 'f1': np.float64(0.3309775470636062)}
[2025-09-29 09:20:32,083][__main__][INFO] - New best model saved: best_model_collaborative.pth
[2025-09-29 09:20:37,009][__main__][INFO] - Epoch 6/100: Train Loss: 0.3569, Val Loss: 0.3632
[2025-09-29 09:20:37,009][__main__][INFO] - Train Metrics: {'rmse': np.float64(0.32870773386399926), 'mae': 0.23403677344322205, 'accuracy': np.float64(0.8497251749785208), 'precision': np.float64(0.7549824939402101), 'recall': np.float64(0.22708953561374728), 'f1': np.float64(0.34915692288530104)}
[2025-09-29 09:20:37,010][__main__][INFO] - Val Metrics: {'rmse': np.float64(0.3322309230224498), 'mae': 0.23717154562473297, 'accuracy': np.float64(0.8458783424190556), 'precision': np.float64(0.7212534059945505), 'recall': np.float64(0.21452305697382285), 'f1': np.float64(0.33068898744456243)}
[2025-09-29 09:20:37,255][__main__][INFO] - New best model saved: best_model_collaborative.pth
[2025-09-29 09:20:42,112][__main__][INFO] - Epoch 7/100: Train Loss: 0.3559, Val Loss: 0.3629
[2025-09-29 09:20:42,112][__main__][INFO] - Train Metrics: {'rmse': np.float64(0.3281792527715192), 'mae': 0.23333676159381866, 'accuracy': np.float64(0.8500415203269861), 'precision': np.float64(0.7583625573239816), 'recall': np.float64(0.22773761062843023), 'f1': np.float64(0.35028424577525114)}
[2025-09-29 09:20:42,113][__main__][INFO] - Val Metrics: {'rmse': np.float64(0.331703484265259), 'mae': 0.23921531438827515, 'accuracy': np.float64(0.8461947844598191), 'precision': np.float64(0.7201712145532371), 'recall': np.float64(0.21817002998622254), 'f1': np.float64(0.33488834981650806)}
[2025-09-29 09:20:42,358][__main__][INFO] - New best model saved: best_model_collaborative.pth
[2025-09-29 09:20:47,287][__main__][INFO] - Epoch 8/100: Train Loss: 0.3547, Val Loss: 0.3623
[2025-09-29 09:20:47,287][__main__][INFO] - Train Metrics: {'rmse': np.float64(0.3275421051448198), 'mae': 0.23305775225162506, 'accuracy': np.float64(0.8507281335264957), 'precision': np.float64(0.7599126232872179), 'recall': np.float64(0.23249691151750815), 'f1': np.float64(0.35605731654363876)}
[2025-09-29 09:20:47,287][__main__][INFO] - Val Metrics: {'rmse': np.float64(0.3319438707152977), 'mae': 0.23633599281311035, 'accuracy': np.float64(0.8461084820850654), 'precision': np.float64(0.7285395763656634), 'recall': np.float64(0.21184861009806305), 'f1': np.float64(0.3282476298110127)}
[2025-09-29 09:20:47,536][__main__][INFO] - New best model saved: best_model_collaborative.pth
[2025-09-29 09:20:52,496][__main__][INFO] - Epoch 9/100: Train Loss: 0.3536, Val Loss: 0.3625
[2025-09-29 09:20:52,497][__main__][INFO] - Train Metrics: {'rmse': np.float64(0.32706833043688693), 'mae': 0.2324208766222, 'accuracy': np.float64(0.8508036250301068), 'precision': np.float64(0.7594569658626598), 'recall': np.float64(0.2333880146626972), 'f1': np.float64(0.35705101392697247)}
[2025-09-29 09:20:52,497][__main__][INFO] - Val Metrics: {'rmse': np.float64(0.33210099553619765), 'mae': 0.23577331006526947, 'accuracy': np.float64(0.8456913539404226), 'precision': np.float64(0.733275412684622), 'recall': np.float64(0.20520301483102357), 'f1': np.float64(0.32066869300911854)}
[2025-09-29 09:20:57,193][__main__][INFO] - Epoch 10/100: Train Loss: 0.3528, Val Loss: 0.3615
[2025-09-29 09:20:57,193][__main__][INFO] - Train Metrics: {'rmse': np.float64(0.3266122780054794), 'mae': 0.23173445463180542, 'accuracy': np.float64(0.8513140913878574), 'precision': np.float64(0.7634069400630915), 'recall': np.float64(0.2352512303299107), 'f1': np.float64(0.35966745622590685)}
[2025-09-29 09:20:57,193][__main__][INFO] - Val Metrics: {'rmse': np.float64(0.33055200362278425), 'mae': 0.24042607843875885, 'accuracy': np.float64(0.8484530299325403), 'precision': np.float64(0.7196102314250914), 'recall': np.float64(0.23940351730286086), 'f1': np.float64(0.3592799805400146)}
[2025-09-29 09:20:57,442][__main__][INFO] - New best model saved: best_model_collaborative.pth
[2025-09-29 09:21:02,269][__main__][INFO] - Epoch 11/100: Train Loss: 0.3520, Val Loss: 0.3618
[2025-09-29 09:21:02,270][__main__][INFO] - Train Metrics: {'rmse': np.float64(0.3261461647545345), 'mae': 0.23152771592140198, 'accuracy': np.float64(0.8516699799048807), 'precision': np.float64(0.7625024260852689), 'recall': np.float64(0.23869412884541386), 'f1': np.float64(0.3635746676126724)}
[2025-09-29 09:21:02,270][__main__][INFO] - Val Metrics: {'rmse': np.float64(0.3315254847280291), 'mae': 0.2370624840259552, 'accuracy': np.float64(0.8463961566675776), 'precision': np.float64(0.7138073158165894), 'recall': np.float64(0.22457249371910204), 'f1': np.float64(0.3416558781826028)}
[2025-09-29 09:21:06,881][__main__][INFO] - Epoch 12/100: Train Loss: 0.3510, Val Loss: 0.3609
[2025-09-29 09:21:06,881][__main__][INFO] - Train Metrics: {'rmse': np.float64(0.3256432709903751), 'mae': 0.23113055527210236, 'accuracy': np.float64(0.8521409030940732), 'precision': np.float64(0.765520350334879), 'recall': np.float64(0.2407396156105069), 'f1': np.float64(0.36628919189584774)}
[2025-09-29 09:21:06,882][__main__][INFO] - Val Metrics: {'rmse': np.float64(0.3313606671140698), 'mae': 0.23510967195034027, 'accuracy': np.float64(0.8461516332724422), 'precision': np.float64(0.717962324223932), 'recall': np.float64(0.21930464381230247), 'f1': np.float64(0.33598212068537375)}
[2025-09-29 09:21:07,133][__main__][INFO] - New best model saved: best_model_collaborative.pth
[2025-09-29 09:21:11,947][__main__][INFO] - Epoch 13/100: Train Loss: 0.3502, Val Loss: 0.3611
[2025-09-29 09:21:11,947][__main__][INFO] - Train Metrics: {'rmse': np.float64(0.32525962903813377), 'mae': 0.23054003715515137, 'accuracy': np.float64(0.8521912307631472), 'precision': np.float64(0.7644723360655737), 'recall': np.float64(0.24177248516515787), 'f1': np.float64(0.3673626390534365)}
[2025-09-29 09:21:11,947][__main__][INFO] - Val Metrics: {'rmse': np.float64(0.33163573325495593), 'mae': 0.2343747913837433, 'accuracy': np.float64(0.8458495749608044), 'precision': np.float64(0.7247782705099778), 'recall': np.float64(0.21192965394278304), 'f1': np.float64(0.3279613720448987)}
[2025-09-29 09:21:16,877][__main__][INFO] - Epoch 14/100: Train Loss: 0.3498, Val Loss: 0.3610
[2025-09-29 09:21:16,877][__main__][INFO] - Train Metrics: {'rmse': np.float64(0.32506162169282266), 'mae': 0.2301863133907318, 'accuracy': np.float64(0.8528275162935829), 'precision': np.float64(0.7723194112710606), 'recall': np.float64(0.24229904611458777), 'f1': np.float64(0.36887217117839305)}
[2025-09-29 09:21:16,877][__main__][INFO] - Val Metrics: {'rmse': np.float64(0.33055644393626993), 'mae': 0.23934772610664368, 'accuracy': np.float64(0.8473742502481193), 'precision': np.float64(0.7122850122850123), 'recall': np.float64(0.2349461058432612), 'f1': np.float64(0.35334267779876893)}
[2025-09-29 09:21:21,293][__main__][INFO] - Epoch 15/100: Train Loss: 0.3494, Val Loss: 0.3609
[2025-09-29 09:21:21,293][__main__][INFO] - Train Metrics: {'rmse': np.float64(0.32480952430743465), 'mae': 0.23049002885818481, 'accuracy': np.float64(0.8526046366162551), 'precision': np.float64(0.7679314095591528), 'recall': np.float64(0.24306863519452376), 'f1': np.float64(0.36925822231793987)}
[2025-09-29 09:21:21,293][__main__][INFO] - Val Metrics: {'rmse': np.float64(0.3315919775267901), 'mae': 0.2343699187040329, 'accuracy': np.float64(0.845676970211297), 'precision': np.float64(0.7223756906077348), 'recall': np.float64(0.21192965394278304), 'f1': np.float64(0.327714769095808)}
[2025-09-29 09:21:21,550][__main__][INFO] - New best model saved: best_model_collaborative.pth
[2025-09-29 09:21:26,138][__main__][INFO] - Epoch 16/100: Train Loss: 0.3490, Val Loss: 0.3604
[2025-09-29 09:21:26,138][__main__][INFO] - Train Metrics: {'rmse': np.float64(0.3246897527930463), 'mae': 0.2300914078950882, 'accuracy': np.float64(0.8528203266265723), 'precision': np.float64(0.7703005832211754), 'recall': np.float64(0.2434129250460741), 'f1': np.float64(0.3699292089873808)}
[2025-09-29 09:21:26,138][__main__][INFO] - Val Metrics: {'rmse': np.float64(0.3306851645606915), 'mae': 0.2369503378868103, 'accuracy': np.float64(0.8470721919364814), 'precision': np.float64(0.7204856626194782), 'recall': np.float64(0.2260312829240619), 'f1': np.float64(0.34410857495373226)}
[2025-09-29 09:21:26,400][__main__][INFO] - New best model saved: best_model_collaborative.pth
[2025-09-29 09:21:30,949][__main__][INFO] - Epoch 17/100: Train Loss: 0.3483, Val Loss: 0.3605
[2025-09-29 09:21:30,949][__main__][INFO] - Train Metrics: {'rmse': np.float64(0.3242686244796646), 'mae': 0.22991277277469635, 'accuracy': np.float64(0.8529281716317308), 'precision': np.float64(0.77088), 'recall': np.float64(0.24393948599550397), 'f1': np.float64(0.37060398141595646)}
[2025-09-29 09:21:30,949][__main__][INFO] - Val Metrics: {'rmse': np.float64(0.3308138688825072), 'mae': 0.23614448308944702, 'accuracy': np.float64(0.847388633977245), 'precision': np.float64(0.7243706202958733), 'recall': np.float64(0.2261933706135019), 'f1': np.float64(0.3447381422924901)}
[2025-09-29 09:21:35,893][__main__][INFO] - Epoch 18/100: Train Loss: 0.3481, Val Loss: 0.3606
[2025-09-29 09:21:35,893][__main__][INFO] - Train Metrics: {'rmse': np.float64(0.32411986302219425), 'mae': 0.2297566682100296, 'accuracy': np.float64(0.8531582409760692), 'precision': np.float64(0.7728232358774231), 'recall': np.float64(0.24464831804281345), 'f1': np.float64(0.37164656657642137)}
[2025-09-29 09:21:35,893][__main__][INFO] - Val Metrics: {'rmse': np.float64(0.3310320235965101), 'mae': 0.23529760539531708, 'accuracy': np.float64(0.8465256102297082), 'precision': np.float64(0.7224740069314849), 'recall': np.float64(0.21962881919118243), 'f1': np.float64(0.3368551895587321)}
[2025-09-29 09:21:40,453][__main__][INFO] - Epoch 19/100: Train Loss: 0.3471, Val Loss: 0.3607
[2025-09-29 09:21:40,453][__main__][INFO] - Train Metrics: {'rmse': np.float64(0.3236298786000415), 'mae': 0.22917313873767853, 'accuracy': np.float64(0.8533811206533969), 'precision': np.float64(0.7735464560911928), 'recall': np.float64(0.24600522510480588), 'f1': np.float64(0.3732944068838353)}
[2025-09-29 09:21:40,453][__main__][INFO] - Val Metrics: {'rmse': np.float64(0.33090297632366006), 'mae': 0.23650531470775604, 'accuracy': np.float64(0.8466982149792155), 'precision': np.float64(0.7184819339745256), 'recall': np.float64(0.22400518680606207), 'f1': np.float64(0.34152971703941676)}
[2025-09-29 09:21:45,324][__main__][INFO] - Epoch 20/100: Train Loss: 0.3464, Val Loss: 0.3606
[2025-09-29 09:21:45,324][__main__][INFO] - Train Metrics: {'rmse': np.float64(0.3232268822495314), 'mae': 0.22899582982063293, 'accuracy': np.float64(0.8537765523389784), 'precision': np.float64(0.7745314570581182), 'recall': np.float64(0.24857727281932884), 'f1': np.float64(0.37636452839445605)}
[2025-09-29 09:21:45,324][__main__][INFO] - Val Metrics: {'rmse': np.float64(0.3314573264431401), 'mae': 0.23352225124835968, 'accuracy': np.float64(0.8457776563151763), 'precision': np.float64(0.7214461791290058), 'recall': np.float64(0.21346948699246293), 'f1': np.float64(0.3294559099437148)}
[2025-09-29 09:21:50,125][__main__][INFO] - Epoch 21/100: Train Loss: 0.3462, Val Loss: 0.3606
[2025-09-29 09:21:50,125][__main__][INFO] - Train Metrics: {'rmse': np.float64(0.32309350688499766), 'mae': 0.2286883145570755, 'accuracy': np.float64(0.8542618548621921), 'precision': np.float64(0.7788085321216711), 'recall': np.float64(0.24993417988132127), 'f1': np.float64(0.3784247888014964)}
[2025-09-29 09:21:50,125][__main__][INFO] - Val Metrics: {'rmse': np.float64(0.3311186759570915), 'mae': 0.23535634577274323, 'accuracy': np.float64(0.846942738374351), 'precision': np.float64(0.725557917109458), 'recall': np.float64(0.2213307399303023), 'f1': np.float64(0.33919145500838355)}
[2025-09-29 09:21:55,529][__main__][INFO] - Epoch 22/100: Train Loss: 0.3459, Val Loss: 0.3606
[2025-09-29 09:21:55,530][__main__][INFO] - Train Metrics: {'rmse': np.float64(0.32296617830800084), 'mae': 0.22883793711662292, 'accuracy': np.float64(0.8543517256998242), 'precision': np.float64(0.7797916008841175), 'recall': np.float64(0.25007594629078317), 'f1': np.float64(0.37870330613997427)}
[2025-09-29 09:21:55,530][__main__][INFO] - Val Metrics: {'rmse': np.float64(0.33154913737832464), 'mae': 0.23306448757648468, 'accuracy': np.float64(0.8459071098773068), 'precision': np.float64(0.7253325942350333), 'recall': np.float64(0.21209174163222302), 'f1': np.float64(0.32821220292217973)}
[2025-09-29 09:22:00,343][__main__][INFO] - Epoch 23/100: Train Loss: 0.3454, Val Loss: 0.3599
[2025-09-29 09:22:00,343][__main__][INFO] - Train Metrics: {'rmse': np.float64(0.32268994457922956), 'mae': 0.22853460907936096, 'accuracy': np.float64(0.8541576046905388), 'precision': np.float64(0.7781216446662035), 'recall': np.float64(0.24950888065293558), 'f1': np.float64(0.3778561570311302)}
[2025-09-29 09:22:00,343][__main__][INFO] - Val Metrics: {'rmse': np.float64(0.33069817580555394), 'mae': 0.2347293645143509, 'accuracy': np.float64(0.8471297268529839), 'precision': np.float64(0.7197534035448241), 'recall': np.float64(0.22708485290542182), 'f1': np.float64(0.3452439625431247)}
[2025-09-29 09:22:00,603][__main__][INFO] - New best model saved: best_model_collaborative.pth
[2025-09-29 09:22:04,860][__main__][INFO] - Epoch 24/100: Train Loss: 0.3451, Val Loss: 0.3605
[2025-09-29 09:22:04,860][__main__][INFO] - Train Metrics: {'rmse': np.float64(0.3225815236195978), 'mae': 0.22834531962871552, 'accuracy': np.float64(0.8545710105436467), 'precision': np.float64(0.7803192157848435), 'recall': np.float64(0.25149361038540213), 'f1': np.float64(0.3803893339051324)}
[2025-09-29 09:22:04,860][__main__][INFO] - Val Metrics: {'rmse': np.float64(0.33100549788173234), 'mae': 0.23525860905647278, 'accuracy': np.float64(0.8467989010830949), 'precision': np.float64(0.7178626742385131), 'recall': np.float64(0.22538293216630198), 'f1': np.float64(0.3430580398445692)}
[2025-09-29 09:22:10,364][__main__][INFO] - Epoch 25/100: Train Loss: 0.3447, Val Loss: 0.3600
[2025-09-29 09:22:10,365][__main__][INFO] - Train Metrics: {'rmse': np.float64(0.3223363740884271), 'mae': 0.2282552570104599, 'accuracy': np.float64(0.8548334333895325), 'precision': np.float64(0.7826660800703915), 'recall': np.float64(0.25220244243271156), 'f1': np.float64(0.3814789854184536)}
[2025-09-29 09:22:10,365][__main__][INFO] - Val Metrics: {'rmse': np.float64(0.330748897875033), 'mae': 0.23515073955059052, 'accuracy': np.float64(0.8465831451462106), 'precision': np.float64(0.7133384340729406), 'recall': np.float64(0.22667963368182187), 'f1': np.float64(0.34403444034440345)}
[2025-09-29 09:22:15,388][__main__][INFO] - Epoch 26/100: Train Loss: 0.3443, Val Loss: 0.3606
[2025-09-29 09:22:15,388][__main__][INFO] - Train Metrics: {'rmse': np.float64(0.32209619634381575), 'mae': 0.22768284380435944, 'accuracy': np.float64(0.8552180805745981), 'precision': np.float64(0.7823901712583767), 'recall': np.float64(0.255361808129291), 'f1': np.float64(0.3850487838394943)}
[2025-09-29 09:22:15,389][__main__][INFO] - Val Metrics: {'rmse': np.float64(0.3304308750101035), 'mae': 0.23895128071308136, 'accuracy': np.float64(0.8477913783927621), 'precision': np.float64(0.7104191616766468), 'recall': np.float64(0.24037604343950078), 'f1': np.float64(0.35921036696136616)}
[2025-09-29 09:22:19,833][__main__][INFO] - Epoch 27/100: Train Loss: 0.3441, Val Loss: 0.3604
[2025-09-29 09:22:19,833][__main__][INFO] - Train Metrics: {'rmse': np.float64(0.32198064514745484), 'mae': 0.22803567349910736, 'accuracy': np.float64(0.8550635027338709), 'precision': np.float64(0.7834657988610051), 'recall': np.float64(0.25353909715049516), 'f1': np.float64(0.38310178101475)}
[2025-09-29 09:22:19,833][__main__][INFO] - Val Metrics: {'rmse': np.float64(0.33092312744673075), 'mae': 0.235274538397789, 'accuracy': np.float64(0.847014657019979), 'precision': np.float64(0.7199690002583312), 'recall': np.float64(0.22586919523462193), 'f1': np.float64(0.3438618136952499)}
[2025-09-29 09:22:24,495][__main__][INFO] - Epoch 28/100: Train Loss: 0.3439, Val Loss: 0.3597
[2025-09-29 09:22:24,495][__main__][INFO] - Train Metrics: {'rmse': np.float64(0.3219013004298338), 'mae': 0.22770555317401886, 'accuracy': np.float64(0.8553403049137779), 'precision': np.float64(0.7856785490931832), 'recall': np.float64(0.25443020029568425), 'f1': np.float64(0.3843835574525373)}
[2025-09-29 09:22:24,495][__main__][INFO] - Val Metrics: {'rmse': np.float64(0.3304377746494307), 'mae': 0.23559382557868958, 'accuracy': np.float64(0.8475324712685011), 'precision': np.float64(0.7213031305675744), 'recall': np.float64(0.22967825593646163), 'f1': np.float64(0.34841406442094913)}
[2025-09-29 09:22:24,773][__main__][INFO] - New best model saved: best_model_collaborative.pth
[2025-09-29 09:22:29,685][__main__][INFO] - Epoch 29/100: Train Loss: 0.3433, Val Loss: 0.3596
[2025-09-29 09:22:29,685][__main__][INFO] - Train Metrics: {'rmse': np.float64(0.3215609272769174), 'mae': 0.2276008278131485, 'accuracy': np.float64(0.8550599079003656), 'precision': np.float64(0.7829563913532426), 'recall': np.float64(0.25380237762521013), 'f1': np.float64(0.3833412354893474)}
[2025-09-29 09:22:29,685][__main__][INFO] - Val Metrics: {'rmse': np.float64(0.33049297785043946), 'mae': 0.23522694408893585, 'accuracy': np.float64(0.8471728780403608), 'precision': np.float64(0.7170719351570415), 'recall': np.float64(0.22943512440230165), 'f1': np.float64(0.34763922146497206)}
[2025-09-29 09:22:29,954][__main__][INFO] - New best model saved: best_model_collaborative.pth
[2025-09-29 09:22:34,441][__main__][INFO] - Epoch 30/100: Train Loss: 0.3428, Val Loss: 0.3597
[2025-09-29 09:22:34,441][__main__][INFO] - Train Metrics: {'rmse': np.float64(0.3213406553266879), 'mae': 0.22726553678512573, 'accuracy': np.float64(0.8551749425725348), 'precision': np.float64(0.7843824302340132), 'recall': np.float64(0.2538833870020455), 'f1': np.float64(0.38360440031212223)}
[2025-09-29 09:22:34,441][__main__][INFO] - Val Metrics: {'rmse': np.float64(0.3304850535959099), 'mae': 0.23543795943260193, 'accuracy': np.float64(0.8472591804151144), 'precision': np.float64(0.7198364008179959), 'recall': np.float64(0.22821946673150173), 'f1': np.float64(0.3465632884130207)}
[2025-09-29 09:22:39,330][__main__][INFO] - Epoch 31/100: Train Loss: 0.3432, Val Loss: 0.3593
[2025-09-29 09:22:39,331][__main__][INFO] - Train Metrics: {'rmse': np.float64(0.3215685153765554), 'mae': 0.22757044434547424, 'accuracy': np.float64(0.854977226729744), 'precision': np.float64(0.7836378476800402), 'recall': np.float64(0.25276950807055915), 'f1': np.float64(0.3822430478990567)}
[2025-09-29 09:22:39,331][__main__][INFO] - Val Metrics: {'rmse': np.float64(0.3301336817287722), 'mae': 0.2359994649887085, 'accuracy': np.float64(0.8478057621218877), 'precision': np.float64(0.718222442899702), 'recall': np.float64(0.23445984277494125), 'f1': np.float64(0.3535162216655465)}
[2025-09-29 09:22:39,610][__main__][INFO] - New best model saved: best_model_collaborative.pth
[2025-09-29 09:22:44,205][__main__][INFO] - Epoch 32/100: Train Loss: 0.3423, Val Loss: 0.3600
[2025-09-29 09:22:44,205][__main__][INFO] - Train Metrics: {'rmse': np.float64(0.3210867734833342), 'mae': 0.2269265055656433, 'accuracy': np.float64(0.8554948827545052), 'precision': np.float64(0.7839861394715674), 'recall': np.float64(0.25659720112603035), 'f1': np.float64(0.3866459153468217)}
[2025-09-29 09:22:44,205][__main__][INFO] - Val Metrics: {'rmse': np.float64(0.330471053239448), 'mae': 0.2366531640291214, 'accuracy': np.float64(0.8470290407491046), 'precision': np.float64(0.7148260211800302), 'recall': np.float64(0.22975929978118162), 'f1': np.float64(0.34774609015639374)}
[2025-09-29 09:22:49,670][__main__][INFO] - Epoch 33/100: Train Loss: 0.3424, Val Loss: 0.3595
[2025-09-29 09:22:49,670][__main__][INFO] - Train Metrics: {'rmse': np.float64(0.3210913910976368), 'mae': 0.22734791040420532, 'accuracy': np.float64(0.8555236414225476), 'precision': np.float64(0.7861458917336324), 'recall': np.float64(0.25558458391558825), 'f1': np.float64(0.3857557695246828)}
[2025-09-29 09:22:49,670][__main__][INFO] - Val Metrics: {'rmse': np.float64(0.3308124049511068), 'mae': 0.23357702791690826, 'accuracy': np.float64(0.8468132848122204), 'precision': np.float64(0.7257417802726543), 'recall': np.float64(0.2200340384147824), 'f1': np.float64(0.33768656716417905)}
[2025-09-29 09:22:55,068][__main__][INFO] - Epoch 34/100: Train Loss: 0.3418, Val Loss: 0.3597
[2025-09-29 09:22:55,068][__main__][INFO] - Train Metrics: {'rmse': np.float64(0.32081161550403264), 'mae': 0.2267475575208664, 'accuracy': np.float64(0.8559550214431818), 'precision': np.float64(0.7882673604658366), 'recall': np.float64(0.25771108005751664), 'f1': np.float64(0.38843101343101344)}
[2025-09-29 09:22:55,068][__main__][INFO] - Val Metrics: {'rmse': np.float64(0.33074959619256683), 'mae': 0.2347913384437561, 'accuracy': np.float64(0.8467989010830949), 'precision': np.float64(0.7176379577101599), 'recall': np.float64(0.22554501985574196), 'f1': np.float64(0.3432200776962447)}
[2025-09-29 09:22:59,432][__main__][INFO] - Epoch 35/100: Train Loss: 0.3415, Val Loss: 0.3594
[2025-09-29 09:22:59,433][__main__][INFO] - Train Metrics: {'rmse': np.float64(0.3206346798898621), 'mae': 0.22666877508163452, 'accuracy': np.float64(0.856044892280814), 'precision': np.float64(0.7883450747744407), 'recall': np.float64(0.2583591550721996), 'f1': np.float64(0.38917616193047483)}
[2025-09-29 09:22:59,433][__main__][INFO] - Val Metrics: {'rmse': np.float64(0.3305117337925605), 'mae': 0.23493844270706177, 'accuracy': np.float64(0.8465831451462106), 'precision': np.float64(0.7138839171567374), 'recall': np.float64(0.2262744144582219), 'f1': np.float64(0.34363076923076924)}
[2025-09-29 09:23:04,759][__main__][INFO] - Epoch 36/100: Train Loss: 0.3408, Val Loss: 0.3592
[2025-09-29 09:23:04,759][__main__][INFO] - Train Metrics: {'rmse': np.float64(0.3202569029404311), 'mae': 0.22634078562259674, 'accuracy': np.float64(0.8562893409591735), 'precision': np.float64(0.7879549074868276), 'recall': np.float64(0.2604653988699192), 'f1': np.float64(0.39151280841413116)}
[2025-09-29 09:23:04,759][__main__][INFO] - Val Metrics: {'rmse': np.float64(0.33039590109281164), 'mae': 0.23496408760547638, 'accuracy': np.float64(0.8469571221034765), 'precision': np.float64(0.7147914032869785), 'recall': np.float64(0.22911094902342166), 'f1': np.float64(0.346998895298883)}
[2025-09-29 09:23:05,041][__main__][INFO] - New best model saved: best_model_collaborative.pth
[2025-09-29 09:23:10,061][__main__][INFO] - Epoch 37/100: Train Loss: 0.3406, Val Loss: 0.3592
[2025-09-29 09:23:10,061][__main__][INFO] - Train Metrics: {'rmse': np.float64(0.32018618302723184), 'mae': 0.22618256509304047, 'accuracy': np.float64(0.8563396686282475), 'precision': np.float64(0.7892699115044248), 'recall': np.float64(0.26010085667416005), 'f1': np.float64(0.39126262395466804)}
[2025-09-29 09:23:10,061][__main__][INFO] - Val Metrics: {'rmse': np.float64(0.3300734750995749), 'mae': 0.23619408905506134, 'accuracy': np.float64(0.8478057621218877), 'precision': np.float64(0.7137645914396887), 'recall': np.float64(0.23786368425318097), 'f1': np.float64(0.3568172147589812)}
[2025-09-29 09:23:10,339][__main__][INFO] - New best model saved: best_model_collaborative.pth
[2025-09-29 09:23:14,676][__main__][INFO] - Epoch 38/100: Train Loss: 0.3405, Val Loss: 0.3593
[2025-09-29 09:23:14,676][__main__][INFO] - Train Metrics: {'rmse': np.float64(0.3200870860518815), 'mae': 0.22623072564601898, 'accuracy': np.float64(0.8563180996272157), 'precision': np.float64(0.7878120411160059), 'recall': np.float64(0.2607691840330518), 'f1': np.float64(0.39183822522481404)}
[2025-09-29 09:23:14,676][__main__][INFO] - Val Metrics: {'rmse': np.float64(0.3306852321528967), 'mae': 0.2330806404352188, 'accuracy': np.float64(0.8463817729384521), 'precision': np.float64(0.7195025138925641), 'recall': np.float64(0.22035821379366238), 'f1': np.float64(0.3373867725524259)}
[2025-09-29 09:23:20,155][__main__][INFO] - Epoch 39/100: Train Loss: 0.3405, Val Loss: 0.3591
[2025-09-29 09:23:20,155][__main__][INFO] - Train Metrics: {'rmse': np.float64(0.3201638435032943), 'mae': 0.2261311411857605, 'accuracy': np.float64(0.8563396686282475), 'precision': np.float64(0.7891277641277641), 'recall': np.float64(0.2601818660509954), 'f1': np.float64(0.3913367957719665)}
[2025-09-29 09:23:20,155][__main__][INFO] - Val Metrics: {'rmse': np.float64(0.3302268872428553), 'mae': 0.23485665023326874, 'accuracy': np.float64(0.8472447966859888), 'precision': np.float64(0.7177603242969344), 'recall': np.float64(0.22959721209174164), 'f1': np.float64(0.3479061770846125)}
[2025-09-29 09:23:20,437][__main__][INFO] - New best model saved: best_model_collaborative.pth
[2025-09-29 09:23:24,603][__main__][INFO] - Epoch 40/100: Train Loss: 0.3401, Val Loss: 0.3590
[2025-09-29 09:23:24,604][__main__][INFO] - Train Metrics: {'rmse': np.float64(0.3198739515468503), 'mae': 0.2260533571243286, 'accuracy': np.float64(0.856170711453499), 'precision': np.float64(0.789051410232673), 'recall': np.float64(0.2589262207100472), 'f1': np.float64(0.3899054589813967)}
[2025-09-29 09:23:24,604][__main__][INFO] - Val Metrics: {'rmse': np.float64(0.33024376319118953), 'mae': 0.23496600985527039, 'accuracy': np.float64(0.8470578082073559), 'precision': np.float64(0.7131434282858571), 'recall': np.float64(0.2312991328308615), 'f1': np.float64(0.3493054280643779)}
[2025-09-29 09:23:24,878][__main__][INFO] - New best model saved: best_model_collaborative.pth
[2025-09-29 09:23:29,953][__main__][INFO] - Epoch 41/100: Train Loss: 0.3393, Val Loss: 0.3589
[2025-09-29 09:23:29,953][__main__][INFO] - Train Metrics: {'rmse': np.float64(0.319388312381471), 'mae': 0.22566458582878113, 'accuracy': np.float64(0.8571413164999263), 'precision': np.float64(0.7936856219906138), 'recall': np.float64(0.26372602628754277), 'f1': np.float64(0.3959017390246868)}
[2025-09-29 09:23:29,953][__main__][INFO] - Val Metrics: {'rmse': np.float64(0.3303462525178131), 'mae': 0.23376666009426117, 'accuracy': np.float64(0.8469715058326022), 'precision': np.float64(0.7178370066632496), 'recall': np.float64(0.22700380906070183), 'f1': np.float64(0.3449294994150606)}
[2025-09-29 09:23:30,223][__main__][INFO] - New best model saved: best_model_collaborative.pth
[2025-09-29 09:23:35,315][__main__][INFO] - Epoch 42/100: Train Loss: 0.3395, Val Loss: 0.3590
[2025-09-29 09:23:35,315][__main__][INFO] - Train Metrics: {'rmse': np.float64(0.31960079163872834), 'mae': 0.22571218013763428, 'accuracy': np.float64(0.8566200656416598), 'precision': np.float64(0.7919178250707344), 'recall': np.float64(0.260748931688843), 'f1': np.float64(0.39232117010741224)}
[2025-09-29 09:23:35,315][__main__][INFO] - Val Metrics: {'rmse': np.float64(0.33008275226306566), 'mae': 0.23570464551448822, 'accuracy': np.float64(0.8474030177063705), 'precision': np.float64(0.7130541871921182), 'recall': np.float64(0.23462193046438123), 'f1': np.float64(0.35307030916519305)}
[2025-09-29 09:23:40,709][__main__][INFO] - Epoch 43/100: Train Loss: 0.3389, Val Loss: 0.3586
[2025-09-29 09:23:40,709][__main__][INFO] - Train Metrics: {'rmse': np.float64(0.31922154608802905), 'mae': 0.22532500326633453, 'accuracy': np.float64(0.8569759541586831), 'precision': np.float64(0.7897758172699256), 'recall': np.float64(0.2646981388095672), 'f1': np.float64(0.39650517246609834)}
[2025-09-29 09:23:40,710][__main__][INFO] - Val Metrics: {'rmse': np.float64(0.3298781539741641), 'mae': 0.2352835237979889, 'accuracy': np.float64(0.8478057621218877), 'precision': np.float64(0.716609167077378), 'recall': np.float64(0.23567550044574115), 'f1': np.float64(0.35469903031042266)}
[2025-09-29 09:23:40,983][__main__][INFO] - New best model saved: best_model_collaborative.pth
[2025-09-29 09:23:45,980][__main__][INFO] - Epoch 44/100: Train Loss: 0.3387, Val Loss: 0.3589
[2025-09-29 09:23:45,980][__main__][INFO] - Train Metrics: {'rmse': np.float64(0.3191348501404347), 'mae': 0.22549130022525787, 'accuracy': np.float64(0.8574504721813809), 'precision': np.float64(0.7960538335058767), 'recall': np.float64(0.26473864349798487), 'f1': np.float64(0.39733730508526094)}
[2025-09-29 09:23:45,980][__main__][INFO] - Val Metrics: {'rmse': np.float64(0.3302256350492178), 'mae': 0.2342303991317749, 'accuracy': np.float64(0.846755749895718), 'precision': np.float64(0.7126988134309518), 'recall': np.float64(0.2287867736445417), 'f1': np.float64(0.3463803680981595)}
[2025-09-29 09:23:51,344][__main__][INFO] - Epoch 45/100: Train Loss: 0.3390, Val Loss: 0.3589
[2025-09-29 09:23:51,344][__main__][INFO] - Train Metrics: {'rmse': np.float64(0.3193089885014592), 'mae': 0.22545784711837769, 'accuracy': np.float64(0.8571305319994105), 'precision': np.float64(0.7930048661800486), 'recall': np.float64(0.2640298114506754), 'f1': np.float64(0.3961590470547123)}
[2025-09-29 09:23:51,344][__main__][INFO] - Val Metrics: {'rmse': np.float64(0.329885211978766), 'mae': 0.23590975999832153, 'accuracy': np.float64(0.8477913783927621), 'precision': np.float64(0.7153714145623927), 'recall': np.float64(0.2364859388929411), 'f1': np.float64(0.355463515653551)}
[2025-09-29 09:23:56,627][__main__][INFO] - Epoch 46/100: Train Loss: 0.3383, Val Loss: 0.3590
[2025-09-29 09:23:56,627][__main__][INFO] - Train Metrics: {'rmse': np.float64(0.3189053096318153), 'mae': 0.22518590092658997, 'accuracy': np.float64(0.857087393997347), 'precision': np.float64(0.7931748933577087), 'recall': np.float64(0.26360451222228976), 'f1': np.float64(0.3957012783680666)}
[2025-09-29 09:23:56,627][__main__][INFO] - Val Metrics: {'rmse': np.float64(0.3301863069839486), 'mae': 0.23482967913150787, 'accuracy': np.float64(0.847201645498612), 'precision': np.float64(0.7129032258064516), 'recall': np.float64(0.23283896588054137), 'f1': np.float64(0.3510293848127558)}
[2025-09-29 09:24:01,968][__main__][INFO] - Epoch 47/100: Train Loss: 0.3374, Val Loss: 0.3586
[2025-09-29 09:24:01,968][__main__][INFO] - Train Metrics: {'rmse': np.float64(0.3184618053762754), 'mae': 0.2247985154390335, 'accuracy': np.float64(0.8576589725246875), 'precision': np.float64(0.7952665579907021), 'recall': np.float64(0.26676387791886913), 'f1': np.float64(0.3995147103427359)}
[2025-09-29 09:24:01,968][__main__][INFO] - Val Metrics: {'rmse': np.float64(0.330009114652529), 'mae': 0.2344810664653778, 'accuracy': np.float64(0.8473454827898681), 'precision': np.float64(0.7135081642751113), 'recall': np.float64(0.2337304481724613), 'f1': np.float64(0.3521152554789085)}
[2025-09-29 09:24:07,339][__main__][INFO] - Epoch 48/100: Train Loss: 0.3373, Val Loss: 0.3589
[2025-09-29 09:24:07,340][__main__][INFO] - Train Metrics: {'rmse': np.float64(0.3183989353992705), 'mae': 0.22452473640441895, 'accuracy': np.float64(0.8576445931906663), 'precision': np.float64(0.7948254025692058), 'recall': np.float64(0.266905644328331), 'f1': np.float64(0.3996179386882562)}
[2025-09-29 09:24:07,340][__main__][INFO] - Val Metrics: {'rmse': np.float64(0.3298574195064079), 'mae': 0.2358071357011795, 'accuracy': np.float64(0.8477482272053852), 'precision': np.float64(0.7144254278728607), 'recall': np.float64(0.23681011427182105), 'f1': np.float64(0.355712459674965)}
[2025-09-29 09:24:12,659][__main__][INFO] - Epoch 49/100: Train Loss: 0.3374, Val Loss: 0.3588
[2025-09-29 09:24:12,659][__main__][INFO] - Train Metrics: {'rmse': np.float64(0.3184566349236468), 'mae': 0.22475267946720123, 'accuracy': np.float64(0.8575439378525184), 'precision': np.float64(0.7948702437844051), 'recall': np.float64(0.2661158029041862), 'f1': np.float64(0.3987376342780847)}
[2025-09-29 09:24:12,659][__main__][INFO] - Val Metrics: {'rmse': np.float64(0.3297988454989658), 'mae': 0.23627595603466034, 'accuracy': np.float64(0.8475037038102499), 'precision': np.float64(0.7091259330604383), 'recall': np.float64(0.2386741227003809), 'f1': np.float64(0.35714285714285715)}
[2025-09-29 09:24:16,808][__main__][INFO] - Epoch 50/100: Train Loss: 0.3370, Val Loss: 0.3587
[2025-09-29 09:24:16,808][__main__][INFO] - Train Metrics: {'rmse': np.float64(0.3182188788882664), 'mae': 0.2247568815946579, 'accuracy': np.float64(0.8576553776911823), 'precision': np.float64(0.7955754352030948), 'recall': np.float64(0.2665613544767807), 'f1': np.float64(0.39932646652811704)}
[2025-09-29 09:24:16,808][__main__][INFO] - Val Metrics: {'rmse': np.float64(0.33020999915046767), 'mae': 0.2338714897632599, 'accuracy': np.float64(0.8472447966859888), 'precision': np.float64(0.7197647660444899), 'recall': np.float64(0.22813842288678174), 'f1': np.float64(0.3464615384615385)}
[2025-09-29 09:24:22,316][__main__][INFO] - Epoch 51/100: Train Loss: 0.3374, Val Loss: 0.3588
[2025-09-29 09:24:22,316][__main__][INFO] - Train Metrics: {'rmse': np.float64(0.3184509145739433), 'mae': 0.22486019134521484, 'accuracy': np.float64(0.8577344640282986), 'precision': np.float64(0.7993159887626725), 'recall': np.float64(0.2650626810053264), 'f1': np.float64(0.3981080135663336)}
[2025-09-29 09:24:22,316][__main__][INFO] - Val Metrics: {'rmse': np.float64(0.33009355271981855), 'mae': 0.23473641276359558, 'accuracy': np.float64(0.8471872617694863), 'precision': np.float64(0.7127263706276358), 'recall': np.float64(0.23283896588054137), 'f1': np.float64(0.3510079413561393)}
[2025-09-29 09:24:26,936][__main__][INFO] - Epoch 52/100: Train Loss: 0.3361, Val Loss: 0.3585
[2025-09-29 09:24:26,936][__main__][INFO] - Train Metrics: {'rmse': np.float64(0.3177101911688511), 'mae': 0.2241613268852234, 'accuracy': np.float64(0.8582772838875967), 'precision': np.float64(0.7989786722739561), 'recall': np.float64(0.2693359256333921), 'f1': np.float64(0.4028657114295235)}
[2025-09-29 09:24:26,936][__main__][INFO] - Val Metrics: {'rmse': np.float64(0.3299199238709756), 'mae': 0.23480376601219177, 'accuracy': np.float64(0.8471441105821095), 'precision': np.float64(0.7119861317483903), 'recall': np.float64(0.23300105356998135), 'f1': np.float64(0.3511021554619283)}
[2025-09-29 09:24:27,217][__main__][INFO] - New best model saved: best_model_collaborative.pth
[2025-09-29 09:24:32,247][__main__][INFO] - Epoch 53/100: Train Loss: 0.3362, Val Loss: 0.3586
[2025-09-29 09:24:32,247][__main__][INFO] - Train Metrics: {'rmse': np.float64(0.31783959017274227), 'mae': 0.2243587076663971, 'accuracy': np.float64(0.8579070160365523), 'precision': np.float64(0.7968297974927676), 'recall': np.float64(0.26775624278510235), 'f1': np.float64(0.4008246297503373)}
[2025-09-29 09:24:32,247][__main__][INFO] - Val Metrics: {'rmse': np.float64(0.330348090651664), 'mae': 0.2329944521188736, 'accuracy': np.float64(0.8466550637918386), 'precision': np.float64(0.718148725949038), 'recall': np.float64(0.2238430991166221), 'f1': np.float64(0.34130367624343527)}
[2025-09-29 09:24:36,958][__main__][INFO] - Epoch 54/100: Train Loss: 0.3355, Val Loss: 0.3585
[2025-09-29 09:24:36,958][__main__][INFO] - Train Metrics: {'rmse': np.float64(0.31741540594736073), 'mae': 0.22376716136932373, 'accuracy': np.float64(0.8584821893973981), 'precision': np.float64(0.8016513982642237), 'recall': np.float64(0.26937643032180975), 'f1': np.float64(0.4032500113689763)}
[2025-09-29 09:24:36,958][__main__][INFO] - Val Metrics: {'rmse': np.float64(0.3298513886485664), 'mae': 0.23497073352336884, 'accuracy': np.float64(0.8477338434762597), 'precision': np.float64(0.7145654834761322), 'recall': np.float64(0.23656698273766108), 'f1': np.float64(0.3554554310764735)}
[2025-09-29 09:24:37,234][__main__][INFO] - New best model saved: best_model_collaborative.pth
[2025-09-29 09:24:41,616][__main__][INFO] - Epoch 55/100: Train Loss: 0.3350, Val Loss: 0.3584
[2025-09-29 09:24:41,616][__main__][INFO] - Train Metrics: {'rmse': np.float64(0.31709154115063376), 'mae': 0.22382450103759766, 'accuracy': np.float64(0.858794939912358), 'precision': np.float64(0.8011333134506412), 'recall': np.float64(0.27200923506895924), 'f1': np.float64(0.4061262132986605)}
[2025-09-29 09:24:41,616][__main__][INFO] - Val Metrics: {'rmse': np.float64(0.33002012070452313), 'mae': 0.2338833212852478, 'accuracy': np.float64(0.8469715058326022), 'precision': np.float64(0.7141057934508817), 'recall': np.float64(0.22975929978118162), 'f1': np.float64(0.34766080078484274)}
[2025-09-29 09:24:41,891][__main__][INFO] - New best model saved: best_model_collaborative.pth
[2025-09-29 09:24:46,809][__main__][INFO] - Epoch 56/100: Train Loss: 0.3353, Val Loss: 0.3586
[2025-09-29 09:24:46,809][__main__][INFO] - Train Metrics: {'rmse': np.float64(0.3173631867429682), 'mae': 0.22365903854370117, 'accuracy': np.float64(0.8582952580551232), 'precision': np.float64(0.7995427746360245), 'recall': np.float64(0.2691536545355125), 'f1': np.float64(0.4027333747481022)}
[2025-09-29 09:24:46,809][__main__][INFO] - Val Metrics: {'rmse': np.float64(0.32961767008547804), 'mae': 0.23618999123573303, 'accuracy': np.float64(0.8476619248306316), 'precision': np.float64(0.7094918504314478), 'recall': np.float64(0.2398897803711808), 'f1': np.float64(0.3585488462237296)}
[2025-09-29 09:24:52,158][__main__][INFO] - Epoch 57/100: Train Loss: 0.3348, Val Loss: 0.3583
[2025-09-29 09:24:52,158][__main__][INFO] - Train Metrics: {'rmse': np.float64(0.3170358962634626), 'mae': 0.2238214612007141, 'accuracy': np.float64(0.8582449303860492), 'precision': np.float64(0.7996263709774617), 'recall': np.float64(0.2687283553071268), 'f1': np.float64(0.4022676630640736)}
[2025-09-29 09:24:52,158][__main__][INFO] - Val Metrics: {'rmse': np.float64(0.32979175175834197), 'mae': 0.23465722799301147, 'accuracy': np.float64(0.847388633977245), 'precision': np.float64(0.7134040977536411), 'recall': np.float64(0.23421671124078125), 'f1': np.float64(0.35265405735204397)}
[2025-09-29 09:24:52,436][__main__][INFO] - New best model saved: best_model_collaborative.pth
[2025-09-29 09:24:57,453][__main__][INFO] - Epoch 58/100: Train Loss: 0.3348, Val Loss: 0.3582
[2025-09-29 09:24:57,453][__main__][INFO] - Train Metrics: {'rmse': np.float64(0.31705537778471243), 'mae': 0.22374926507472992, 'accuracy': np.float64(0.8586008189030725), 'precision': np.float64(0.8021905277727628), 'recall': np.float64(0.26996374830386616), 'f1': np.float64(0.4039761190411249)}
[2025-09-29 09:24:57,453][__main__][INFO] - Val Metrics: {'rmse': np.float64(0.32988088685146155), 'mae': 0.23407678306102753, 'accuracy': np.float64(0.8471872617694863), 'precision': np.float64(0.7147508139243677), 'recall': np.float64(0.2312991328308615), 'f1': np.float64(0.34949791819740383)}
[2025-09-29 09:24:57,738][__main__][INFO] - New best model saved: best_model_collaborative.pth
[2025-09-29 09:25:02,507][__main__][INFO] - Epoch 59/100: Train Loss: 0.3341, Val Loss: 0.3582
[2025-09-29 09:25:02,508][__main__][INFO] - Train Metrics: {'rmse': np.float64(0.31664003753795855), 'mae': 0.2232702225446701, 'accuracy': np.float64(0.858920759085043), 'precision': np.float64(0.8026645955311268), 'recall': np.float64(0.2720902444457946), 'f1': np.float64(0.406413068138849)}
[2025-09-29 09:25:02,508][__main__][INFO] - Val Metrics: {'rmse': np.float64(0.3298695712371007), 'mae': 0.2339995950460434, 'accuracy': np.float64(0.8470290407491046), 'precision': np.float64(0.712045793927327), 'recall': np.float64(0.23186643974390145), 'f1': np.float64(0.3498196490799046)}
[2025-09-29 09:25:02,786][__main__][INFO] - New best model saved: best_model_collaborative.pth
[2025-09-29 09:25:07,247][__main__][INFO] - Epoch 60/100: Train Loss: 0.3340, Val Loss: 0.3583
[2025-09-29 09:25:07,247][__main__][INFO] - Train Metrics: {'rmse': np.float64(0.3166261309269566), 'mae': 0.2233421504497528, 'accuracy': np.float64(0.8586942845742099), 'precision': np.float64(0.8011604953041813), 'recall': np.float64(0.2712396459890232), 'f1': np.float64(0.4052712802977578)}
[2025-09-29 09:25:07,247][__main__][INFO] - Val Metrics: {'rmse': np.float64(0.3300816575261983), 'mae': 0.23349523544311523, 'accuracy': np.float64(0.8466550637918386), 'precision': np.float64(0.7121901871522509), 'recall': np.float64(0.22821946673150173), 'f1': np.float64(0.3456699195973731)}
[2025-09-29 09:25:12,002][__main__][INFO] - Epoch 61/100: Train Loss: 0.3338, Val Loss: 0.3583
[2025-09-29 09:25:12,003][__main__][INFO] - Train Metrics: {'rmse': np.float64(0.3165531406167557), 'mae': 0.22319836914539337, 'accuracy': np.float64(0.8586835000736941), 'precision': np.float64(0.8008008606263447), 'recall': np.float64(0.2713611600542763), 'f1': np.float64(0.40536084345550527)}
[2025-09-29 09:25:12,003][__main__][INFO] - Val Metrics: {'rmse': np.float64(0.3297515246520176), 'mae': 0.23469634354114532, 'accuracy': np.float64(0.847647541101506), 'precision': np.float64(0.7133089133089133), 'recall': np.float64(0.23672907042710106), 'f1': np.float64(0.3554825362054278)}
[2025-09-29 09:25:16,933][__main__][INFO] - Epoch 62/100: Train Loss: 0.3333, Val Loss: 0.3582
[2025-09-29 09:25:16,933][__main__][INFO] - Train Metrics: {'rmse': np.float64(0.31627513382290484), 'mae': 0.2231464982032776, 'accuracy': np.float64(0.8588416727479267), 'precision': np.float64(0.8023687043904774), 'recall': np.float64(0.2716649452174089), 'f1': np.float64(0.40590059762463127)}
[2025-09-29 09:25:16,934][__main__][INFO] - Val Metrics: {'rmse': np.float64(0.32985413304136824), 'mae': 0.2341436892747879, 'accuracy': np.float64(0.8473310990607424), 'precision': np.float64(0.7132262051915945), 'recall': np.float64(0.2338114920171813), 'f1': np.float64(0.35217285156249994)}
[2025-09-29 09:25:22,268][__main__][INFO] - Epoch 63/100: Train Loss: 0.3334, Val Loss: 0.3581
[2025-09-29 09:25:22,268][__main__][INFO] - Train Metrics: {'rmse': np.float64(0.3163316191265729), 'mae': 0.22310352325439453, 'accuracy': np.float64(0.8592766476020663), 'precision': np.float64(0.8043310131477185), 'recall': np.float64(0.2738116937035462), 'f1': np.float64(0.40854561387604627)}
[2025-09-29 09:25:22,268][__main__][INFO] - Val Metrics: {'rmse': np.float64(0.3297409615402249), 'mae': 0.2343166470527649, 'accuracy': np.float64(0.8473310990607424), 'precision': np.float64(0.7104171749207123), 'recall': np.float64(0.2359996758246211), 'f1': np.float64(0.3543010098552135)}
[2025-09-29 09:25:22,546][__main__][INFO] - New best model saved: best_model_collaborative.pth
[2025-09-29 09:25:27,608][__main__][INFO] - Epoch 64/100: Train Loss: 0.3328, Val Loss: 0.3580
[2025-09-29 09:25:27,609][__main__][INFO] - Train Metrics: {'rmse': np.float64(0.315965085886386), 'mae': 0.22275719046592712, 'accuracy': np.float64(0.8591831819309289), 'precision': np.float64(0.8034493012191496), 'recall': np.float64(0.27360917026145776), 'f1': np.float64(0.40820642978003385)}
[2025-09-29 09:25:27,609][__main__][INFO] - Val Metrics: {'rmse': np.float64(0.32985276649472023), 'mae': 0.23367510735988617, 'accuracy': np.float64(0.8471584943112351), 'precision': np.float64(0.7131127146056233), 'recall': np.float64(0.23227165896750143), 'f1': np.float64(0.35040958552390267)}
[2025-09-29 09:25:27,893][__main__][INFO] - New best model saved: best_model_collaborative.pth
[2025-09-29 09:25:32,832][__main__][INFO] - Epoch 65/100: Train Loss: 0.3325, Val Loss: 0.3581
[2025-09-29 09:25:32,832][__main__][INFO] - Train Metrics: {'rmse': np.float64(0.3158428686576361), 'mae': 0.22271102666854858, 'accuracy': np.float64(0.8594815531118676), 'precision': np.float64(0.8039111426208201), 'recall': np.float64(0.2755736476497155), 'f1': np.float64(0.41044899929113315)}
[2025-09-29 09:25:32,833][__main__][INFO] - Val Metrics: {'rmse': np.float64(0.330008008382899), 'mae': 0.23334579169750214, 'accuracy': np.float64(0.8468852034578485), 'precision': np.float64(0.7138888888888889), 'recall': np.float64(0.22911094902342166), 'f1': np.float64(0.3468924473894104)}
[2025-09-29 09:25:38,130][__main__][INFO] - Epoch 66/100: Train Loss: 0.3323, Val Loss: 0.3582
[2025-09-29 09:25:38,131][__main__][INFO] - Train Metrics: {'rmse': np.float64(0.3156762001320214), 'mae': 0.22243045270442963, 'accuracy': np.float64(0.8596576999536266), 'precision': np.float64(0.8066813030321011), 'recall': np.float64(0.27533061951920934), 'f1': np.float64(0.41053903065076247)}
[2025-09-29 09:25:38,131][__main__][INFO] - Val Metrics: {'rmse': np.float64(0.32997149940441384), 'mae': 0.23375649750232697, 'accuracy': np.float64(0.8468708197287229), 'precision': np.float64(0.7108343711083437), 'recall': np.float64(0.2312991328308615), 'f1': np.float64(0.34902776079246667)}
[2025-09-29 09:25:43,237][__main__][INFO] - Epoch 67/100: Train Loss: 0.3321, Val Loss: 0.3581
[2025-09-29 09:25:43,237][__main__][INFO] - Train Metrics: {'rmse': np.float64(0.3156323446231293), 'mae': 0.222528338432312, 'accuracy': np.float64(0.8596001826175421), 'precision': np.float64(0.8071909042204893), 'recall': np.float64(0.27462178747189986), 'f1': np.float64(0.40981624758220503)}
[2025-09-29 09:25:43,238][__main__][INFO] - Val Metrics: {'rmse': np.float64(0.3296559472375113), 'mae': 0.23470328748226166, 'accuracy': np.float64(0.8477769946636365), 'precision': np.float64(0.7130033964095099), 'recall': np.float64(0.23818785963206093), 'f1': np.float64(0.35708644675293116)}
[2025-09-29 09:25:47,696][__main__][INFO] - Epoch 68/100: Train Loss: 0.3317, Val Loss: 0.3580
[2025-09-29 09:25:47,697][__main__][INFO] - Train Metrics: {'rmse': np.float64(0.3153644765994928), 'mae': 0.22225001454353333, 'accuracy': np.float64(0.8596720792876478), 'precision': np.float64(0.8066180394947519), 'recall': np.float64(0.27547238592867124), 'f1': np.float64(0.4106884057971014)}
[2025-09-29 09:25:47,697][__main__][INFO] - Val Metrics: {'rmse': np.float64(0.329631435454427), 'mae': 0.23454803228378296, 'accuracy': np.float64(0.8477338434762597), 'precision': np.float64(0.7147757902474884), 'recall': np.float64(0.2364048950482211), 'f1': np.float64(0.3552984165651644)}
[2025-09-29 09:25:47,979][__main__][INFO] - New best model saved: best_model_collaborative.pth
[2025-09-29 09:25:52,355][__main__][INFO] - Epoch 69/100: Train Loss: 0.3313, Val Loss: 0.3579
[2025-09-29 09:25:52,355][__main__][INFO] - Train Metrics: {'rmse': np.float64(0.31515448407580066), 'mae': 0.2219805270433426, 'accuracy': np.float64(0.8602256836474619), 'precision': np.float64(0.8100076800378094), 'recall': np.float64(0.27767989144743505), 'f1': np.float64(0.4135798745173745)}
[2025-09-29 09:25:52,355][__main__][INFO] - Val Metrics: {'rmse': np.float64(0.3296272313140467), 'mae': 0.23451612889766693, 'accuracy': np.float64(0.8475180875393754), 'precision': np.float64(0.712158203125), 'recall': np.float64(0.2364048950482211), 'f1': np.float64(0.35497414055369636)}
[2025-09-29 09:25:52,641][__main__][INFO] - New best model saved: best_model_collaborative.pth
[2025-09-29 09:25:57,074][__main__][INFO] - Epoch 70/100: Train Loss: 0.3312, Val Loss: 0.3579
[2025-09-29 09:25:57,074][__main__][INFO] - Train Metrics: {'rmse': np.float64(0.3151126721182644), 'mae': 0.22214993834495544, 'accuracy': np.float64(0.8598913641314703), 'precision': np.float64(0.8066627358490566), 'recall': np.float64(0.27707232112116975), 'f1': np.float64(0.4124696624809684)}
[2025-09-29 09:25:57,074][__main__][INFO] - Val Metrics: {'rmse': np.float64(0.3296820956505859), 'mae': 0.23405350744724274, 'accuracy': np.float64(0.8472447966859888), 'precision': np.float64(0.7125896611427158), 'recall': np.float64(0.23348731663830133), 'f1': np.float64(0.35172750579904777)}
[2025-09-29 09:25:57,376][__main__][INFO] - New best model saved: best_model_collaborative.pth
[2025-09-29 09:26:01,837][__main__][INFO] - Epoch 71/100: Train Loss: 0.3308, Val Loss: 0.3580
[2025-09-29 09:26:01,837][__main__][INFO] - Train Metrics: {'rmse': np.float64(0.31490635639888065), 'mae': 0.22192181646823883, 'accuracy': np.float64(0.8601717611448826), 'precision': np.float64(0.810206014681506), 'recall': np.float64(0.277173582842214), 'f1': np.float64(0.413043806304607)}
[2025-09-29 09:26:01,837][__main__][INFO] - Val Metrics: {'rmse': np.float64(0.32980555504315767), 'mae': 0.23361186683177948, 'accuracy': np.float64(0.8473167153316169), 'precision': np.float64(0.7138957816377172), 'recall': np.float64(0.23316314125942134), 'f1': np.float64(0.3515181135072393)}
[2025-09-29 09:26:07,115][__main__][INFO] - Epoch 72/100: Train Loss: 0.3309, Val Loss: 0.3581
[2025-09-29 09:26:07,116][__main__][INFO] - Train Metrics: {'rmse': np.float64(0.31496817305025976), 'mae': 0.22193144261837006, 'accuracy': np.float64(0.8601214334758086), 'precision': np.float64(0.8095350763042707), 'recall': np.float64(0.277173582842214), 'f1': np.float64(0.41295656503175776)}
[2025-09-29 09:26:07,116][__main__][INFO] - Val Metrics: {'rmse': np.float64(0.3298132697207209), 'mae': 0.2337709218263626, 'accuracy': np.float64(0.8470578082073559), 'precision': np.float64(0.7117676266137041), 'recall': np.float64(0.23235270281222142), 'f1': np.float64(0.350339096963402)}
[2025-09-29 09:26:12,171][__main__][INFO] - Epoch 73/100: Train Loss: 0.3302, Val Loss: 0.3580
[2025-09-29 09:26:12,171][__main__][INFO] - Train Metrics: {'rmse': np.float64(0.31458330717570887), 'mae': 0.22162240743637085, 'accuracy': np.float64(0.8603515028201468), 'precision': np.float64(0.811133435764094), 'recall': np.float64(0.27798367661056766), 'f1': np.float64(0.414063560536358)}
[2025-09-29 09:26:12,171][__main__][INFO] - Val Metrics: {'rmse': np.float64(0.3297397526919498), 'mae': 0.23396050930023193, 'accuracy': np.float64(0.8475037038102499), 'precision': np.float64(0.7144974067671029), 'recall': np.float64(0.23445984277494125), 'f1': np.float64(0.35306321698804)}
[2025-09-29 09:26:17,048][__main__][INFO] - Epoch 74/100: Train Loss: 0.3299, Val Loss: 0.3580
[2025-09-29 09:26:17,048][__main__][INFO] - Train Metrics: {'rmse': np.float64(0.31443206053130823), 'mae': 0.22150540351867676, 'accuracy': np.float64(0.8600998644747768), 'precision': np.float64(0.8106438583986695), 'recall': np.float64(0.276403993762278), 'f1': np.float64(0.4122453294670231)}
[2025-09-29 09:26:17,048][__main__][INFO] - Val Metrics: {'rmse': np.float64(0.32976407567437266), 'mae': 0.23380006849765778, 'accuracy': np.float64(0.8472591804151144), 'precision': np.float64(0.7125556104794859), 'recall': np.float64(0.2336494043277413), 'f1': np.float64(0.3519072322245957)}
[2025-09-29 09:26:22,276][__main__][INFO] - Epoch 75/100: Train Loss: 0.3294, Val Loss: 0.3579
[2025-09-29 09:26:22,276][__main__][INFO] - Train Metrics: {'rmse': np.float64(0.31410497738742277), 'mae': 0.2211156040430069, 'accuracy': np.float64(0.8608475898438763), 'precision': np.float64(0.8126245457742352), 'recall': np.float64(0.2807987524555967), 'f1': np.float64(0.41737533677508687)}
[2025-09-29 09:26:22,276][__main__][INFO] - Val Metrics: {'rmse': np.float64(0.3296205633470276), 'mae': 0.23418113589286804, 'accuracy': np.float64(0.8477626109345109), 'precision': np.float64(0.7136596055514974), 'recall': np.float64(0.237539508874301), 'f1': np.float64(0.3564392557460781)}
[2025-09-29 09:26:22,578][__main__][INFO] - New best model saved: best_model_collaborative.pth
[2025-09-29 09:26:27,550][__main__][INFO] - Epoch 76/100: Train Loss: 0.3297, Val Loss: 0.3579
[2025-09-29 09:26:27,550][__main__][INFO] - Train Metrics: {'rmse': np.float64(0.3142903066352252), 'mae': 0.2213761806488037, 'accuracy': np.float64(0.8605276496619059), 'precision': np.float64(0.8095628255398841), 'recall': np.float64(0.28015067744091376), 'f1': np.float64(0.41625541646605685)}
[2025-09-29 09:26:27,551][__main__][INFO] - Val Metrics: {'rmse': np.float64(0.32973266897793724), 'mae': 0.23375383019447327, 'accuracy': np.float64(0.8475756224558779), 'precision': np.float64(0.7140049140049141), 'recall': np.float64(0.23551341275630117), 'f1': np.float64(0.35419586812115306)}
[2025-09-29 09:26:32,887][__main__][INFO] - Epoch 77/100: Train Loss: 0.3292, Val Loss: 0.3579
[2025-09-29 09:26:32,887][__main__][INFO] - Train Metrics: {'rmse': np.float64(0.3140011850922386), 'mae': 0.2211172878742218, 'accuracy': np.float64(0.8607469345057284), 'precision': np.float64(0.8112931538911644), 'recall': np.float64(0.2807987524555967), 'f1': np.float64(0.41719951254005744)}
[2025-09-29 09:26:32,888][__main__][INFO] - Val Metrics: {'rmse': np.float64(0.3298057357697328), 'mae': 0.23330941796302795, 'accuracy': np.float64(0.8474317851646218), 'precision': np.float64(0.7149950347567031), 'recall': np.float64(0.23340627279358134), 'f1': np.float64(0.3519276593144743)}
[2025-09-29 09:26:38,396][__main__][INFO] - Epoch 78/100: Train Loss: 0.3285, Val Loss: 0.3578
[2025-09-29 09:26:38,396][__main__][INFO] - Train Metrics: {'rmse': np.float64(0.31366586168731814), 'mae': 0.22078682482242584, 'accuracy': np.float64(0.8609841935170772), 'precision': np.float64(0.8131874561198221), 'recall': np.float64(0.28148733215869737), 'f1': np.float64(0.4182099926281424)}
[2025-09-29 09:26:38,396][__main__][INFO] - Val Metrics: {'rmse': np.float64(0.3297152471391541), 'mae': 0.23358258605003357, 'accuracy': np.float64(0.8474749363519987), 'precision': np.float64(0.7139334155363748), 'recall': np.float64(0.23462193046438123), 'f1': np.float64(0.35317799194827376)}
[2025-09-29 09:26:38,694][__main__][INFO] - New best model saved: best_model_collaborative.pth
[2025-09-29 09:26:43,682][__main__][INFO] - Epoch 79/100: Train Loss: 0.3287, Val Loss: 0.3578
[2025-09-29 09:26:43,683][__main__][INFO] - Train Metrics: {'rmse': np.float64(0.3137840592944606), 'mae': 0.22083742916584015, 'accuracy': np.float64(0.8609626245160455), 'precision': np.float64(0.813231850117096), 'recall': np.float64(0.28130506106081776), 'f1': np.float64(0.4180146560934137)}
[2025-09-29 09:26:43,683][__main__][INFO] - Val Metrics: {'rmse': np.float64(0.3296701743106773), 'mae': 0.23373185098171234, 'accuracy': np.float64(0.8474317851646218), 'precision': np.float64(0.7123589995095635), 'recall': np.float64(0.23543236891158117), 'f1': np.float64(0.3539014436255102)}
[2025-09-29 09:26:43,979][__main__][INFO] - New best model saved: best_model_collaborative.pth
[2025-09-29 09:26:48,896][__main__][INFO] - Epoch 80/100: Train Loss: 0.3287, Val Loss: 0.3578
[2025-09-29 09:26:48,896][__main__][INFO] - Train Metrics: {'rmse': np.float64(0.3137964654422248), 'mae': 0.22081562876701355, 'accuracy': np.float64(0.8610273315191407), 'precision': np.float64(0.8138322792223003), 'recall': np.float64(0.28144682747027966), 'f1': np.float64(0.4182504928295186)}
[2025-09-29 09:26:48,896][__main__][INFO] - Val Metrics: {'rmse': np.float64(0.32955637443994606), 'mae': 0.2342282384634018, 'accuracy': np.float64(0.8478201458510133), 'precision': np.float64(0.7127994193080087), 'recall': np.float64(0.2387551665451009), 'f1': np.float64(0.3576979116075765)}
[2025-09-29 09:26:49,186][__main__][INFO] - New best model saved: best_model_collaborative.pth
[2025-09-29 09:26:54,296][__main__][INFO] - Epoch 81/100: Train Loss: 0.3281, Val Loss: 0.3578
[2025-09-29 09:26:54,296][__main__][INFO] - Train Metrics: {'rmse': np.float64(0.31335079486658457), 'mae': 0.22074256837368011, 'accuracy': np.float64(0.8613616510351323), 'precision': np.float64(0.8134168261146866), 'recall': np.float64(0.28412013690584687), 'f1': np.float64(0.4211395292987512)}
[2025-09-29 09:26:54,296][__main__][INFO] - Val Metrics: {'rmse': np.float64(0.32964258972832267), 'mae': 0.23369137942790985, 'accuracy': np.float64(0.8475900061850036), 'precision': np.float64(0.7130285993644586), 'recall': np.float64(0.2364048950482211), 'f1': np.float64(0.35508216676810717)}
[2025-09-29 09:26:54,583][__main__][INFO] - New best model saved: best_model_collaborative.pth
[2025-09-29 09:26:59,800][__main__][INFO] - Epoch 82/100: Train Loss: 0.3280, Val Loss: 0.3578
[2025-09-29 09:26:59,801][__main__][INFO] - Train Metrics: {'rmse': np.float64(0.3133841167336557), 'mae': 0.22054976224899292, 'accuracy': np.float64(0.8614335477052381), 'precision': np.float64(0.8144707043725684), 'recall': np.float64(0.28405937987322033), 'f1': np.float64(0.42121385026577374)}
[2025-09-29 09:26:59,801][__main__][INFO] - Val Metrics: {'rmse': np.float64(0.32964885042184805), 'mae': 0.2336658388376236, 'accuracy': np.float64(0.8475468549976267), 'precision': np.float64(0.7128180039138943), 'recall': np.float64(0.2361617635140611), 'f1': np.float64(0.35478176173373105)}
[2025-09-29 09:27:04,056][__main__][INFO] - Epoch 83/100: Train Loss: 0.3284, Val Loss: 0.3578
[2025-09-29 09:27:04,056][__main__][INFO] - Train Metrics: {'rmse': np.float64(0.3136274028334816), 'mae': 0.22067071497440338, 'accuracy': np.float64(0.8610992281892464), 'precision': np.float64(0.8137564282374942), 'recall': np.float64(0.28201389310812724), 'f1': np.float64(0.41886627863255577)}
[2025-09-29 09:27:04,056][__main__][INFO] - Val Metrics: {'rmse': np.float64(0.3295886908616989), 'mae': 0.23400013148784637, 'accuracy': np.float64(0.8475900061850036), 'precision': np.float64(0.711889132020423), 'recall': np.float64(0.23729637734014103), 'f1': np.float64(0.3559445660102115)}
[2025-09-29 09:27:08,704][__main__][INFO] - Epoch 84/100: Train Loss: 0.3276, Val Loss: 0.3578
[2025-09-29 09:27:08,704][__main__][INFO] - Train Metrics: {'rmse': np.float64(0.31308396137111266), 'mae': 0.22044731676578522, 'accuracy': np.float64(0.8615126340423543), 'precision': np.float64(0.8136523900352581), 'recall': np.float64(0.28509224942787126), 'f1': np.float64(0.4222382195026845)}
[2025-09-29 09:27:08,705][__main__][INFO] - Val Metrics: {'rmse': np.float64(0.3296521954368007), 'mae': 0.2336132526397705, 'accuracy': np.float64(0.8475180875393754), 'precision': np.float64(0.7128858402743753), 'recall': np.float64(0.23583758813518113), 'f1': np.float64(0.35442421289811826)}
[2025-09-29 09:27:09,000][__main__][INFO] - New best model saved: best_model_collaborative.pth
[2025-09-29 09:27:14,013][__main__][INFO] - Epoch 85/100: Train Loss: 0.3278, Val Loss: 0.3578
[2025-09-29 09:27:14,013][__main__][INFO] - Train Metrics: {'rmse': np.float64(0.31328634034394864), 'mae': 0.220537468791008, 'accuracy': np.float64(0.8611172023567728), 'precision': np.float64(0.8128968369546222), 'recall': np.float64(0.28262146343439254), 'f1': np.float64(0.41942173599422944)}
[2025-09-29 09:27:14,013][__main__][INFO] - Val Metrics: {'rmse': np.float64(0.3296547154763234), 'mae': 0.23363785445690155, 'accuracy': np.float64(0.8475037038102499), 'precision': np.float64(0.7127112417340191), 'recall': np.float64(0.23583758813518113), 'f1': np.float64(0.35440263061746435)}
[2025-09-29 09:27:18,337][__main__][INFO] - Epoch 86/100: Train Loss: 0.3281, Val Loss: 0.3578
[2025-09-29 09:27:18,337][__main__][INFO] - Train Metrics: {'rmse': np.float64(0.31346391789017963), 'mae': 0.22062964737415314, 'accuracy': np.float64(0.8609554348490349), 'precision': np.float64(0.8117859640941945), 'recall': np.float64(0.28205439779654495), 'f1': np.float64(0.41864939203102225)}
[2025-09-29 09:27:18,337][__main__][INFO] - Val Metrics: {'rmse': np.float64(0.32965369842233233), 'mae': 0.23369845747947693, 'accuracy': np.float64(0.8476187736432548), 'precision': np.float64(0.7139004658004413), 'recall': np.float64(0.2359996758246211), 'f1': np.float64(0.354732610549397)}
[2025-09-29 09:27:23,281][__main__][INFO] - Epoch 87/100: Train Loss: 0.3274, Val Loss: 0.3578
[2025-09-29 09:27:23,281][__main__][INFO] - Train Metrics: {'rmse': np.float64(0.3130803798436892), 'mae': 0.22028356790542603, 'accuracy': np.float64(0.8612717801975002), 'precision': np.float64(0.8159343878148799), 'recall': np.float64(0.2820746501407538), 'f1': np.float64(0.41922133429650693)}
[2025-09-29 09:27:23,282][__main__][INFO] - Val Metrics: {'rmse': np.float64(0.3296248466837081), 'mae': 0.2338266521692276, 'accuracy': np.float64(0.8476619248306316), 'precision': np.float64(0.71337890625), 'recall': np.float64(0.23681011427182105), 'f1': np.float64(0.35558259811378157)}
[2025-09-29 09:27:28,532][__main__][INFO] - Epoch 88/100: Train Loss: 0.3272, Val Loss: 0.3578
[2025-09-29 09:27:28,532][__main__][INFO] - Train Metrics: {'rmse': np.float64(0.312943203874295), 'mae': 0.2202204465866089, 'accuracy': np.float64(0.8616959705511239), 'precision': np.float64(0.816682156133829), 'recall': np.float64(0.284747959576321), 'f1': np.float64(0.42226660459808085)}
[2025-09-29 09:27:28,532][__main__][INFO] - Val Metrics: {'rmse': np.float64(0.32961666421906816), 'mae': 0.23381930589675903, 'accuracy': np.float64(0.8477482272053852), 'precision': np.float64(0.7142159257449927), 'recall': np.float64(0.23697220196126104), 'f1': np.float64(0.355869287409481)}
[2025-09-29 09:27:33,938][__main__][INFO] - Epoch 89/100: Train Loss: 0.3270, Val Loss: 0.3578
[2025-09-29 09:27:33,938][__main__][INFO] - Train Metrics: {'rmse': np.float64(0.3127853521252796), 'mae': 0.2202175408601761, 'accuracy': np.float64(0.8616456428820499), 'precision': np.float64(0.8171967843411395), 'recall': np.float64(0.284099884561638), 'f1': np.float64(0.4216221090122177)}
[2025-09-29 09:27:33,938][__main__][INFO] - Val Metrics: {'rmse': np.float64(0.3296221907954891), 'mae': 0.23372569680213928, 'accuracy': np.float64(0.8476619248306316), 'precision': np.float64(0.7139011257953989), 'recall': np.float64(0.2364048950482211), 'f1': np.float64(0.3551902587519026)}
[2025-09-29 09:27:34,231][__main__][INFO] - New best model saved: best_model_collaborative.pth
[2025-09-29 09:27:38,683][__main__][INFO] - Epoch 90/100: Train Loss: 0.3271, Val Loss: 0.3578
[2025-09-29 09:27:38,683][__main__][INFO] - Train Metrics: {'rmse': np.float64(0.3129175257935563), 'mae': 0.2201251983642578, 'accuracy': np.float64(0.8613760303691534), 'precision': np.float64(0.8152142232585252), 'recall': np.float64(0.2832290337606578), 'f1': np.float64(0.4203992063969218)}
[2025-09-29 09:27:38,683][__main__][INFO] - Val Metrics: {'rmse': np.float64(0.3295980833930995), 'mae': 0.2338211089372635, 'accuracy': np.float64(0.8477626109345109), 'precision': np.float64(0.7139722019019751), 'recall': np.float64(0.23729637734014103), 'f1': np.float64(0.3562043795620438)}
[2025-09-29 09:27:44,067][__main__][INFO] - Epoch 91/100: Train Loss: 0.3268, Val Loss: 0.3578
[2025-09-29 09:27:44,067][__main__][INFO] - Train Metrics: {'rmse': np.float64(0.31267529577822445), 'mae': 0.22015254199504852, 'accuracy': np.float64(0.8618289793908195), 'precision': np.float64(0.8171488202214621), 'recall': np.float64(0.2854567916236304), 'f1': np.float64(0.4231080959385225)}
[2025-09-29 09:27:44,067][__main__][INFO] - Val Metrics: {'rmse': np.float64(0.32961712759611017), 'mae': 0.23369354009628296, 'accuracy': np.float64(0.8476187736432548), 'precision': np.float64(0.7134817714705163), 'recall': np.float64(0.2363238512035011), 'f1': np.float64(0.35504687690247166)}
[2025-09-29 09:27:44,363][__main__][INFO] - New best model saved: best_model_collaborative.pth
[2025-09-29 09:27:49,607][__main__][INFO] - Epoch 92/100: Train Loss: 0.3267, Val Loss: 0.3577
[2025-09-29 09:27:49,608][__main__][INFO] - Train Metrics: {'rmse': np.float64(0.3127128472257602), 'mae': 0.2200952172279358, 'accuracy': np.float64(0.8616492377155552), 'precision': np.float64(0.8158093139244911), 'recall': np.float64(0.2848897259857828), 'f1': np.float64(0.4223056139297508)}
[2025-09-29 09:27:49,608][__main__][INFO] - Val Metrics: {'rmse': np.float64(0.32961374831931983), 'mae': 0.2336703985929489, 'accuracy': np.float64(0.8477050760180084), 'precision': np.float64(0.7141110295915872), 'recall': np.float64(0.23664802658238107), 'f1': np.float64(0.355490625760896)}
[2025-09-29 09:27:55,032][__main__][INFO] - Epoch 93/100: Train Loss: 0.3268, Val Loss: 0.3577
[2025-09-29 09:27:55,032][__main__][INFO] - Train Metrics: {'rmse': np.float64(0.3127368387148592), 'mae': 0.22004388272762299, 'accuracy': np.float64(0.8614766857073015), 'precision': np.float64(0.8158094017591891), 'recall': np.float64(0.28363408064483464), 'f1': np.float64(0.42092450108199087)}
[2025-09-29 09:27:55,032][__main__][INFO] - Val Metrics: {'rmse': np.float64(0.32960355376939354), 'mae': 0.23369519412517548, 'accuracy': np.float64(0.8477769946636365), 'precision': np.float64(0.7146699266503668), 'recall': np.float64(0.23689115811654105), 'f1': np.float64(0.3558341956296792)}
[2025-09-29 09:27:55,335][__main__][INFO] - New best model saved: best_model_collaborative.pth
[2025-09-29 09:28:00,517][__main__][INFO] - Epoch 94/100: Train Loss: 0.3266, Val Loss: 0.3577
[2025-09-29 09:28:00,517][__main__][INFO] - Train Metrics: {'rmse': np.float64(0.3126108568974085), 'mae': 0.2198607176542282, 'accuracy': np.float64(0.8617211343856609), 'precision': np.float64(0.8170143529548493), 'recall': np.float64(0.284747959576321), 'f1': np.float64(0.42231099630552976)}
[2025-09-29 09:28:00,517][__main__][INFO] - Val Metrics: {'rmse': np.float64(0.32959995960676886), 'mae': 0.23372268676757812, 'accuracy': np.float64(0.847719459747134), 'precision': np.float64(0.7138671875), 'recall': np.float64(0.23697220196126104), 'f1': np.float64(0.3558259811378156)}
[2025-09-29 09:28:06,038][__main__][INFO] - Epoch 95/100: Train Loss: 0.3265, Val Loss: 0.3577
[2025-09-29 09:28:06,038][__main__][INFO] - Train Metrics: {'rmse': np.float64(0.3125746876156486), 'mae': 0.21996454894542694, 'accuracy': np.float64(0.8618541432253565), 'precision': np.float64(0.816819076281977), 'recall': np.float64(0.28582133381938957), 'f1': np.float64(0.42346410621858815)}
[2025-09-29 09:28:06,038][__main__][INFO] - Val Metrics: {'rmse': np.float64(0.32959726961035585), 'mae': 0.23371484875679016, 'accuracy': np.float64(0.8477769946636365), 'precision': np.float64(0.7146699266503668), 'recall': np.float64(0.23689115811654105), 'f1': np.float64(0.3558341956296792)}
[2025-09-29 09:28:11,496][__main__][INFO] - Epoch 96/100: Train Loss: 0.3265, Val Loss: 0.3577
[2025-09-29 09:28:11,497][__main__][INFO] - Train Metrics: {'rmse': np.float64(0.3125731144250598), 'mae': 0.21994584798812866, 'accuracy': np.float64(0.8617247292191662), 'precision': np.float64(0.816179879462216), 'recall': np.float64(0.28523401583733315), 'f1': np.float64(0.4227334804076059)}
[2025-09-29 09:28:11,497][__main__][INFO] - Val Metrics: {'rmse': np.float64(0.32959782343494143), 'mae': 0.23371368646621704, 'accuracy': np.float64(0.8477626109345109), 'precision': np.float64(0.7144952334392569), 'recall': np.float64(0.23689115811654105), 'f1': np.float64(0.35581253804017043)}
[2025-09-29 09:28:16,991][__main__][INFO] - Epoch 97/100: Train Loss: 0.3266, Val Loss: 0.3577
[2025-09-29 09:28:16,992][__main__][INFO] - Train Metrics: {'rmse': np.float64(0.3126227495393893), 'mae': 0.21993094682693481, 'accuracy': np.float64(0.8616384532150393), 'precision': np.float64(0.8162542116881608), 'recall': np.float64(0.2845656884784414), 'f1': np.float64(0.42200898019251853)}
[2025-09-29 09:28:16,992][__main__][INFO] - Val Metrics: {'rmse': np.float64(0.32959663666683275), 'mae': 0.2337135374546051, 'accuracy': np.float64(0.8477769946636365), 'precision': np.float64(0.7146699266503668), 'recall': np.float64(0.23689115811654105), 'f1': np.float64(0.3558341956296792)}
[2025-09-29 09:28:21,552][__main__][INFO] - Epoch 98/100: Train Loss: 0.3265, Val Loss: 0.3577
[2025-09-29 09:28:21,552][__main__][INFO] - Train Metrics: {'rmse': np.float64(0.31261223923173775), 'mae': 0.2199634313583374, 'accuracy': np.float64(0.8616744015500922), 'precision': np.float64(0.8173188912182623), 'recall': np.float64(0.2842416509710999), 'f1': np.float64(0.4217944672346692)}
[2025-09-29 09:28:21,552][__main__][INFO] - Val Metrics: {'rmse': np.float64(0.329595257749949), 'mae': 0.233717679977417, 'accuracy': np.float64(0.8477626109345109), 'precision': np.float64(0.714600146735143), 'recall': np.float64(0.23681011427182105), 'f1': np.float64(0.3557341124908692)}
[2025-09-29 09:28:26,100][__main__][INFO] - Epoch 99/100: Train Loss: 0.3264, Val Loss: 0.3577
[2025-09-29 09:28:26,100][__main__][INFO] - Train Metrics: {'rmse': np.float64(0.3125366547068288), 'mae': 0.21991586685180664, 'accuracy': np.float64(0.8617498930537032), 'precision': np.float64(0.8163277130772351), 'recall': np.float64(0.2853352775583774), 'f1': np.float64(0.422864517678132)}
[2025-09-29 09:28:26,100][__main__][INFO] - Val Metrics: {'rmse': np.float64(0.32959462480256246), 'mae': 0.23371967673301697, 'accuracy': np.float64(0.8477338434762597), 'precision': np.float64(0.7142507944267905), 'recall': np.float64(0.23681011427182105), 'f1': np.float64(0.35569080949482657)}
[2025-09-29 09:28:30,888][__main__][INFO] - Epoch 100/100: Train Loss: 0.3264, Val Loss: 0.3577
[2025-09-29 09:28:30,888][__main__][INFO] - Train Metrics: {'rmse': np.float64(0.31250367162454884), 'mae': 0.21987822651863098, 'accuracy': np.float64(0.8618397638913353), 'precision': np.float64(0.8162274618585298), 'recall': np.float64(0.2860441096056869), 'f1': np.float64(0.42362891978224687)}
[2025-09-29 09:28:30,888][__main__][INFO] - Val Metrics: {'rmse': np.float64(0.3295948734606093), 'mae': 0.23371829092502594, 'accuracy': np.float64(0.8477338434762597), 'precision': np.float64(0.7142507944267905), 'recall': np.float64(0.23681011427182105), 'f1': np.float64(0.35569080949482657)}
[2025-09-29 09:28:31,186][__main__][INFO] - Training completed!
[2025-09-29 09:28:31,186][__main__][INFO] - Best validation loss: 0.3577
[2025-09-29 09:28:35,438][__main__][INFO] - MLflow run completed
