[2025-09-28 19:09:06,530][__main__][INFO] - Configuration:
[2025-09-28 19:09:06,531][__main__][INFO] - model:
  name: collaborative
  type: CollaborativeFilteringModel
  embedding_dim: 50
  dropout: 0.2
  bias: true
  init_mean: 0.0
  init_std: 0.1
  description: Matrix factorization with user and movie embeddings
train:
  name: fast
  batch_size: 512
  learning_rate: 0.001
  weight_decay: 0.0001
  epochs: 3
  patience: 3
  min_delta: 0.001
  optimizer:
    type: adam
    betas:
    - 0.9
    - 0.999
    eps: 1.0e-08
    amsgrad: false
  scheduler:
    type: exponential
    gamma: 0.95
  loss:
    type: bce
    reduction: mean
  validation:
    val_ratio: 0.2
    val_batch_size: 1024
    val_frequency: 1
    early_stopping: true
  metrics:
  - rmse
  - mae
  - accuracy
  top_k:
  - 10
data:
  name: default
  data_dir: data
  raw_data_dir: data/raw
  min_ratings_per_user: 5
  min_ratings_per_movie: 5
  rating_threshold: 3.0
  negative_sampling: true
  negative_sampling_ratio: 4
  validation_ratio: 0.2
  test_ratio: 0.1
  seed: 42
experiment:
  name: movie_recommendation
  tags:
  - collaborative_filtering
  - pytorch
  notes: Training movie recommendation models with different configurations
seed: 42
device: auto

[2025-09-28 19:09:06,547][__main__][INFO] - Using device: cuda
[2025-09-28 19:09:06,547][__main__][INFO] - Loading data...
[2025-09-28 19:09:06,586][__main__][INFO] - Loaded 100836 user-movie interactions
[2025-09-28 19:09:06,586][__main__][INFO] - Users: 610, Movies: 9742
[2025-09-28 19:09:07,269][__main__][INFO] - Creating model: CollaborativeFilteringModel
[2025-09-28 19:09:07,325][__main__][INFO] - Model created with 527,953 parameters
[2025-09-28 19:09:07,980][__main__][INFO] - Starting training...
[2025-09-28 19:09:11,501][__main__][INFO] - Epoch 1/3: Train Loss: 0.5688, Val Loss: 0.4754
[2025-09-28 19:09:11,501][__main__][INFO] - Train Metrics: {'rmse': np.float64(0.4357915969118147), 'mae': 0.42414331436157227, 'accuracy': np.float64(0.8229041221955805), 'precision': np.float64(0.5177952755905512), 'recall': np.float64(0.03329485387933653), 'f1': np.float64(0.0625666007002588)}
[2025-09-28 19:09:11,501][__main__][INFO] - Val Metrics: {'rmse': np.float64(0.384031224230538), 'mae': 0.35670405626296997, 'accuracy': np.float64(0.8310487176905484), 'precision': np.float64(0.7385358004827032), 'recall': np.float64(0.07439824945295405), 'f1': np.float64(0.13517891326756)}
[2025-09-28 19:09:11,509][__main__][INFO] - New best model saved: best_model_collaborative.pth
[2025-09-28 19:09:14,898][__main__][INFO] - Epoch 2/3: Train Loss: 0.4443, Val Loss: 0.4271
[2025-09-28 19:09:14,898][__main__][INFO] - Train Metrics: {'rmse': np.float64(0.3682112929103755), 'mae': 0.32703322172164917, 'accuracy': np.float64(0.8356621863058412), 'precision': np.float64(0.7921186981493299), 'recall': np.float64(0.10055288899690139), 'f1': np.float64(0.17845269116722076)}
[2025-09-28 19:09:14,898][__main__][INFO] - Val Metrics: {'rmse': np.float64(0.35993774554613034), 'mae': 0.30853813886642456, 'accuracy': np.float64(0.831695985501201), 'precision': np.float64(0.7547923322683706), 'recall': np.float64(0.07658643326039387), 'f1': np.float64(0.13906261496578617)}
[2025-09-28 19:09:14,906][__main__][INFO] - New best model saved: best_model_collaborative.pth
[2025-09-28 19:09:19,171][__main__][INFO] - Epoch 3/3: Train Loss: 0.4160, Val Loss: 0.4122
[2025-09-28 19:09:19,171][__main__][INFO] - Train Metrics: {'rmse': np.float64(0.3549944889285568), 'mae': 0.2948841154575348, 'accuracy': np.float64(0.8350798232779849), 'precision': np.float64(0.8096249115357396), 'recall': np.float64(0.09267472709966179), 'f1': np.float64(0.16631230805575242)}
[2025-09-28 19:09:19,171][__main__][INFO] - Val Metrics: {'rmse': np.float64(0.35393122485965606), 'mae': 0.2875484228134155, 'accuracy': np.float64(0.8305596709002776), 'precision': np.float64(0.7684918347742555), 'recall': np.float64(0.06483507577599482), 'f1': np.float64(0.11958146487294471)}
[2025-09-28 19:09:19,179][__main__][INFO] - New best model saved: best_model_collaborative.pth
[2025-09-28 19:09:19,179][__main__][INFO] - Training completed!
[2025-09-28 19:09:19,179][__main__][INFO] - Best validation loss: 0.4122
