[2025-09-28 19:22:26,954][__main__][INFO] - Configuration:
[2025-09-28 19:22:26,956][__main__][INFO] - model:
  name: collaborative
  type: CollaborativeFilteringModel
  embedding_dim: 50
  dropout: 0.2
  bias: true
  init_mean: 0.0
  init_std: 0.1
  description: Matrix factorization with user and movie embeddings
train:
  name: default
  batch_size: 256
  learning_rate: 0.01
  weight_decay: 0.0001
  epochs: 2
  patience: 5
  min_delta: 0.0001
  scheduler:
    type: reduce_on_plateau
    factor: 0.5
    patience: 3
    min_lr: 1.0e-06
    verbose: true
  loss:
    type: bce
    margin: 1.0
    reduction: mean
  validation:
    val_ratio: 0.2
    val_batch_size: 512
    val_frequency: 1
    early_stopping: true
  metrics:
  - rmse
  - mae
  - precision@10
  - recall@10
  - ndcg@10
  top_k:
  - 5
  - 10
  - 20
data:
  name: default
  data_dir: data
  raw_data_dir: data/raw
  min_ratings_per_user: 5
  min_ratings_per_movie: 5
  rating_threshold: 3.0
  negative_sampling: true
  negative_sampling_ratio: 4
  validation_ratio: 0.2
  test_ratio: 0.1
  seed: 42
optimizer:
  type: adam_variant
  betas:
  - 0.9
  - 0.999
  eps: 1.0e-08
  amsgrad: false
  embedding_lr_scale: 0.1
  gradient_centralization: true
  warmup_steps: 1000
  clip_grad_norm: 1.0
experiment:
  name: movie_recommendation
  tags:
  - collaborative_filtering
  - pytorch
  notes: Training movie recommendation models with different configurations
seed: 42
device: auto

[2025-09-28 19:22:26,969][__main__][INFO] - Using device: cuda
[2025-09-28 19:22:26,969][__main__][INFO] - Loading data...
[2025-09-28 19:22:27,008][__main__][INFO] - Loaded 100836 user-movie interactions
[2025-09-28 19:22:27,009][__main__][INFO] - Users: 610, Movies: 9742
[2025-09-28 19:22:27,652][__main__][INFO] - Creating model: CollaborativeFilteringModel
[2025-09-28 19:22:27,722][__main__][INFO] - Model created with 527,953 parameters
[2025-09-28 19:22:28,380][__main__][INFO] - Starting training...
[2025-09-28 19:22:33,371][__main__][INFO] - Epoch 1/2: Train Loss: 0.5341, Val Loss: 0.4675
[2025-09-28 19:22:33,371][__main__][INFO] - Train Metrics: {'rmse': np.float64(0.4186316963587415), 'mae': 0.37374183535575867, 'accuracy': np.float64(0.8105990071069858), 'precision': np.float64(0.18148575827559663), 'recall': np.float64(0.01909796058893817), 'f1': np.float64(0.03455921426346362)}
[2025-09-28 19:22:33,372][__main__][INFO] - Val Metrics: {'rmse': np.float64(0.3820664668477107), 'mae': 0.29217663407325745, 'accuracy': np.float64(0.8225191663190599), 'precision': 0.0, 'recall': np.float64(0.0), 'f1': 0.0}
[2025-09-28 19:22:33,379][__main__][INFO] - New best model saved: best_model_collaborative.pth
[2025-09-28 19:22:38,449][__main__][INFO] - Epoch 2/2: Train Loss: 0.4674, Val Loss: 0.4672
[2025-09-28 19:22:38,450][__main__][INFO] - Train Metrics: {'rmse': np.float64(0.38203366518719883), 'mae': 0.2918337881565094, 'accuracy': np.float64(0.8224979060094831), 'precision': 0.0, 'recall': np.float64(0.0), 'f1': 0.0}
[2025-09-28 19:22:38,450][__main__][INFO] - Val Metrics: {'rmse': np.float64(0.3819349116763749), 'mae': 0.2930028736591339, 'accuracy': np.float64(0.8225191663190599), 'precision': 0.0, 'recall': np.float64(0.0), 'f1': 0.0}
[2025-09-28 19:22:38,456][__main__][INFO] - New best model saved: best_model_collaborative.pth
[2025-09-28 19:22:38,457][__main__][INFO] - Training completed!
[2025-09-28 19:22:38,457][__main__][INFO] - Best validation loss: 0.4672
