[2025-09-29 09:19:37,704][__main__][INFO] - Configuration:
[2025-09-29 09:19:37,706][__main__][INFO] - model:
  name: hybrid
  type: HybridModel
  embedding_dim: 50
  genre_embedding_dim: 32
  collaborative_weight: 0.7
  content_weight: 0.3
  fusion_dims:
  - 256
  - 128
  dropout: 0.2
  description: Combined collaborative and content-based approach
train:
  name: default
  batch_size: 256
  learning_rate: 0.005
  weight_decay: 0.0001
  epochs: 3
  patience: 5
  min_delta: 0.0001
  scheduler:
    type: reduce_on_plateau
    factor: 0.5
    patience: 3
    min_lr: 1.0e-06
    verbose: true
  loss:
    type: bce
    margin: 1.0
    reduction: mean
  validation:
    val_ratio: 0.2
    val_batch_size: 512
    val_frequency: 1
    early_stopping: true
  metrics:
  - rmse
  - mae
  - precision@10
  - recall@10
  - ndcg@10
  top_k:
  - 5
  - 10
  - 20
data:
  name: default
  data_dir: data
  raw_data_dir: data/raw
  min_ratings_per_user: 5
  min_ratings_per_movie: 5
  rating_threshold: 3.0
  negative_sampling: true
  negative_sampling_ratio: 4
  validation_ratio: 0.2
  test_ratio: 0.1
  seed: 42
optimizer:
  type: adam
  betas:
  - 0.9
  - 0.999
  eps: 1.0e-08
  amsgrad: false
experiment:
  name: hybrid_lr_sweep
  tags:
  - collaborative_filtering
  - pytorch
  notes: Training movie recommendation models with different configurations
seed: 42
device: auto
mlflow:
  tracking_uri: null
  experiment_name: ${experiment.name}
  enable: true
  log_models: true
  log_artifacts: true

[2025-09-29 09:19:38,080][__main__][INFO] - MLflow run started: 6d21245454df458288e12c36a3a4466a
[2025-09-29 09:19:38,092][__main__][INFO] - Using device: cuda
[2025-09-29 09:19:38,120][__main__][INFO] - Loading data...
[2025-09-29 09:19:38,157][__main__][INFO] - Loaded 100836 user-movie interactions
[2025-09-29 09:19:38,158][__main__][INFO] - Users: 610, Movies: 9742
[2025-09-29 09:19:38,838][__main__][INFO] - Creating model: HybridModel
[2025-09-29 09:19:39,000][__main__][INFO] - Model created with 549,154 parameters
[2025-09-29 09:19:39,897][__main__][INFO] - Starting training...
[2025-09-29 09:19:44,423][__main__][INFO] - Epoch 1/3: Train Loss: 0.3690, Val Loss: 0.3513
[2025-09-29 09:19:44,424][__main__][INFO] - Train Metrics: {'rmse': np.float64(0.33622401239875666), 'mae': 0.22770899534225464, 'accuracy': np.float64(0.8456917717855897), 'precision': np.float64(0.6292675108190415), 'recall': np.float64(0.3180428134556575), 'f1': np.float64(0.422531042740102)}
[2025-09-29 09:19:44,424][__main__][INFO] - Val Metrics: {'rmse': np.float64(0.3297572749096736), 'mae': 0.22064617276191711, 'accuracy': np.float64(0.847388633977245), 'precision': np.float64(0.5935504815496159), 'recall': np.float64(0.44452548828916444), 'f1': np.float64(0.5083410565338277)}
[2025-09-29 09:19:44,656][__main__][INFO] - New best model saved: best_model_hybrid.pth
[2025-09-29 09:19:49,274][__main__][INFO] - Epoch 2/3: Train Loss: 0.3410, Val Loss: 0.3440
[2025-09-29 09:19:49,274][__main__][INFO] - Train Metrics: {'rmse': np.float64(0.324700870312058), 'mae': 0.21215155720710754, 'accuracy': np.float64(0.8528311111270882), 'precision': np.float64(0.6485981966751198), 'recall': np.float64(0.3729469186058286), 'f1': np.float64(0.47358201854209253)}
[2025-09-29 09:19:49,274][__main__][INFO] - Val Metrics: {'rmse': np.float64(0.3262437181671869), 'mae': 0.21106888353824615, 'accuracy': np.float64(0.8502222286149907), 'precision': np.float64(0.6251299376299376), 'recall': np.float64(0.3899019369478888), 'f1': np.float64(0.480259545794859)}
[2025-09-29 09:19:49,517][__main__][INFO] - New best model saved: best_model_hybrid.pth
