[2025-09-28 18:28:40,659][__main__][INFO] - Configuration:
[2025-09-28 18:28:40,660][__main__][INFO] - model:
  name: deep_cf
  type: DeepCollaborativeFiltering
  embedding_dim: 64
  hidden_dims:
  - 256
  - 128
  - 64
  dropout: 0.4
  batch_norm: true
  activation: relu
  description: Deep neural network for collaborative filtering
train:
  name: default
  batch_size: 256
  learning_rate: 0.01
  weight_decay: 0.0001
  epochs: 2
  patience: 5
  min_delta: 0.0001
  optimizer:
    type: adam
    betas:
    - 0.9
    - 0.999
    eps: 1.0e-08
    amsgrad: false
  scheduler:
    type: reduce_on_plateau
    factor: 0.5
    patience: 3
    min_lr: 1.0e-06
    verbose: true
  loss:
    type: bce
    margin: 1.0
    reduction: mean
  validation:
    val_ratio: 0.2
    val_batch_size: 512
    val_frequency: 1
    early_stopping: true
  metrics:
  - rmse
  - mae
  - precision@10
  - recall@10
  - ndcg@10
  top_k:
  - 5
  - 10
  - 20
data:
  name: default
  data_dir: data
  raw_data_dir: data/raw
  min_ratings_per_user: 5
  min_ratings_per_movie: 5
  rating_threshold: 3.0
  negative_sampling: true
  negative_sampling_ratio: 4
  validation_ratio: 0.2
  test_ratio: 0.1
  seed: 42
experiment:
  name: movie_recommendation
  tags:
  - collaborative_filtering
  - pytorch
  notes: Training movie recommendation models with different configurations
seed: 42
device: auto

[2025-09-28 18:28:40,662][__main__][INFO] - Using device: cpu
[2025-09-28 18:28:40,663][__main__][INFO] - Loading data...
[2025-09-28 18:28:40,701][__main__][INFO] - Loaded 100836 user-movie interactions
[2025-09-28 18:28:40,701][__main__][INFO] - Users: 610, Movies: 9742
[2025-09-28 18:28:41,340][__main__][INFO] - Creating model: DeepCollaborativeFiltering
[2025-09-28 18:28:41,345][__main__][INFO] - Model created with 736,769 parameters
[2025-09-28 18:28:42,204][__main__][INFO] - Starting training...
[2025-09-28 18:28:53,999][__main__][INFO] - Epoch 1/2: Train Loss: 0.3887, Val Loss: 0.3721
[2025-09-28 18:28:54,000][__main__][INFO] - Train Metrics: {'rmse': np.float64(0.34453336364720555), 'mae': 0.23870792984962463, 'accuracy': np.float64(0.8381570007585099), 'precision': np.float64(0.6195258478761936), 'recall': np.float64(0.2286287137736193), 'f1': np.float64(0.33399902365419604)}
[2025-09-28 18:28:54,000][__main__][INFO] - Val Metrics: {'rmse': np.float64(0.3380355964967319), 'mae': 0.24332213401794434, 'accuracy': np.float64(0.8443105159443637), 'precision': np.float64(0.6058996225359988), 'recall': np.float64(0.3512440230164519), 'f1': np.float64(0.44469525959367945)}
[2025-09-28 18:28:54,008][__main__][INFO] - New best model saved: best_model_deep_cf.pth
