[2025-09-29 10:39:24,931][__main__][INFO] - Configuration:
[2025-09-29 10:39:24,932][__main__][INFO] - model:
  name: hybrid
  type: HybridModel
  embedding_dim: 50
  genre_embedding_dim: 32
  collaborative_weight: 0.7
  content_weight: 0.3
  fusion_dims:
  - 256
  - 128
  dropout: 0.3
  description: Combined collaborative and content-based approach
train:
  name: production
  batch_size: 256
  learning_rate: 0.001
  weight_decay: 0.005
  epochs: 100
  patience: 10
  min_delta: 1.0e-05
  optimizer:
    type: adam
    betas:
    - 0.9
    - 0.999
    eps: 1.0e-08
    amsgrad: true
  scheduler:
    type: cosine
    T_max: 100
    eta_min: 1.0e-06
  loss:
    type: bce
    reduction: mean
  validation:
    val_ratio: 0.2
    val_batch_size: 512
    val_frequency: 1
    early_stopping: true
  metrics:
  - rmse
  - mae
  - precision@5
  - precision@10
  - precision@20
  - recall@5
  - recall@10
  - recall@20
  - ndcg@10
  - f1
  top_k:
  - 5
  - 10
  - 20
  - 50
data:
  name: default
  data_dir: data
  raw_data_dir: data/raw
  min_ratings_per_user: 5
  min_ratings_per_movie: 5
  rating_threshold: 3.0
  negative_sampling: true
  negative_sampling_ratio: 4
  validation_ratio: 0.2
  test_ratio: 0.1
  seed: 42
optimizer:
  type: adam
  betas:
  - 0.9
  - 0.999
  eps: 1.0e-08
  amsgrad: false
experiment:
  name: movie_recommendation
  tags:
  - collaborative_filtering
  - pytorch
  notes: Training movie recommendation models with different configurations
seed: 42
device: auto
mlflow:
  tracking_uri: null
  experiment_name: ${experiment.name}
  enable: true
  log_models: true
  log_artifacts: true

[2025-09-29 10:39:25,027][__main__][INFO] - MLflow run started: cf918dd77185487f93bc2efa2e52941b
[2025-09-29 10:39:25,027][__main__][INFO] - Using device: cuda
[2025-09-29 10:39:25,051][__main__][INFO] - Loading data...
[2025-09-29 10:39:25,088][__main__][INFO] - Loaded 100836 user-movie interactions
[2025-09-29 10:39:25,090][__main__][INFO] - Users: 610, Movies: 9742
[2025-09-29 10:39:25,772][__main__][INFO] - Creating model: HybridModel
[2025-09-29 10:39:25,886][__main__][INFO] - Model created with 549,154 parameters
[2025-09-29 10:39:25,935][__main__][INFO] - Starting training...
[2025-09-29 10:39:30,694][__main__][INFO] - Epoch 1/100: Train Loss: 0.4120, Val Loss: 0.3798
[2025-09-29 10:39:30,694][__main__][INFO] - Train Metrics: {'rmse': np.float64(0.35675595477560396), 'mae': 0.2655058205127716, 'accuracy': np.float64(0.8282388551174252), 'precision': np.float64(0.6684243830415524), 'recall': np.float64(0.06417967879782084), 'f1': np.float64(0.11711445360138956)}
[2025-09-29 10:39:30,694][__main__][INFO] - Val Metrics: {'rmse': np.float64(0.3408068460246981), 'mae': 0.24809205532073975, 'accuracy': np.float64(0.8416207585978741), 'precision': np.float64(0.6307601417881056), 'recall': np.float64(0.2595834346381392), 'f1': np.float64(0.367801573175633)}
[2025-09-29 10:39:30,939][__main__][INFO] - New best model saved: best_model_hybrid.pth
[2025-09-29 10:39:36,252][__main__][INFO] - Epoch 2/100: Train Loss: 0.3746, Val Loss: 0.3689
[2025-09-29 10:39:36,252][__main__][INFO] - Train Metrics: {'rmse': np.float64(0.3380720169842133), 'mae': 0.24017907679080963, 'accuracy': np.float64(0.8453107194340295), 'precision': np.float64(0.6831563149388132), 'recall': np.float64(0.23968649371164713), 'f1': np.float64(0.35486724336966463)}
[2025-09-29 10:39:36,252][__main__][INFO] - Val Metrics: {'rmse': np.float64(0.3361024340789433), 'mae': 0.23602300882339478, 'accuracy': np.float64(0.8456625864821714), 'precision': np.float64(0.6498416837399889), 'recall': np.float64(0.2827619742280574), 'f1': np.float64(0.3940591822904902)}
[2025-09-29 10:39:36,506][__main__][INFO] - New best model saved: best_model_hybrid.pth
[2025-09-29 10:39:41,628][__main__][INFO] - Epoch 3/100: Train Loss: 0.3663, Val Loss: 0.3632
[2025-09-29 10:39:41,628][__main__][INFO] - Train Metrics: {'rmse': np.float64(0.33425772785178115), 'mae': 0.23567436635494232, 'accuracy': np.float64(0.8481973707387742), 'precision': np.float64(0.681419073237578), 'recall': np.float64(0.271907973347915), 'f1': np.float64(0.3887087434858135)}
[2025-09-29 10:39:41,628][__main__][INFO] - Val Metrics: {'rmse': np.float64(0.334019876567519), 'mae': 0.228354349732399, 'accuracy': np.float64(0.8459934122520605), 'precision': np.float64(0.6554878048780488), 'recall': np.float64(0.2787908258367777), 'f1': np.float64(0.39119804400978)}
[2025-09-29 10:39:41,879][__main__][INFO] - New best model saved: best_model_hybrid.pth
[2025-09-29 10:39:47,861][__main__][INFO] - Epoch 4/100: Train Loss: 0.3628, Val Loss: 0.3625
[2025-09-29 10:39:47,861][__main__][INFO] - Train Metrics: {'rmse': np.float64(0.33258496283504213), 'mae': 0.2336546778678894, 'accuracy': np.float64(0.8497611233135738), 'precision': np.float64(0.6860282574568289), 'recall': np.float64(0.28320878141644895), 'f1': np.float64(0.4009116841788392)}
[2025-09-29 10:39:47,861][__main__][INFO] - Val Metrics: {'rmse': np.float64(0.33258917439130636), 'mae': 0.24086420238018036, 'accuracy': np.float64(0.8477338434762597), 'precision': np.float64(0.6317450774086878), 'recall': np.float64(0.34062727935813275), 'f1': np.float64(0.4426074136478517)}
[2025-09-29 10:39:48,126][__main__][INFO] - New best model saved: best_model_hybrid.pth
[2025-09-29 10:39:53,804][__main__][INFO] - Epoch 5/100: Train Loss: 0.3604, Val Loss: 0.3616
[2025-09-29 10:39:53,804][__main__][INFO] - Train Metrics: {'rmse': np.float64(0.3315331818564524), 'mae': 0.23245079815387726, 'accuracy': np.float64(0.8502608051708085), 'precision': np.float64(0.6827755952099209), 'recall': np.float64(0.29214006521254837), 'f1': np.float64(0.40919664132531486)}
[2025-09-29 10:39:53,804][__main__][INFO] - Val Metrics: {'rmse': np.float64(0.3326077897272445), 'mae': 0.23608578741550446, 'accuracy': np.float64(0.8469139709160997), 'precision': np.float64(0.6623898889314439), 'recall': np.float64(0.2803306588864576), 'f1': np.float64(0.3939411195262229)}
[2025-09-29 10:39:54,062][__main__][INFO] - New best model saved: best_model_hybrid.pth
[2025-09-29 10:39:59,602][__main__][INFO] - Epoch 6/100: Train Loss: 0.3590, Val Loss: 0.3577
[2025-09-29 10:39:59,602][__main__][INFO] - Train Metrics: {'rmse': np.float64(0.33088137160573305), 'mae': 0.23187373578548431, 'accuracy': np.float64(0.8505771505192737), 'precision': np.float64(0.6860736576301872), 'recall': np.float64(0.2916337566073273), 'f1': np.float64(0.40928857686951087)}
[2025-09-29 10:39:59,602][__main__][INFO] - Val Metrics: {'rmse': np.float64(0.33164330426359373), 'mae': 0.2269309163093567, 'accuracy': np.float64(0.8464105403967033), 'precision': np.float64(0.6421845574387948), 'recall': np.float64(0.3039954615446957), 'f1': np.float64(0.4126512651265127)}
[2025-09-29 10:39:59,862][__main__][INFO] - New best model saved: best_model_hybrid.pth
[2025-09-29 10:40:05,556][__main__][INFO] - Epoch 7/100: Train Loss: 0.3581, Val Loss: 0.3593
[2025-09-29 10:40:05,556][__main__][INFO] - Train Metrics: {'rmse': np.float64(0.3304445050411405), 'mae': 0.2313058227300644, 'accuracy': np.float64(0.8505232280166944), 'precision': np.float64(0.6816571907913133), 'recall': np.float64(0.2962310387427345), 'f1': np.float64(0.41298792969577186)}
[2025-09-29 10:40:05,556][__main__][INFO] - Val Metrics: {'rmse': np.float64(0.33142113448498156), 'mae': 0.23582112789154053, 'accuracy': np.float64(0.8474317851646218), 'precision': np.float64(0.6540377090003557), 'recall': np.float64(0.2979982170354162), 'f1': np.float64(0.40944268136518014)}
[2025-09-29 10:40:11,941][__main__][INFO] - Epoch 8/100: Train Loss: 0.3569, Val Loss: 0.3576
[2025-09-29 10:40:11,941][__main__][INFO] - Train Metrics: {'rmse': np.float64(0.3299182188503087), 'mae': 0.23076586425304413, 'accuracy': np.float64(0.8509042803682547), 'precision': np.float64(0.6844882330967501), 'recall': np.float64(0.29687911375741743), 'f1': np.float64(0.4141369909454325)}
[2025-09-29 10:40:11,941][__main__][INFO] - Val Metrics: {'rmse': np.float64(0.33152978839996156), 'mae': 0.2281627207994461, 'accuracy': np.float64(0.8466406800627131), 'precision': np.float64(0.6665342601787487), 'recall': np.float64(0.27198314288029823), 'f1': np.float64(0.38632439277080693)}
[2025-09-29 10:40:12,209][__main__][INFO] - New best model saved: best_model_hybrid.pth
[2025-09-29 10:40:17,989][__main__][INFO] - Epoch 9/100: Train Loss: 0.3551, Val Loss: 0.3583
[2025-09-29 10:40:17,989][__main__][INFO] - Train Metrics: {'rmse': np.float64(0.3291120216224454), 'mae': 0.22970855236053467, 'accuracy': np.float64(0.8516016780682802), 'precision': np.float64(0.687772520641989), 'recall': np.float64(0.3002815075845029), 'f1': np.float64(0.41804468879960527)}
[2025-09-29 10:40:17,989][__main__][INFO] - Val Metrics: {'rmse': np.float64(0.3313182355668166), 'mae': 0.2334669828414917, 'accuracy': np.float64(0.8460797146268142), 'precision': np.float64(0.6640625), 'recall': np.float64(0.2686603452467785), 'f1': np.float64(0.3825514973169465)}
[2025-09-29 10:40:24,012][__main__][INFO] - Epoch 10/100: Train Loss: 0.3549, Val Loss: 0.3560
[2025-09-29 10:40:24,012][__main__][INFO] - Train Metrics: {'rmse': np.float64(0.3288799637826233), 'mae': 0.22954218089580536, 'accuracy': np.float64(0.851673574738386), 'precision': np.float64(0.6860955700265982), 'recall': np.float64(0.30299532170848775), 'f1': np.float64(0.4203531742129441)}
[2025-09-29 10:40:24,012][__main__][INFO] - Val Metrics: {'rmse': np.float64(0.32997464922503306), 'mae': 0.23330381512641907, 'accuracy': np.float64(0.8488557743480575), 'precision': np.float64(0.6507988799209355), 'recall': np.float64(0.3202042304886944), 'f1': np.float64(0.4292232482346551)}
[2025-09-29 10:40:24,278][__main__][INFO] - New best model saved: best_model_hybrid.pth
[2025-09-29 10:40:29,919][__main__][INFO] - Epoch 11/100: Train Loss: 0.3537, Val Loss: 0.3566
[2025-09-29 10:40:29,920][__main__][INFO] - Train Metrics: {'rmse': np.float64(0.3283849208968209), 'mae': 0.2289256751537323, 'accuracy': np.float64(0.851900049249219), 'precision': np.float64(0.6837729744304138), 'recall': np.float64(0.3081596694817425), 'f1': np.float64(0.42484992321652937)}
[2025-09-29 10:40:29,920][__main__][INFO] - Val Metrics: {'rmse': np.float64(0.3304438398996554), 'mae': 0.23236002027988434, 'accuracy': np.float64(0.8478632970383901), 'precision': np.float64(0.6641818859485651), 'recall': np.float64(0.2888402625820569), 'f1': np.float64(0.40259813611974016)}
[2025-09-29 10:40:35,367][__main__][INFO] - Epoch 12/100: Train Loss: 0.3532, Val Loss: 0.3562
[2025-09-29 10:40:35,367][__main__][INFO] - Train Metrics: {'rmse': np.float64(0.32827852835382637), 'mae': 0.22875885665416718, 'accuracy': np.float64(0.8517957990775658), 'precision': np.float64(0.6853452196852543), 'recall': np.float64(0.30516232253883385), 'f1': np.float64(0.42229166374732)}
[2025-09-29 10:40:35,367][__main__][INFO] - Val Metrics: {'rmse': np.float64(0.33043798885161385), 'mae': 0.229965940117836, 'accuracy': np.float64(0.8469139709160997), 'precision': np.float64(0.6649163749513808), 'recall': np.float64(0.2770889050976578), 'f1': np.float64(0.3911675533436302)}
[2025-09-29 10:40:41,489][__main__][INFO] - Epoch 13/100: Train Loss: 0.3528, Val Loss: 0.3562
[2025-09-29 10:40:41,489][__main__][INFO] - Train Metrics: {'rmse': np.float64(0.32798361002645804), 'mae': 0.22842654585838318, 'accuracy': np.float64(0.8524320846080014), 'precision': np.float64(0.6891382364966157), 'recall': np.float64(0.30722806164813576), 'f1': np.float64(0.42498949432693656)}
[2025-09-29 10:40:41,489][__main__][INFO] - Val Metrics: {'rmse': np.float64(0.3293406582976879), 'mae': 0.23798587918281555, 'accuracy': np.float64(0.8486975533276757), 'precision': np.float64(0.6385083713850838), 'recall': np.float64(0.3399789286003728), 'f1': np.float64(0.4437040562695013)}
[2025-09-29 10:40:47,777][__main__][INFO] - Epoch 14/100: Train Loss: 0.3520, Val Loss: 0.3578
[2025-09-29 10:40:47,777][__main__][INFO] - Train Metrics: {'rmse': np.float64(0.3277063423689602), 'mae': 0.22810938954353333, 'accuracy': np.float64(0.852000704587367), 'precision': np.float64(0.6830693731875976), 'recall': np.float64(0.3100836421815825), 'f1': np.float64(0.4265377757967462)}
[2025-09-29 10:40:47,777][__main__][INFO] - Val Metrics: {'rmse': np.float64(0.3297645501410945), 'mae': 0.2406810075044632, 'accuracy': np.float64(0.8498338679285992), 'precision': np.float64(0.6452056889432635), 'recall': np.float64(0.34192398087365267), 'f1': np.float64(0.44697531518169303)}
[2025-09-29 10:40:53,877][__main__][INFO] - Epoch 15/100: Train Loss: 0.3514, Val Loss: 0.3543
[2025-09-29 10:40:53,878][__main__][INFO] - Train Metrics: {'rmse': np.float64(0.3273266548845912), 'mae': 0.2278108298778534, 'accuracy': np.float64(0.8525255502791388), 'precision': np.float64(0.6880882684080162), 'recall': np.float64(0.30943556716689957), 'f1': np.float64(0.42689502947668406)}
[2025-09-29 10:40:53,878][__main__][INFO] - Val Metrics: {'rmse': np.float64(0.33101346594813347), 'mae': 0.21694497764110565, 'accuracy': np.float64(0.8462954705636984), 'precision': np.float64(0.6804191224623445), 'recall': np.float64(0.2526136639922198), 'f1': np.float64(0.3684397163120568)}
[2025-09-29 10:40:54,144][__main__][INFO] - New best model saved: best_model_hybrid.pth
[2025-09-29 10:40:59,937][__main__][INFO] - Epoch 16/100: Train Loss: 0.3506, Val Loss: 0.3532
[2025-09-29 10:40:59,937][__main__][INFO] - Train Metrics: {'rmse': np.float64(0.3270451169051697), 'mae': 0.22728149592876434, 'accuracy': np.float64(0.8522595325997476), 'precision': np.float64(0.6847413754630249), 'recall': np.float64(0.31073171719626547), 'f1': np.float64(0.42747687506965343)}
[2025-09-29 10:40:59,937][__main__][INFO] - Val Metrics: {'rmse': np.float64(0.32923201740183494), 'mae': 0.22750405967235565, 'accuracy': np.float64(0.8492153675761978), 'precision': np.float64(0.6617852161785216), 'recall': np.float64(0.3076424345570954), 'f1': np.float64(0.42002766251728907)}
[2025-09-29 10:41:00,202][__main__][INFO] - New best model saved: best_model_hybrid.pth
[2025-09-29 10:41:05,975][__main__][INFO] - Epoch 17/100: Train Loss: 0.3499, Val Loss: 0.3543
[2025-09-29 10:41:05,976][__main__][INFO] - Train Metrics: {'rmse': np.float64(0.326683226085794), 'mae': 0.22689129412174225, 'accuracy': np.float64(0.8526981022873925), 'precision': np.float64(0.6850033032371724), 'recall': np.float64(0.3149847094801223), 'f1': np.float64(0.4315363058738659)}
[2025-09-29 10:41:05,976][__main__][INFO] - Val Metrics: {'rmse': np.float64(0.3306354129499978), 'mae': 0.22154229879379272, 'accuracy': np.float64(0.8471153431238583), 'precision': np.float64(0.6811440677966102), 'recall': np.float64(0.26055596077477916), 'f1': np.float64(0.3769271352365321)}
[2025-09-29 10:41:11,938][__main__][INFO] - Epoch 18/100: Train Loss: 0.3502, Val Loss: 0.3530
[2025-09-29 10:41:11,938][__main__][INFO] - Train Metrics: {'rmse': np.float64(0.32684718823322767), 'mae': 0.22708268463611603, 'accuracy': np.float64(0.8531834048106062), 'precision': np.float64(0.6884992491829344), 'recall': np.float64(0.31571379387164067), 'f1': np.float64(0.43291353670559163)}
[2025-09-29 10:41:11,940][__main__][INFO] - Val Metrics: {'rmse': np.float64(0.32924226871485224), 'mae': 0.22689947485923767, 'accuracy': np.float64(0.8476331573723803), 'precision': np.float64(0.6582094961942733), 'recall': np.float64(0.29435124402301643), 'f1': np.float64(0.40678725429803436)}
[2025-09-29 10:41:12,212][__main__][INFO] - New best model saved: best_model_hybrid.pth
[2025-09-29 10:41:18,005][__main__][INFO] - Epoch 19/100: Train Loss: 0.3491, Val Loss: 0.3536
[2025-09-29 10:41:18,005][__main__][INFO] - Train Metrics: {'rmse': np.float64(0.32638209529777545), 'mae': 0.22647970914840698, 'accuracy': np.float64(0.8528778439626569), 'precision': np.float64(0.685190866459219), 'recall': np.float64(0.3166251493610385), 'f1': np.float64(0.4331107848297642)}
[2025-09-29 10:41:18,005][__main__][INFO] - Val Metrics: {'rmse': np.float64(0.3288474757581509), 'mae': 0.23116779327392578, 'accuracy': np.float64(0.8487982394315551), 'precision': np.float64(0.6489969009949438), 'recall': np.float64(0.3224734581408542), 'f1': np.float64(0.4308608554412561)}
[2025-09-29 10:41:24,048][__main__][INFO] - Epoch 20/100: Train Loss: 0.3494, Val Loss: 0.3539
[2025-09-29 10:41:24,050][__main__][INFO] - Train Metrics: {'rmse': np.float64(0.3264717048839198), 'mae': 0.22658288478851318, 'accuracy': np.float64(0.8529317664652362), 'precision': np.float64(0.6855927744650999), 'recall': np.float64(0.31668590639366506), 'f1': np.float64(0.4332479046893399)}
[2025-09-29 10:41:24,050][__main__][INFO] - Val Metrics: {'rmse': np.float64(0.3305155547343978), 'mae': 0.2214570790529251, 'accuracy': np.float64(0.8459646447938093), 'precision': np.float64(0.6736259054111632), 'recall': np.float64(0.2562606370046195), 'f1': np.float64(0.3712792813949392)}
[2025-09-29 10:41:29,335][__main__][INFO] - Epoch 21/100: Train Loss: 0.3493, Val Loss: 0.3526
[2025-09-29 10:41:29,335][__main__][INFO] - Train Metrics: {'rmse': np.float64(0.32639541503906394), 'mae': 0.22650371491909027, 'accuracy': np.float64(0.8527304557889401), 'precision': np.float64(0.6876729447469427), 'recall': np.float64(0.3120481195698402), 'f1': np.float64(0.4292938439463383)}
[2025-09-29 10:41:29,335][__main__][INFO] - Val Metrics: {'rmse': np.float64(0.328606490678614), 'mae': 0.22887921333312988, 'accuracy': np.float64(0.8485968672237965), 'precision': np.float64(0.6521228394025843), 'recall': np.float64(0.3149363805818948), 'f1': np.float64(0.42474587386599627)}
[2025-09-29 10:41:29,600][__main__][INFO] - New best model saved: best_model_hybrid.pth
[2025-09-29 10:41:35,042][__main__][INFO] - Epoch 22/100: Train Loss: 0.3485, Val Loss: 0.3533
[2025-09-29 10:41:35,042][__main__][INFO] - Train Metrics: {'rmse': np.float64(0.32605875075109436), 'mae': 0.22604399919509888, 'accuracy': np.float64(0.8533379826513335), 'precision': np.float64(0.6872244773253022), 'recall': np.float64(0.31887315956822004), 'f1': np.float64(0.43561863656485167)}
[2025-09-29 10:41:35,042][__main__][INFO] - Val Metrics: {'rmse': np.float64(0.3289419404008646), 'mae': 0.22894403338432312, 'accuracy': np.float64(0.8491866001179466), 'precision': np.float64(0.6574388586956522), 'recall': np.float64(0.31372072291109493), 'f1': np.float64(0.42475448510451536)}
[2025-09-29 10:41:40,801][__main__][INFO] - Epoch 23/100: Train Loss: 0.3489, Val Loss: 0.3516
[2025-09-29 10:41:40,801][__main__][INFO] - Train Metrics: {'rmse': np.float64(0.3262298555293586), 'mae': 0.22635528445243835, 'accuracy': np.float64(0.8529749044672996), 'precision': np.float64(0.6870202064766611), 'recall': np.float64(0.31536950402009034), 'f1': np.float64(0.43229737795483253)}
[2025-09-29 10:41:40,801][__main__][INFO] - Val Metrics: {'rmse': np.float64(0.3285588166899558), 'mae': 0.22549335658550262, 'accuracy': np.float64(0.8488413906189318), 'precision': np.float64(0.6580310880829016), 'recall': np.float64(0.3087770483831753), 'f1': np.float64(0.42032103259970216)}
[2025-09-29 10:41:41,062][__main__][INFO] - New best model saved: best_model_hybrid.pth
[2025-09-29 10:41:46,350][__main__][INFO] - Epoch 24/100: Train Loss: 0.3484, Val Loss: 0.3529
[2025-09-29 10:41:46,350][__main__][INFO] - Train Metrics: {'rmse': np.float64(0.3260218566547599), 'mae': 0.2259829044342041, 'accuracy': np.float64(0.8530396114703948), 'precision': np.float64(0.687931339585914), 'recall': np.float64(0.3149239524474958), 'f1': np.float64(0.432058459871355)}
[2025-09-29 10:41:46,350][__main__][INFO] - Val Metrics: {'rmse': np.float64(0.3282139634828751), 'mae': 0.23248068988323212, 'accuracy': np.float64(0.8494455072422076), 'precision': np.float64(0.6448916408668731), 'recall': np.float64(0.337628657103493), 'f1': np.float64(0.44321506463109744)}
[2025-09-29 10:41:51,971][__main__][INFO] - Epoch 25/100: Train Loss: 0.3484, Val Loss: 0.3543
[2025-09-29 10:41:51,971][__main__][INFO] - Train Metrics: {'rmse': np.float64(0.3260372706453084), 'mae': 0.22609840333461761, 'accuracy': np.float64(0.8530503959709106), 'precision': np.float64(0.6863243740956724), 'recall': np.float64(0.31700994390100656), 'f1': np.float64(0.4336972182201042)}
[2025-09-29 10:41:51,971][__main__][INFO] - Val Metrics: {'rmse': np.float64(0.3308848505221955), 'mae': 0.21731294691562653, 'accuracy': np.float64(0.8465543776879594), 'precision': np.float64(0.684477809671009), 'recall': np.float64(0.2512359186319799), 'f1': np.float64(0.3675598766895898)}
[2025-09-29 10:41:57,380][__main__][INFO] - Epoch 26/100: Train Loss: 0.3481, Val Loss: 0.3540
[2025-09-29 10:41:57,380][__main__][INFO] - Train Metrics: {'rmse': np.float64(0.3258995701197376), 'mae': 0.22579611837863922, 'accuracy': np.float64(0.8530396114703948), 'precision': np.float64(0.6859243697478992), 'recall': np.float64(0.31739473844097454), 'f1': np.float64(0.43397715472481824)}
[2025-09-29 10:41:57,380][__main__][INFO] - Val Metrics: {'rmse': np.float64(0.3287433179930508), 'mae': 0.23375675082206726, 'accuracy': np.float64(0.8481078204335256), 'precision': np.float64(0.6541327326286606), 'recall': np.float64(0.30594051381797555), 'f1': np.float64(0.41689674213141914)}
[2025-09-29 10:42:02,638][__main__][INFO] - Epoch 27/100: Train Loss: 0.3480, Val Loss: 0.3522
[2025-09-29 10:42:02,638][__main__][INFO] - Train Metrics: {'rmse': np.float64(0.3258809145327409), 'mae': 0.22594211995601654, 'accuracy': np.float64(0.8530288269698789), 'precision': np.float64(0.6860297016690761), 'recall': np.float64(0.31715171031046846), 'f1': np.float64(0.4337709822170517)}
[2025-09-29 10:42:02,638][__main__][INFO] - Val Metrics: {'rmse': np.float64(0.3288377672423532), 'mae': 0.22560520470142365, 'accuracy': np.float64(0.8482660414539074), 'precision': np.float64(0.6640997433076641), 'recall': np.float64(0.2935408055758165), 'f1': np.float64(0.40712639802169387)}
[2025-09-29 10:42:08,120][__main__][INFO] - Epoch 28/100: Train Loss: 0.3479, Val Loss: 0.3521
[2025-09-29 10:42:08,121][__main__][INFO] - Train Metrics: {'rmse': np.float64(0.3258235807841446), 'mae': 0.22560769319534302, 'accuracy': np.float64(0.8527304557889401), 'precision': np.float64(0.68478642995254), 'recall': np.float64(0.3155922798063876), 'f1': np.float64(0.4320629947458168)}
[2025-09-29 10:42:08,121][__main__][INFO] - Val Metrics: {'rmse': np.float64(0.32805368238791455), 'mae': 0.2314317524433136, 'accuracy': np.float64(0.8500352401363578), 'precision': np.float64(0.6477676502394561), 'recall': np.float64(0.33981684091093284), 'f1': np.float64(0.44577928981501164)}
[2025-09-29 10:42:13,610][__main__][INFO] - Epoch 29/100: Train Loss: 0.3475, Val Loss: 0.3531
[2025-09-29 10:42:13,610][__main__][INFO] - Train Metrics: {'rmse': np.float64(0.32560765697985766), 'mae': 0.2254573404788971, 'accuracy': np.float64(0.8531043184734899), 'precision': np.float64(0.6855063622102144), 'recall': np.float64(0.31858962674929625), 'f1': np.float64(0.43500864154856556)}
[2025-09-29 10:42:13,610][__main__][INFO] - Val Metrics: {'rmse': np.float64(0.3292735751089277), 'mae': 0.22685718536376953, 'accuracy': np.float64(0.8476331573723803), 'precision': np.float64(0.6709753231492362), 'recall': np.float64(0.2776562120106978), 'f1': np.float64(0.3927773000859845)}
[2025-09-29 10:42:18,919][__main__][INFO] - Epoch 30/100: Train Loss: 0.3475, Val Loss: 0.3527
[2025-09-29 10:42:18,921][__main__][INFO] - Train Metrics: {'rmse': np.float64(0.32567337912307476), 'mae': 0.22555871307849884, 'accuracy': np.float64(0.8530324218033841), 'precision': np.float64(0.6852481898281427), 'recall': np.float64(0.31816432752091056), 'f1': np.float64(0.43456011507129716)}
[2025-09-29 10:42:18,921][__main__][INFO] - Val Metrics: {'rmse': np.float64(0.3286807372193021), 'mae': 0.22916515171527863, 'accuracy': np.float64(0.8490283790975648), 'precision': np.float64(0.6664859981933152), 'recall': np.float64(0.2989707431720561), 'f1': np.float64(0.4127783372496363)}
[2025-09-29 10:42:24,524][__main__][INFO] - Epoch 31/100: Train Loss: 0.3471, Val Loss: 0.3518
[2025-09-29 10:42:24,524][__main__][INFO] - Train Metrics: {'rmse': np.float64(0.32549535524479367), 'mae': 0.22544817626476288, 'accuracy': np.float64(0.8532876549822594), 'precision': np.float64(0.6888977107317719), 'recall': np.float64(0.3163011118536971), 'f1': np.float64(0.4335443037974684)}
[2025-09-29 10:42:24,524][__main__][INFO] - Val Metrics: {'rmse': np.float64(0.3291764442987539), 'mae': 0.22058416903018951, 'accuracy': np.float64(0.8481941228082793), 'precision': np.float64(0.6656151419558359), 'recall': np.float64(0.29070427101061674), 'f1': np.float64(0.4046705776173285)}
[2025-09-29 10:42:29,788][__main__][INFO] - Epoch 32/100: Train Loss: 0.3471, Val Loss: 0.3528
[2025-09-29 10:42:29,788][__main__][INFO] - Train Metrics: {'rmse': np.float64(0.32541257456812805), 'mae': 0.225174680352211, 'accuracy': np.float64(0.8533271981508176), 'precision': np.float64(0.6869061110626798), 'recall': np.float64(0.31915669238714384), 'f1': np.float64(0.43581907935673897)}
[2025-09-29 10:42:29,788][__main__][INFO] - Val Metrics: {'rmse': np.float64(0.32930312507101084), 'mae': 0.22512540221214294, 'accuracy': np.float64(0.8477482272053852), 'precision': np.float64(0.6693704132869834), 'recall': np.float64(0.28089796579949755), 'f1': np.float64(0.3957298624193641)}
[2025-09-29 10:42:35,387][__main__][INFO] - Epoch 33/100: Train Loss: 0.3471, Val Loss: 0.3510
[2025-09-29 10:42:35,387][__main__][INFO] - Train Metrics: {'rmse': np.float64(0.3255080932667248), 'mae': 0.22535893321037292, 'accuracy': np.float64(0.8528958181301833), 'precision': np.float64(0.6860751694393099), 'recall': np.float64(0.31571379387164067), 'f1': np.float64(0.4324331821523184)}
[2025-09-29 10:42:35,387][__main__][INFO] - Val Metrics: {'rmse': np.float64(0.32828855979366944), 'mae': 0.2238791435956955, 'accuracy': np.float64(0.8484386462034147), 'precision': np.float64(0.6504676018704075), 'recall': np.float64(0.3156657751843747), 'f1': np.float64(0.42505592841163314)}
[2025-09-29 10:42:35,672][__main__][INFO] - New best model saved: best_model_hybrid.pth
[2025-09-29 10:42:40,825][__main__][INFO] - Epoch 34/100: Train Loss: 0.3466, Val Loss: 0.3524
[2025-09-29 10:42:40,826][__main__][INFO] - Train Metrics: {'rmse': np.float64(0.32525674279823), 'mae': 0.22501346468925476, 'accuracy': np.float64(0.8531402668085427), 'precision': np.float64(0.6854010788237341), 'recall': np.float64(0.3190959353545173), 'f1': np.float64(0.435459130795274)}
[2025-09-29 10:42:40,826][__main__][INFO] - Val Metrics: {'rmse': np.float64(0.32814029249250093), 'mae': 0.23116351664066315, 'accuracy': np.float64(0.8496037282625893), 'precision': np.float64(0.647964796479648), 'recall': np.float64(0.3341437717805333), 'f1': np.float64(0.44091541011656504)}
[2025-09-29 10:42:46,261][__main__][INFO] - Epoch 35/100: Train Loss: 0.3467, Val Loss: 0.3517
[2025-09-29 10:42:46,261][__main__][INFO] - Train Metrics: {'rmse': np.float64(0.3252420019592883), 'mae': 0.22504864633083344, 'accuracy': np.float64(0.8536543279997987), 'precision': np.float64(0.6871194783885315), 'recall': np.float64(0.3222755533953055), 'f1': np.float64(0.4387614425940223)}
[2025-09-29 10:42:46,261][__main__][INFO] - Val Metrics: {'rmse': np.float64(0.3285925916759266), 'mae': 0.2247229516506195, 'accuracy': np.float64(0.8485680997655453), 'precision': np.float64(0.6649062101620834), 'recall': np.float64(0.29589107707269635), 'f1': np.float64(0.4095344924284913)}
[2025-09-29 10:42:51,843][__main__][INFO] - Epoch 36/100: Train Loss: 0.3463, Val Loss: 0.3514
[2025-09-29 10:42:51,843][__main__][INFO] - Train Metrics: {'rmse': np.float64(0.3251020624303917), 'mae': 0.22488664090633392, 'accuracy': np.float64(0.8536471383327882), 'precision': np.float64(0.6869632762266431), 'recall': np.float64(0.3223970674605586), 'f1': np.float64(0.438842177808408)}
[2025-09-29 10:42:51,843][__main__][INFO] - Val Metrics: {'rmse': np.float64(0.328059530538709), 'mae': 0.22801826894283295, 'accuracy': np.float64(0.8497763330120968), 'precision': np.float64(0.6578903516080653), 'recall': np.float64(0.3199610989545344), 'f1': np.float64(0.43053435114503813)}
[2025-09-29 10:42:57,325][__main__][INFO] - Epoch 37/100: Train Loss: 0.3459, Val Loss: 0.3522
[2025-09-29 10:42:57,325][__main__][INFO] - Train Metrics: {'rmse': np.float64(0.3249379190426469), 'mae': 0.22463519871234894, 'accuracy': np.float64(0.8534745863245344), 'precision': np.float64(0.6880045381158092), 'recall': np.float64(0.31931871114081456), 'f1': np.float64(0.4361911085290619)}
[2025-09-29 10:42:57,325][__main__][INFO] - Val Metrics: {'rmse': np.float64(0.32808699841923344), 'mae': 0.2306021898984909, 'accuracy': np.float64(0.8492441350344491), 'precision': np.float64(0.6543702226653373), 'recall': np.float64(0.3191506605073345), 'f1': np.float64(0.42904614043689054)}
[2025-09-29 10:43:02,839][__main__][INFO] - Epoch 38/100: Train Loss: 0.3461, Val Loss: 0.3516
[2025-09-29 10:43:02,839][__main__][INFO] - Train Metrics: {'rmse': np.float64(0.3249587381285965), 'mae': 0.2248106598854065, 'accuracy': np.float64(0.8534961553255661), 'precision': np.float64(0.6863948813280879), 'recall': np.float64(0.3215464690037872), 'f1': np.float64(0.43793788271638995)}
[2025-09-29 10:43:02,839][__main__][INFO] - Val Metrics: {'rmse': np.float64(0.32928825991618565), 'mae': 0.21867859363555908, 'accuracy': np.float64(0.8480071343296463), 'precision': np.float64(0.6789176090468497), 'recall': np.float64(0.2724694059486182), 'f1': np.float64(0.388872824012492)}
[2025-09-29 10:43:08,151][__main__][INFO] - Epoch 39/100: Train Loss: 0.3456, Val Loss: 0.3518
[2025-09-29 10:43:08,152][__main__][INFO] - Train Metrics: {'rmse': np.float64(0.3247053218022143), 'mae': 0.224381223320961, 'accuracy': np.float64(0.8535896209967035), 'precision': np.float64(0.6880953416554304), 'recall': np.float64(0.3203920853838832), 'f1': np.float64(0.4372098164934778)}
[2025-09-29 10:43:08,152][__main__][INFO] - Val Metrics: {'rmse': np.float64(0.3292188576877818), 'mae': 0.22039850056171417, 'accuracy': np.float64(0.847978366871395), 'precision': np.float64(0.6794403892944039), 'recall': np.float64(0.27157792365669825), 'f1': np.float64(0.3880493312489144)}
[2025-09-29 10:43:13,636][__main__][INFO] - Epoch 40/100: Train Loss: 0.3460, Val Loss: 0.3512
[2025-09-29 10:43:13,636][__main__][INFO] - Train Metrics: {'rmse': np.float64(0.32498818752022857), 'mae': 0.22475184500217438, 'accuracy': np.float64(0.8533020343162806), 'precision': np.float64(0.6870879000916991), 'recall': np.float64(0.3186706361261316), 'f1': np.float64(0.43540219707241484)}
[2025-09-29 10:43:13,636][__main__][INFO] - Val Metrics: {'rmse': np.float64(0.32795763288596064), 'mae': 0.22814439237117767, 'accuracy': np.float64(0.8493879723257052), 'precision': np.float64(0.6578769438810007), 'recall': np.float64(0.3154226436502148), 'f1': np.float64(0.4264037250068475)}
[2025-09-29 10:43:18,842][__main__][INFO] - Epoch 41/100: Train Loss: 0.3450, Val Loss: 0.3532
[2025-09-29 10:43:18,844][__main__][INFO] - Train Metrics: {'rmse': np.float64(0.3245488749655461), 'mae': 0.22421568632125854, 'accuracy': np.float64(0.8537262246699044), 'precision': np.float64(0.6875350805232935), 'recall': np.float64(0.32249832918160276), 'f1': np.float64(0.43905263448123744)}
[2025-09-29 10:43:18,844][__main__][INFO] - Val Metrics: {'rmse': np.float64(0.3302044598485593), 'mae': 0.2197943776845932, 'accuracy': np.float64(0.8459646447938093), 'precision': np.float64(0.6830637915543576), 'recall': np.float64(0.2464543317935003), 'f1': np.float64(0.36221785480316837)}
[2025-09-29 10:43:24,276][__main__][INFO] - Epoch 42/100: Train Loss: 0.3452, Val Loss: 0.3510
[2025-09-29 10:43:24,276][__main__][INFO] - Train Metrics: {'rmse': np.float64(0.3245977232089316), 'mae': 0.22423233091831207, 'accuracy': np.float64(0.8541935530255916), 'precision': np.float64(0.6890032154340836), 'recall': np.float64(0.3254754237803026), 'f1': np.float64(0.4421061318808286)}
[2025-09-29 10:43:24,276][__main__][INFO] - Val Metrics: {'rmse': np.float64(0.3283286030645643), 'mae': 0.22452090680599213, 'accuracy': np.float64(0.8489276929936855), 'precision': np.float64(0.6660036166365281), 'recall': np.float64(0.2984844801037361), 'f1': np.float64(0.4122222844031563)}
[2025-09-29 10:43:24,568][__main__][INFO] - New best model saved: best_model_hybrid.pth
[2025-09-29 10:43:29,526][__main__][INFO] - Epoch 43/100: Train Loss: 0.3451, Val Loss: 0.3501
[2025-09-29 10:43:29,526][__main__][INFO] - Train Metrics: {'rmse': np.float64(0.3245368454165661), 'mae': 0.22425512969493866, 'accuracy': np.float64(0.853456612157008), 'precision': np.float64(0.6871685647222464), 'recall': np.float64(0.32016930959758594), 'f1': np.float64(0.43681527430474015)}
[2025-09-29 10:43:29,527][__main__][INFO] - Val Metrics: {'rmse': np.float64(0.3273707417396502), 'mae': 0.22809579968452454, 'accuracy': np.float64(0.8501790774276139), 'precision': np.float64(0.6496498054474709), 'recall': np.float64(0.3382770078612529), 'f1': np.float64(0.44489447878917077)}
[2025-09-29 10:43:29,810][__main__][INFO] - New best model saved: best_model_hybrid.pth
[2025-09-29 10:43:34,967][__main__][INFO] - Epoch 44/100: Train Loss: 0.3444, Val Loss: 0.3500
[2025-09-29 10:43:34,969][__main__][INFO] - Train Metrics: {'rmse': np.float64(0.3242459802797518), 'mae': 0.2238493412733078, 'accuracy': np.float64(0.8536902763348515), 'precision': np.float64(0.6870284950640169), 'recall': np.float64(0.3227616096563177), 'f1': np.float64(0.43919309945710583)}
[2025-09-29 10:43:34,969][__main__][INFO] - Val Metrics: {'rmse': np.float64(0.3276818780149393), 'mae': 0.22487576305866241, 'accuracy': np.float64(0.8497044143664686), 'precision': np.float64(0.6560435931307794), 'recall': np.float64(0.32198719507253426), 'f1': np.float64(0.43196520793693943)}
[2025-09-29 10:43:35,260][__main__][INFO] - New best model saved: best_model_hybrid.pth
[2025-09-29 10:43:40,974][__main__][INFO] - Epoch 45/100: Train Loss: 0.3440, Val Loss: 0.3506
[2025-09-29 10:43:40,976][__main__][INFO] - Train Metrics: {'rmse': np.float64(0.3240921853538721), 'mae': 0.223613902926445, 'accuracy': np.float64(0.8536902763348515), 'precision': np.float64(0.6861937255911763), 'recall': np.float64(0.32381473155517754), 'f1': np.float64(0.439995597016979)}
[2025-09-29 10:43:40,976][__main__][INFO] - Val Metrics: {'rmse': np.float64(0.32851710052703176), 'mae': 0.221421480178833, 'accuracy': np.float64(0.8484098787451635), 'precision': np.float64(0.6683501683501684), 'recall': np.float64(0.2895696571845368), 'f1': np.float64(0.40407124681933837)}
[2025-09-29 10:43:48,241][__main__][INFO] - Epoch 46/100: Train Loss: 0.3438, Val Loss: 0.3498
[2025-09-29 10:43:48,241][__main__][INFO] - Train Metrics: {'rmse': np.float64(0.3239753682890155), 'mae': 0.2235291749238968, 'accuracy': np.float64(0.8540066216833168), 'precision': np.float64(0.6880175039684242), 'recall': np.float64(0.32478684407720193), 'f1': np.float64(0.4412679195443414)}
[2025-09-29 10:43:48,241][__main__][INFO] - Val Metrics: {'rmse': np.float64(0.32759015453111867), 'mae': 0.22448991239070892, 'accuracy': np.float64(0.8493160536800771), 'precision': np.float64(0.6583914300289067), 'recall': np.float64(0.3138017667558149), 'f1': np.float64(0.42502744237102086)}
[2025-09-29 10:43:48,526][__main__][INFO] - New best model saved: best_model_hybrid.pth
[2025-09-29 10:43:55,822][__main__][INFO] - Epoch 47/100: Train Loss: 0.3437, Val Loss: 0.3512
[2025-09-29 10:43:55,822][__main__][INFO] - Train Metrics: {'rmse': np.float64(0.32393553439969425), 'mae': 0.2234451174736023, 'accuracy': np.float64(0.8542007426926022), 'precision': np.float64(0.6888841293638894), 'recall': np.float64(0.32569819956659984), 'f1': np.float64(0.44228706581227134)}
[2025-09-29 10:43:55,822][__main__][INFO] - Val Metrics: {'rmse': np.float64(0.32872009808564645), 'mae': 0.22209642827510834, 'accuracy': np.float64(0.8479208319548927), 'precision': np.float64(0.6756165473349244), 'recall': np.float64(0.27530594051381796), 'f1': np.float64(0.3912017043818737)}
[2025-09-29 10:44:02,548][__main__][INFO] - Epoch 48/100: Train Loss: 0.3437, Val Loss: 0.3510
[2025-09-29 10:44:02,548][__main__][INFO] - Train Metrics: {'rmse': np.float64(0.32399029323672346), 'mae': 0.22347389161586761, 'accuracy': np.float64(0.8538304748415577), 'precision': np.float64(0.6889524800554977), 'recall': np.float64(0.32180974947850216), 'f1': np.float64(0.4387018401181651)}
[2025-09-29 10:44:02,548][__main__][INFO] - Val Metrics: {'rmse': np.float64(0.3274424242594862), 'mae': 0.23112601041793823, 'accuracy': np.float64(0.8503516821771212), 'precision': np.float64(0.6438661710037175), 'recall': np.float64(0.35091984763757195), 'f1': np.float64(0.4542593369702057)}
[2025-09-29 10:44:07,866][__main__][INFO] - Epoch 49/100: Train Loss: 0.3429, Val Loss: 0.3504
[2025-09-29 10:44:07,866][__main__][INFO] - Train Metrics: {'rmse': np.float64(0.32361794151529766), 'mae': 0.22304992377758026, 'accuracy': np.float64(0.8540677338529066), 'precision': np.float64(0.6868033693525057), 'recall': np.float64(0.32695384490754803), 'f1': np.float64(0.44301140183581905)}
[2025-09-29 10:44:07,867][__main__][INFO] - Val Metrics: {'rmse': np.float64(0.327659083141763), 'mae': 0.22710224986076355, 'accuracy': np.float64(0.8494598909713332), 'precision': np.float64(0.6612153554828714), 'recall': np.float64(0.3112894075694951), 'f1': np.float64(0.4232973330394534)}
[2025-09-29 10:44:14,417][__main__][INFO] - Epoch 50/100: Train Loss: 0.3431, Val Loss: 0.3505
[2025-09-29 10:44:14,417][__main__][INFO] - Train Metrics: {'rmse': np.float64(0.3237203766183266), 'mae': 0.22321169078350067, 'accuracy': np.float64(0.8538951818446529), 'precision': np.float64(0.6864008878265323), 'recall': np.float64(0.325677947222391), 'f1': np.float64(0.4417553739440972)}
[2025-09-29 10:44:14,417][__main__][INFO] - Val Metrics: {'rmse': np.float64(0.32866094733828916), 'mae': 0.22055824100971222, 'accuracy': np.float64(0.847906448225767), 'precision': np.float64(0.6724643345710377), 'recall': np.float64(0.2788718696814977), 'f1': np.float64(0.39424839596700273)}
[2025-09-29 10:44:19,666][__main__][INFO] - Epoch 51/100: Train Loss: 0.3426, Val Loss: 0.3504
[2025-09-29 10:44:19,666][__main__][INFO] - Train Metrics: {'rmse': np.float64(0.323442483485801), 'mae': 0.22288911044597626, 'accuracy': np.float64(0.8543409411993084), 'precision': np.float64(0.6893868126229368), 'recall': np.float64(0.3265082933349535), 'f1': np.float64(0.4431373087970535)}
[2025-09-29 10:44:19,666][__main__][INFO] - Val Metrics: {'rmse': np.float64(0.32707051729901804), 'mae': 0.23082569241523743, 'accuracy': np.float64(0.8500927750528602), 'precision': np.float64(0.6425278810408922), 'recall': np.float64(0.350190453035092), 'f1': np.float64(0.4533151489718842)}
[2025-09-29 10:44:25,127][__main__][INFO] - Epoch 52/100: Train Loss: 0.3421, Val Loss: 0.3494
[2025-09-29 10:44:25,128][__main__][INFO] - Train Metrics: {'rmse': np.float64(0.3232834550497485), 'mae': 0.22270557284355164, 'accuracy': np.float64(0.8543589153668348), 'precision': np.float64(0.6894046245245117), 'recall': np.float64(0.32667031208862424), 'f1': np.float64(0.4432901860554594)}
[2025-09-29 10:44:25,128][__main__][INFO] - Val Metrics: {'rmse': np.float64(0.3278145115829729), 'mae': 0.22190017998218536, 'accuracy': np.float64(0.8493160536800771), 'precision': np.float64(0.6673253098616849), 'recall': np.float64(0.3010778831347759), 'f1': np.float64(0.41494471126996535)}
[2025-09-29 10:44:25,424][__main__][INFO] - New best model saved: best_model_hybrid.pth
[2025-09-29 10:44:30,636][__main__][INFO] - Epoch 53/100: Train Loss: 0.3421, Val Loss: 0.3487
[2025-09-29 10:44:30,637][__main__][INFO] - Train Metrics: {'rmse': np.float64(0.32323329025885367), 'mae': 0.22263140976428986, 'accuracy': np.float64(0.8544847345395198), 'precision': np.float64(0.6886288476214704), 'recall': np.float64(0.3289385746400146), 'f1': np.float64(0.4452119567451996)}
[2025-09-29 10:44:30,637][__main__][INFO] - Val Metrics: {'rmse': np.float64(0.327160541822919), 'mae': 0.22380304336547852, 'accuracy': np.float64(0.8502078448858651), 'precision': np.float64(0.6583840710877078), 'recall': np.float64(0.32425642272469407), 'f1': np.float64(0.4345134665508254)}
[2025-09-29 10:44:30,937][__main__][INFO] - New best model saved: best_model_hybrid.pth
[2025-09-29 10:44:35,998][__main__][INFO] - Epoch 54/100: Train Loss: 0.3416, Val Loss: 0.3495
[2025-09-29 10:44:35,998][__main__][INFO] - Train Metrics: {'rmse': np.float64(0.32305422155290325), 'mae': 0.22244717180728912, 'accuracy': np.float64(0.8546069588786995), 'precision': np.float64(0.6892212524362342), 'recall': np.float64(0.32944488324523563), 'f1': np.float64(0.4457994765617506)}
[2025-09-29 10:44:35,998][__main__][INFO] - Val Metrics: {'rmse': np.float64(0.32756623875901325), 'mae': 0.22426703572273254, 'accuracy': np.float64(0.8491866001179466), 'precision': np.float64(0.6629746835443038), 'recall': np.float64(0.3056163384390955), 'f1': np.float64(0.41837244133799295)}
[2025-09-29 10:44:41,503][__main__][INFO] - Epoch 55/100: Train Loss: 0.3417, Val Loss: 0.3487
[2025-09-29 10:44:41,503][__main__][INFO] - Train Metrics: {'rmse': np.float64(0.32301729567328274), 'mae': 0.2224930375814438, 'accuracy': np.float64(0.8543337515322977), 'precision': np.float64(0.6889723455104131), 'recall': np.float64(0.32695384490754803), 'f1': np.float64(0.4434616599596204)}
[2025-09-29 10:44:41,503][__main__][INFO] - Val Metrics: {'rmse': np.float64(0.32667905242504225), 'mae': 0.2270364910364151, 'accuracy': np.float64(0.8501646936984882), 'precision': np.float64(0.6437331737959916), 'recall': np.float64(0.3488127076748521), 'f1': np.float64(0.4524572930354797)}
[2025-09-29 10:44:41,791][__main__][INFO] - New best model saved: best_model_hybrid.pth
[2025-09-29 10:44:46,840][__main__][INFO] - Epoch 56/100: Train Loss: 0.3414, Val Loss: 0.3489
[2025-09-29 10:44:46,840][__main__][INFO] - Train Metrics: {'rmse': np.float64(0.3229204172511354), 'mae': 0.22223307192325592, 'accuracy': np.float64(0.8544955190400356), 'precision': np.float64(0.6873658064244517), 'recall': np.float64(0.33066002389776616), 'f1': np.float64(0.44651989607548204)}
[2025-09-29 10:44:46,840][__main__][INFO] - Val Metrics: {'rmse': np.float64(0.3268677717434452), 'mae': 0.226636603474617, 'accuracy': np.float64(0.8506393567596335), 'precision': np.float64(0.6540583136327817), 'recall': np.float64(0.3363319555879731), 'f1': np.float64(0.4442303575251552)}
[2025-09-29 10:44:52,022][__main__][INFO] - Epoch 57/100: Train Loss: 0.3408, Val Loss: 0.3498
[2025-09-29 10:44:52,022][__main__][INFO] - Train Metrics: {'rmse': np.float64(0.322672615836966), 'mae': 0.2219640463590622, 'accuracy': np.float64(0.8547076142168476), 'precision': np.float64(0.6884253028263796), 'recall': np.float64(0.3314903700103287), 'f1': np.float64(0.4475004442743292)}
[2025-09-29 10:44:52,022][__main__][INFO] - Val Metrics: {'rmse': np.float64(0.3273162639067165), 'mae': 0.22689944505691528, 'accuracy': np.float64(0.8493879723257052), 'precision': np.float64(0.6572390572390573), 'recall': np.float64(0.31639516978685467), 'f1': np.float64(0.427156846654631)}
[2025-09-29 10:44:57,678][__main__][INFO] - Epoch 58/100: Train Loss: 0.3405, Val Loss: 0.3502
[2025-09-29 10:44:57,678][__main__][INFO] - Train Metrics: {'rmse': np.float64(0.3224363626118797), 'mae': 0.2218114286661148, 'accuracy': np.float64(0.8550203647318074), 'precision': np.float64(0.6917468526132847), 'recall': np.float64(0.33049800514409544), 'f1': np.float64(0.4472919636004824)}
[2025-09-29 10:44:57,678][__main__][INFO] - Val Metrics: {'rmse': np.float64(0.32849750491505475), 'mae': 0.22063402831554413, 'accuracy': np.float64(0.8480359017878976), 'precision': np.float64(0.6733098866744822), 'recall': np.float64(0.27927708890509767), 'f1': np.float64(0.3947986481067766)}
[2025-09-29 10:45:03,213][__main__][INFO] - Epoch 59/100: Train Loss: 0.3402, Val Loss: 0.3493
[2025-09-29 10:45:03,214][__main__][INFO] - Train Metrics: {'rmse': np.float64(0.3224430173981186), 'mae': 0.22173228859901428, 'accuracy': np.float64(0.8545853898776679), 'precision': np.float64(0.6883440243079001), 'recall': np.float64(0.3303359863904247), 'f1': np.float64(0.4464302820467205)}
[2025-09-29 10:45:03,214][__main__][INFO] - Val Metrics: {'rmse': np.float64(0.3269756942853069), 'mae': 0.2274092733860016, 'accuracy': np.float64(0.849805100470348), 'precision': np.float64(0.6520275685205963), 'recall': np.float64(0.3296863603209336), 'f1': np.float64(0.4379373452470664)}
[2025-09-29 10:45:08,572][__main__][INFO] - Epoch 60/100: Train Loss: 0.3402, Val Loss: 0.3490
[2025-09-29 10:45:08,572][__main__][INFO] - Train Metrics: {'rmse': np.float64(0.32242934952010377), 'mae': 0.22166423499584198, 'accuracy': np.float64(0.8548370282230379), 'precision': np.float64(0.6890869345888684), 'recall': np.float64(0.3319764262713409), 'f1': np.float64(0.44808309984282096)}
[2025-09-29 10:45:08,574][__main__][INFO] - Val Metrics: {'rmse': np.float64(0.32678688909533876), 'mae': 0.22779972851276398, 'accuracy': np.float64(0.8502653798023676), 'precision': np.float64(0.648957528957529), 'recall': np.float64(0.34054623551341273), 'f1': np.float64(0.4466886361220368)}
[2025-09-29 10:45:14,120][__main__][INFO] - Epoch 61/100: Train Loss: 0.3398, Val Loss: 0.3489
[2025-09-29 10:45:14,120][__main__][INFO] - Train Metrics: {'rmse': np.float64(0.3221731920330558), 'mae': 0.22145991027355194, 'accuracy': np.float64(0.8550023905642811), 'precision': np.float64(0.688815569662546), 'recall': np.float64(0.33402191303643397), 'f1': np.float64(0.44988475334488076)}
[2025-09-29 10:45:14,120][__main__][INFO] - Val Metrics: {'rmse': np.float64(0.32713441961061906), 'mae': 0.22474229335784912, 'accuracy': np.float64(0.8496324957208405), 'precision': np.float64(0.6599355167147463), 'recall': np.float64(0.31517951211605477), 'f1': np.float64(0.426612549363756)}
[2025-09-29 10:45:19,807][__main__][INFO] - Epoch 62/100: Train Loss: 0.3397, Val Loss: 0.3491
[2025-09-29 10:45:19,807][__main__][INFO] - Train Metrics: {'rmse': np.float64(0.32215130252056756), 'mae': 0.22140271961688995, 'accuracy': np.float64(0.8549628473957228), 'precision': np.float64(0.688940959872798), 'recall': np.float64(0.3334548473985864), 'f1': np.float64(0.4493968011354332)}
[2025-09-29 10:45:19,807][__main__][INFO] - Val Metrics: {'rmse': np.float64(0.3273072042526655), 'mae': 0.22452758252620697, 'accuracy': np.float64(0.8494167397839564), 'precision': np.float64(0.6627785515320335), 'recall': np.float64(0.3085339168490153), 'f1': np.float64(0.4210584526903722)}
[2025-09-29 10:45:25,802][__main__][INFO] - Epoch 63/100: Train Loss: 0.3393, Val Loss: 0.3484
[2025-09-29 10:45:25,803][__main__][INFO] - Train Metrics: {'rmse': np.float64(0.3219716551941295), 'mae': 0.22124631702899933, 'accuracy': np.float64(0.8553726584153255), 'precision': np.float64(0.6926479882030756), 'recall': np.float64(0.33294853879336533), 'f1': np.float64(0.44972097603676553)}
[2025-09-29 10:45:25,803][__main__][INFO] - Val Metrics: {'rmse': np.float64(0.32693943920227647), 'mae': 0.22395232319831848, 'accuracy': np.float64(0.85032291471887), 'precision': np.float64(0.6591994729039697), 'recall': np.float64(0.32433746656941403), 'f1': np.float64(0.4347637153720804)}
[2025-09-29 10:45:26,102][__main__][INFO] - New best model saved: best_model_hybrid.pth
[2025-09-29 10:45:31,269][__main__][INFO] - Epoch 64/100: Train Loss: 0.3388, Val Loss: 0.3484
[2025-09-29 10:45:31,269][__main__][INFO] - Train Metrics: {'rmse': np.float64(0.3218242281156333), 'mae': 0.22100934386253357, 'accuracy': np.float64(0.8551677529055242), 'precision': np.float64(0.6899347935127905), 'recall': np.float64(0.33428519351114894), 'f1': np.float64(0.4503622051540907)}
[2025-09-29 10:45:31,269][__main__][INFO] - Val Metrics: {'rmse': np.float64(0.3266952222127069), 'mae': 0.2259463369846344, 'accuracy': np.float64(0.8499920889489809), 'precision': np.float64(0.648016119032858), 'recall': np.float64(0.3388443147742929), 'f1': np.float64(0.44500026608482784)}
[2025-09-29 10:45:37,098][__main__][INFO] - Epoch 65/100: Train Loss: 0.3384, Val Loss: 0.3483
[2025-09-29 10:45:37,098][__main__][INFO] - Train Metrics: {'rmse': np.float64(0.32165087239043216), 'mae': 0.2207096964120865, 'accuracy': np.float64(0.8555236414225476), 'precision': np.float64(0.6915794302873587), 'recall': np.float64(0.3358243716710209), 'f1': np.float64(0.452108951113777)}
[2025-09-29 10:45:37,098][__main__][INFO] - Val Metrics: {'rmse': np.float64(0.3267630741404883), 'mae': 0.22493700683116913, 'accuracy': np.float64(0.8500927750528602), 'precision': np.float64(0.6540749075711301), 'recall': np.float64(0.32976740416565364), 'f1': np.float64(0.43846982758620695)}
[2025-09-29 10:45:37,395][__main__][INFO] - New best model saved: best_model_hybrid.pth
[2025-09-29 10:45:42,598][__main__][INFO] - Epoch 66/100: Train Loss: 0.3381, Val Loss: 0.3489
[2025-09-29 10:45:42,598][__main__][INFO] - Train Metrics: {'rmse': np.float64(0.32148742349878023), 'mae': 0.22059227526187897, 'accuracy': np.float64(0.8554769085869788), 'precision': np.float64(0.6902214481214233), 'recall': np.float64(0.33708001701196916), 'f1': np.float64(0.4529534228681063)}
[2025-09-29 10:45:42,598][__main__][INFO] - Val Metrics: {'rmse': np.float64(0.3269627058113478), 'mae': 0.22610753774642944, 'accuracy': np.float64(0.8502653798023676), 'precision': np.float64(0.6581925537149418), 'recall': np.float64(0.32522894886133397), 'f1': np.float64(0.43534389238446514)}
[2025-09-29 10:45:48,016][__main__][INFO] - Epoch 67/100: Train Loss: 0.3379, Val Loss: 0.3479
[2025-09-29 10:45:48,016][__main__][INFO] - Train Metrics: {'rmse': np.float64(0.32138643267655603), 'mae': 0.2206171303987503, 'accuracy': np.float64(0.8555631845911057), 'precision': np.float64(0.6927332159919537), 'recall': np.float64(0.3347712497721611), 'f1': np.float64(0.4513988448777291)}
[2025-09-29 10:45:48,016][__main__][INFO] - Val Metrics: {'rmse': np.float64(0.3267098176666474), 'mae': 0.22379650175571442, 'accuracy': np.float64(0.849877019115976), 'precision': np.float64(0.6521113243761996), 'recall': np.float64(0.3304157549234136), 'f1': np.float64(0.43859932225270293)}
[2025-09-29 10:45:48,318][__main__][INFO] - New best model saved: best_model_hybrid.pth
[2025-09-29 10:45:53,782][__main__][INFO] - Epoch 68/100: Train Loss: 0.3379, Val Loss: 0.3479
[2025-09-29 10:45:53,782][__main__][INFO] - Train Metrics: {'rmse': np.float64(0.32138777726589374), 'mae': 0.22050747275352478, 'accuracy': np.float64(0.8555488052570845), 'precision': np.float64(0.6910481256753387), 'recall': np.float64(0.33675597950462766), 'f1': np.float64(0.4528384101090701)}
[2025-09-29 10:45:53,782][__main__][INFO] - Val Metrics: {'rmse': np.float64(0.3268455925581426), 'mae': 0.22330018877983093, 'accuracy': np.float64(0.8501503099693627), 'precision': np.float64(0.6592604874813464), 'recall': np.float64(0.3222303266066942), 'f1': np.float64(0.43287969515514424)}
[2025-09-29 10:45:59,284][__main__][INFO] - Epoch 69/100: Train Loss: 0.3376, Val Loss: 0.3476
[2025-09-29 10:45:59,284][__main__][INFO] - Train Metrics: {'rmse': np.float64(0.32128350853105264), 'mae': 0.22041502594947815, 'accuracy': np.float64(0.8555488052570845), 'precision': np.float64(0.6907785524568393), 'recall': np.float64(0.337100269356178), 'f1': np.float64(0.4530916118846379)}
[2025-09-29 10:45:59,284][__main__][INFO] - Val Metrics: {'rmse': np.float64(0.326701505179451), 'mae': 0.22263309359550476, 'accuracy': np.float64(0.8501503099693627), 'precision': np.float64(0.6562042608554236), 'recall': np.float64(0.32701191344517383), 'f1': np.float64(0.4364993509303332)}
[2025-09-29 10:45:59,590][__main__][INFO] - New best model saved: best_model_hybrid.pth
[2025-09-29 10:46:05,064][__main__][INFO] - Epoch 70/100: Train Loss: 0.3374, Val Loss: 0.3479
[2025-09-29 10:46:05,064][__main__][INFO] - Train Metrics: {'rmse': np.float64(0.3211802846317466), 'mae': 0.22026728093624115, 'accuracy': np.float64(0.8555955380926532), 'precision': np.float64(0.6914853791439624), 'recall': np.float64(0.3366749701277923), 'f1': np.float64(0.45285897191424446)}
[2025-09-29 10:46:05,064][__main__][INFO] - Val Metrics: {'rmse': np.float64(0.3264474903530223), 'mae': 0.22608648240566254, 'accuracy': np.float64(0.8501503099693627), 'precision': np.float64(0.6454201362604087), 'recall': np.float64(0.34548991004133234), 'f1': np.float64(0.45006334459459457)}
[2025-09-29 10:46:10,421][__main__][INFO] - Epoch 71/100: Train Loss: 0.3368, Val Loss: 0.3480
[2025-09-29 10:46:10,422][__main__][INFO] - Train Metrics: {'rmse': np.float64(0.3209442096740565), 'mae': 0.21996183693408966, 'accuracy': np.float64(0.8557429262663699), 'precision': np.float64(0.6902880658436213), 'recall': np.float64(0.3397128217591186), 'f1': np.float64(0.4553388438725789)}
[2025-09-29 10:46:10,422][__main__][INFO] - Val Metrics: {'rmse': np.float64(0.3269216406098052), 'mae': 0.22279991209506989, 'accuracy': np.float64(0.8496756469082174), 'precision': np.float64(0.6609822646657572), 'recall': np.float64(0.31412594213469486), 'f1': np.float64(0.42586386859308906)}
[2025-09-29 10:46:16,348][__main__][INFO] - Epoch 72/100: Train Loss: 0.3368, Val Loss: 0.3483
[2025-09-29 10:46:16,348][__main__][INFO] - Train Metrics: {'rmse': np.float64(0.320909084113271), 'mae': 0.2199576050043106, 'accuracy': np.float64(0.8557249520988436), 'precision': np.float64(0.6917714427984564), 'recall': np.float64(0.33762683030560786), 'f1': np.float64(0.45378082639229134)}
[2025-09-29 10:46:16,348][__main__][INFO] - Val Metrics: {'rmse': np.float64(0.3265851765840425), 'mae': 0.22671416401863098, 'accuracy': np.float64(0.85032291471887), 'precision': np.float64(0.6507094963355684), 'recall': np.float64(0.33819596401653296), 'f1': np.float64(0.4450725255972696)}
[2025-09-29 10:46:21,756][__main__][INFO] - Epoch 73/100: Train Loss: 0.3364, Val Loss: 0.3474
[2025-09-29 10:46:21,756][__main__][INFO] - Train Metrics: {'rmse': np.float64(0.32075359630352557), 'mae': 0.2198391705751419, 'accuracy': np.float64(0.8558867196065815), 'precision': np.float64(0.6918849681844476), 'recall': np.float64(0.3391255037770622), 'f1': np.float64(0.45515704209081403)}
[2025-09-29 10:46:21,756][__main__][INFO] - Val Metrics: {'rmse': np.float64(0.32678685489607356), 'mae': 0.22116978466510773, 'accuracy': np.float64(0.8497907167412223), 'precision': np.float64(0.6581054036024016), 'recall': np.float64(0.3197990112650944), 'f1': np.float64(0.4304335969457322)}
[2025-09-29 10:46:22,068][__main__][INFO] - New best model saved: best_model_hybrid.pth
[2025-09-29 10:46:27,362][__main__][INFO] - Epoch 74/100: Train Loss: 0.3364, Val Loss: 0.3471
[2025-09-29 10:46:27,362][__main__][INFO] - Train Metrics: {'rmse': np.float64(0.32081070976047654), 'mae': 0.21980389952659607, 'accuracy': np.float64(0.8559586162766871), 'precision': np.float64(0.6923935510541546), 'recall': np.float64(0.33920651315389755), 'f1': np.float64(0.4553400301765737)}
[2025-09-29 10:46:27,362][__main__][INFO] - Val Metrics: {'rmse': np.float64(0.32669551868935315), 'mae': 0.2206757366657257, 'accuracy': np.float64(0.8498194841994735), 'precision': np.float64(0.6572754391779914), 'recall': np.float64(0.3214198881594943), 'f1': np.float64(0.43172045936972736)}
[2025-09-29 10:46:27,666][__main__][INFO] - New best model saved: best_model_hybrid.pth
[2025-09-29 10:46:32,760][__main__][INFO] - Epoch 75/100: Train Loss: 0.3357, Val Loss: 0.3475
[2025-09-29 10:46:32,760][__main__][INFO] - Train Metrics: {'rmse': np.float64(0.32043061753514374), 'mae': 0.2193765938282013, 'accuracy': np.float64(0.8560844354493722), 'precision': np.float64(0.6906812522960121), 'recall': np.float64(0.3426899163578184), 'f1': np.float64(0.4580919378417889)}
[2025-09-29 10:46:32,760][__main__][INFO] - Val Metrics: {'rmse': np.float64(0.32675729399262016), 'mae': 0.22221392393112183, 'accuracy': np.float64(0.8500208564072321), 'precision': np.float64(0.6593333333333333), 'recall': np.float64(0.3206094497122943), 'f1': np.float64(0.43143028518457927)}
[2025-09-29 10:46:38,089][__main__][INFO] - Epoch 76/100: Train Loss: 0.3358, Val Loss: 0.3472
[2025-09-29 10:46:38,089][__main__][INFO] - Train Metrics: {'rmse': np.float64(0.32048284839063623), 'mae': 0.219612717628479, 'accuracy': np.float64(0.8563756169633003), 'precision': np.float64(0.694197164523574), 'recall': np.float64(0.34113048585373756), 'f1': np.float64(0.4574625548267948)}
[2025-09-29 10:46:38,089][__main__][INFO] - Val Metrics: {'rmse': np.float64(0.32662606738573424), 'mae': 0.22154635190963745, 'accuracy': np.float64(0.8503085309897443), 'precision': np.float64(0.6575856443719412), 'recall': np.float64(0.32668773806629386), 'f1': np.float64(0.4365152417564568)}
[2025-09-29 10:46:43,481][__main__][INFO] - Epoch 77/100: Train Loss: 0.3352, Val Loss: 0.3470
[2025-09-29 10:46:43,481][__main__][INFO] - Train Metrics: {'rmse': np.float64(0.32027715394922557), 'mae': 0.21919555962085724, 'accuracy': np.float64(0.8562318236230889), 'precision': np.float64(0.6926899383983572), 'recall': np.float64(0.34159628977054096), 'f1': np.float64(0.4575528639440096)}
[2025-09-29 10:46:43,481][__main__][INFO] - Val Metrics: {'rmse': np.float64(0.32631134432076747), 'mae': 0.22344066202640533, 'accuracy': np.float64(0.8507112754052616), 'precision': np.float64(0.6513279802347128), 'recall': np.float64(0.34184293702893265), 'f1': np.float64(0.4483656656922668)}
[2025-09-29 10:46:43,783][__main__][INFO] - New best model saved: best_model_hybrid.pth
[2025-09-29 10:46:48,889][__main__][INFO] - Epoch 78/100: Train Loss: 0.3349, Val Loss: 0.3470
[2025-09-29 10:46:48,889][__main__][INFO] - Train Metrics: {'rmse': np.float64(0.32013389213319077), 'mae': 0.2190537005662918, 'accuracy': np.float64(0.8565373844710382), 'precision': np.float64(0.6930321686304889), 'recall': np.float64(0.3442493468618993), 'f1': np.float64(0.4600021649707729)}
[2025-09-29 10:46:48,889][__main__][INFO] - Val Metrics: {'rmse': np.float64(0.3264965679833923), 'mae': 0.22203198075294495, 'accuracy': np.float64(0.8503372984479957), 'precision': np.float64(0.6556664520283323), 'recall': np.float64(0.3300915795445336), 'f1': np.float64(0.43911379440461434)}
[2025-09-29 10:46:54,706][__main__][INFO] - Epoch 79/100: Train Loss: 0.3346, Val Loss: 0.3471
[2025-09-29 10:46:54,707][__main__][INFO] - Train Metrics: {'rmse': np.float64(0.3199567563856426), 'mae': 0.2188677042722702, 'accuracy': np.float64(0.8567818331493977), 'precision': np.float64(0.6935346402045538), 'recall': np.float64(0.34607205784069506), 'f1': np.float64(0.4617380025940338)}
[2025-09-29 10:46:54,707][__main__][INFO] - Val Metrics: {'rmse': np.float64(0.3265589969392365), 'mae': 0.22172483801841736, 'accuracy': np.float64(0.8502941472606188), 'precision': np.float64(0.6573244256151214), 'recall': np.float64(0.32693086960045387), 'f1': np.float64(0.436674604892834)}
[2025-09-29 10:47:00,057][__main__][INFO] - Epoch 80/100: Train Loss: 0.3346, Val Loss: 0.3473
[2025-09-29 10:47:00,057][__main__][INFO] - Train Metrics: {'rmse': np.float64(0.31992849732043677), 'mae': 0.21877628564834595, 'accuracy': np.float64(0.8564690826344378), 'precision': np.float64(0.6932515337423313), 'recall': np.float64(0.34327723433987484), 'f1': np.float64(0.459181600227559)}
[2025-09-29 10:47:00,057][__main__][INFO] - Val Metrics: {'rmse': np.float64(0.32632804603931875), 'mae': 0.22453823685646057, 'accuracy': np.float64(0.8504236008227493), 'precision': np.float64(0.6508084577114428), 'recall': np.float64(0.33924953399789287), 'f1': np.float64(0.4460071386713547)}
[2025-09-29 10:47:05,656][__main__][INFO] - Epoch 81/100: Train Loss: 0.3343, Val Loss: 0.3472
[2025-09-29 10:47:05,656][__main__][INFO] - Train Metrics: {'rmse': np.float64(0.3198108815913936), 'mae': 0.2187318205833435, 'accuracy': np.float64(0.856598496640628), 'precision': np.float64(0.6922578029995946), 'recall': np.float64(0.3458695343986066), 'f1': np.float64(0.4612745958647886)}
[2025-09-29 10:47:05,656][__main__][INFO] - Val Metrics: {'rmse': np.float64(0.3266621633790168), 'mae': 0.22177496552467346, 'accuracy': np.float64(0.8500064726781065), 'precision': np.float64(0.6590114827758362), 'recall': np.float64(0.32093362509117435), 'f1': np.float64(0.43165467625899284)}
[2025-09-29 10:47:11,546][__main__][INFO] - Epoch 82/100: Train Loss: 0.3342, Val Loss: 0.3469
[2025-09-29 10:47:11,546][__main__][INFO] - Train Metrics: {'rmse': np.float64(0.3197928842817522), 'mae': 0.2187732607126236, 'accuracy': np.float64(0.8570011179932201), 'precision': np.float64(0.6954786150712831), 'recall': np.float64(0.34578852502177126), 'f1': np.float64(0.4619151324955699)}
[2025-09-29 10:47:11,546][__main__][INFO] - Val Metrics: {'rmse': np.float64(0.326519181604507), 'mae': 0.22130931913852692, 'accuracy': np.float64(0.8500064726781065), 'precision': np.float64(0.656255110384301), 'recall': np.float64(0.32522894886133397), 'f1': np.float64(0.4349192586973014)}
[2025-09-29 10:47:11,869][__main__][INFO] - New best model saved: best_model_hybrid.pth
[2025-09-29 10:47:16,966][__main__][INFO] - Epoch 83/100: Train Loss: 0.3338, Val Loss: 0.3466
[2025-09-29 10:47:16,966][__main__][INFO] - Train Metrics: {'rmse': np.float64(0.31964201651171137), 'mae': 0.21858537197113037, 'accuracy': np.float64(0.8567422899808396), 'precision': np.float64(0.6940912795436023), 'recall': np.float64(0.34495817890920877), 'f1': np.float64(0.46086827116901385)}
[2025-09-29 10:47:16,966][__main__][INFO] - Val Metrics: {'rmse': np.float64(0.3263694370450214), 'mae': 0.22099445760250092, 'accuracy': np.float64(0.8500208564072321), 'precision': np.float64(0.6528132992327366), 'recall': np.float64(0.33098306183645354), 'f1': np.float64(0.4392578650174778)}
[2025-09-29 10:47:17,287][__main__][INFO] - New best model saved: best_model_hybrid.pth
[2025-09-29 10:47:22,295][__main__][INFO] - Epoch 84/100: Train Loss: 0.3334, Val Loss: 0.3466
[2025-09-29 10:47:22,295][__main__][INFO] - Train Metrics: {'rmse': np.float64(0.31949950762383933), 'mae': 0.21829144656658173, 'accuracy': np.float64(0.857037066328273), 'precision': np.float64(0.6946042291177186), 'recall': np.float64(0.34726694614901676), 'f1': np.float64(0.46303822421452007)}
[2025-09-29 10:47:22,295][__main__][INFO] - Val Metrics: {'rmse': np.float64(0.3263106935871585), 'mae': 0.2216598093509674, 'accuracy': np.float64(0.8502078448858651), 'precision': np.float64(0.6523184048108878), 'recall': np.float64(0.33406272793581326), 'f1': np.float64(0.441848000857541)}
[2025-09-29 10:47:28,004][__main__][INFO] - Epoch 85/100: Train Loss: 0.3334, Val Loss: 0.3467
[2025-09-29 10:47:28,004][__main__][INFO] - Train Metrics: {'rmse': np.float64(0.31947172118720196), 'mae': 0.21826113760471344, 'accuracy': np.float64(0.8567207209798078), 'precision': np.float64(0.693716425199414), 'recall': np.float64(0.3452214593839237), 'f1': np.float64(0.4610204330011224)}
[2025-09-29 10:47:28,006][__main__][INFO] - Val Metrics: {'rmse': np.float64(0.3264094076008451), 'mae': 0.22129465639591217, 'accuracy': np.float64(0.8503085309897443), 'precision': np.float64(0.6557562076749436), 'recall': np.float64(0.3296053164762136), 'f1': np.float64(0.4387034140553368)}
[2025-09-29 10:47:33,276][__main__][INFO] - Epoch 86/100: Train Loss: 0.3329, Val Loss: 0.3468
[2025-09-29 10:47:33,276][__main__][INFO] - Train Metrics: {'rmse': np.float64(0.3192568923225617), 'mae': 0.2179948091506958, 'accuracy': np.float64(0.8569543851576514), 'precision': np.float64(0.6934253541590991), 'recall': np.float64(0.34795552585211736), 'f1': np.float64(0.4633870054211505)}
[2025-09-29 10:47:33,276][__main__][INFO] - Val Metrics: {'rmse': np.float64(0.32628510845304404), 'mae': 0.22277747094631195, 'accuracy': np.float64(0.8503372984479957), 'precision': np.float64(0.6517100721681832), 'recall': np.float64(0.33665613096685304), 'f1': np.float64(0.4439694330144819)}
[2025-09-29 10:47:38,854][__main__][INFO] - Epoch 87/100: Train Loss: 0.3331, Val Loss: 0.3466
[2025-09-29 10:47:38,854][__main__][INFO] - Train Metrics: {'rmse': np.float64(0.31933082786461825), 'mae': 0.21815381944179535, 'accuracy': np.float64(0.8566703933107338), 'precision': np.float64(0.6914216673378977), 'recall': np.float64(0.34769224537740245), 'f1': np.float64(0.46270567466681034)}
[2025-09-29 10:47:38,855][__main__][INFO] - Val Metrics: {'rmse': np.float64(0.3263336168940783), 'mae': 0.22168081998825073, 'accuracy': np.float64(0.8502222286149907), 'precision': np.float64(0.6535885167464115), 'recall': np.float64(0.3321176756625334), 'f1': np.float64(0.4404320490085442)}
[2025-09-29 10:47:44,240][__main__][INFO] - Epoch 88/100: Train Loss: 0.3329, Val Loss: 0.3465
[2025-09-29 10:47:44,240][__main__][INFO] - Train Metrics: {'rmse': np.float64(0.3192183018334408), 'mae': 0.2181149423122406, 'accuracy': np.float64(0.8571916441690003), 'precision': np.float64(0.693911995177818), 'recall': np.float64(0.34971747979828666), 'f1': np.float64(0.4650561525410035)}
[2025-09-29 10:47:44,240][__main__][INFO] - Val Metrics: {'rmse': np.float64(0.3265000479816442), 'mae': 0.2198464572429657, 'accuracy': np.float64(0.8501071587819858), 'precision': np.float64(0.6574195666447801), 'recall': np.float64(0.32458059810357404), 'f1': np.float64(0.4345938907275786)}
[2025-09-29 10:47:44,548][__main__][INFO] - New best model saved: best_model_hybrid.pth
[2025-09-29 10:47:49,585][__main__][INFO] - Epoch 89/100: Train Loss: 0.3330, Val Loss: 0.3465
[2025-09-29 10:47:49,585][__main__][INFO] - Train Metrics: {'rmse': np.float64(0.31930121836777803), 'mae': 0.21806585788726807, 'accuracy': np.float64(0.8569184368225986), 'precision': np.float64(0.6940380172658371), 'recall': np.float64(0.34680114223221337), 'f1': np.float64(0.46249831195138424)}
[2025-09-29 10:47:49,585][__main__][INFO] - Val Metrics: {'rmse': np.float64(0.3260815089788339), 'mae': 0.22322481870651245, 'accuracy': np.float64(0.8506681242178847), 'precision': np.float64(0.6472979075718802), 'recall': np.float64(0.3484885322959721), 'f1': np.float64(0.4530607944368349)}
[2025-09-29 10:47:49,899][__main__][INFO] - New best model saved: best_model_hybrid.pth
[2025-09-29 10:47:55,270][__main__][INFO] - Epoch 90/100: Train Loss: 0.3326, Val Loss: 0.3465
[2025-09-29 10:47:55,271][__main__][INFO] - Train Metrics: {'rmse': np.float64(0.31915406347063835), 'mae': 0.21783161163330078, 'accuracy': np.float64(0.8566056863076387), 'precision': np.float64(0.6911361804995971), 'recall': np.float64(0.34740871255847866), 'f1': np.float64(0.4623906626952572)}
[2025-09-29 10:47:55,271][__main__][INFO] - Val Metrics: {'rmse': np.float64(0.32619430556235646), 'mae': 0.2223038226366043, 'accuracy': np.float64(0.8504955194683774), 'precision': np.float64(0.6509390035697656), 'recall': np.float64(0.3398978847556528), 'f1': np.float64(0.44659780641039293)}
[2025-09-29 10:48:00,623][__main__][INFO] - Epoch 91/100: Train Loss: 0.3325, Val Loss: 0.3464
[2025-09-29 10:48:00,623][__main__][INFO] - Train Metrics: {'rmse': np.float64(0.3190797717419602), 'mae': 0.21785470843315125, 'accuracy': np.float64(0.8568501349859982), 'precision': np.float64(0.6917797222445211), 'recall': np.float64(0.3490491524393949), 'f1': np.float64(0.463986216365374)}
[2025-09-29 10:48:00,623][__main__][INFO] - Val Metrics: {'rmse': np.float64(0.32621419940387), 'mae': 0.22193607687950134, 'accuracy': np.float64(0.850509903197503), 'precision': np.float64(0.6518888541991883), 'recall': np.float64(0.3384390955506929), 'f1': np.float64(0.44555881568418243)}
[2025-09-29 10:48:00,941][__main__][INFO] - New best model saved: best_model_hybrid.pth
[2025-09-29 10:48:06,002][__main__][INFO] - Epoch 92/100: Train Loss: 0.3322, Val Loss: 0.3464
[2025-09-29 10:48:06,004][__main__][INFO] - Train Metrics: {'rmse': np.float64(0.31901033232811055), 'mae': 0.2177855521440506, 'accuracy': np.float64(0.8571197474988946), 'precision': np.float64(0.6931840975648895), 'recall': np.float64(0.3499402555845839), 'f1': np.float64(0.4650893626184324)}
[2025-09-29 10:48:06,004][__main__][INFO] - Val Metrics: {'rmse': np.float64(0.32637602305023666), 'mae': 0.22063352167606354, 'accuracy': np.float64(0.8502078448858651), 'precision': np.float64(0.6551168412570507), 'recall': np.float64(0.3294432287867736), 'f1': np.float64(0.4384167385677307)}
[2025-09-29 10:48:11,379][__main__][INFO] - Epoch 93/100: Train Loss: 0.3322, Val Loss: 0.3464
[2025-09-29 10:48:11,381][__main__][INFO] - Train Metrics: {'rmse': np.float64(0.31894197573204086), 'mae': 0.21764042973518372, 'accuracy': np.float64(0.8572671356726114), 'precision': np.float64(0.6947643979057592), 'recall': np.float64(0.34937318994673633), 'f1': np.float64(0.4649426603959196)}
[2025-09-29 10:48:11,381][__main__][INFO] - Val Metrics: {'rmse': np.float64(0.3263826545780511), 'mae': 0.22050392627716064, 'accuracy': np.float64(0.8501790774276139), 'precision': np.float64(0.6550056424310817), 'recall': np.float64(0.32928114109733364), 'f1': np.float64(0.4382483011541365)}
[2025-09-29 10:48:11,682][__main__][INFO] - New best model saved: best_model_hybrid.pth
[2025-09-29 10:48:16,697][__main__][INFO] - Epoch 94/100: Train Loss: 0.3322, Val Loss: 0.3464
[2025-09-29 10:48:16,697][__main__][INFO] - Train Metrics: {'rmse': np.float64(0.3188943054750926), 'mae': 0.2176782637834549, 'accuracy': np.float64(0.8572922995071484), 'precision': np.float64(0.6950074545674336), 'recall': np.float64(0.3493124329141098), 'f1': np.float64(0.4649432568671321)}
[2025-09-29 10:48:16,697][__main__][INFO] - Val Metrics: {'rmse': np.float64(0.3262851655394675), 'mae': 0.22114142775535583, 'accuracy': np.float64(0.85032291471887), 'precision': np.float64(0.6532424290470905), 'recall': np.float64(0.3339006402463733), 'f1': np.float64(0.44191783760592085)}
[2025-09-29 10:48:16,999][__main__][INFO] - New best model saved: best_model_hybrid.pth
[2025-09-29 10:48:22,046][__main__][INFO] - Epoch 95/100: Train Loss: 0.3320, Val Loss: 0.3464
[2025-09-29 10:48:22,046][__main__][INFO] - Train Metrics: {'rmse': np.float64(0.3188597836020996), 'mae': 0.2175120860338211, 'accuracy': np.float64(0.8572743253396219), 'precision': np.float64(0.6950717857718987), 'recall': np.float64(0.3490491524393949), 'f1': np.float64(0.4647243606163968)}
[2025-09-29 10:48:22,046][__main__][INFO] - Val Metrics: {'rmse': np.float64(0.3262119839614603), 'mae': 0.22184541821479797, 'accuracy': np.float64(0.8503660659062469), 'precision': np.float64(0.65125), 'recall': np.float64(0.337790744792933), 'f1': np.float64(0.444847643951118)}
[2025-09-29 10:48:27,406][__main__][INFO] - Epoch 96/100: Train Loss: 0.3322, Val Loss: 0.3465
[2025-09-29 10:48:27,406][__main__][INFO] - Train Metrics: {'rmse': np.float64(0.318949158943749), 'mae': 0.21756690740585327, 'accuracy': np.float64(0.85681059181744), 'precision': np.float64(0.692649255237557), 'recall': np.float64(0.34750997427952285), 'f1': np.float64(0.4628186109238031)}
[2025-09-29 10:48:27,406][__main__][INFO] - Val Metrics: {'rmse': np.float64(0.32615588485903474), 'mae': 0.2224949598312378, 'accuracy': np.float64(0.8504955194683774), 'precision': np.float64(0.6496384059086013), 'recall': np.float64(0.3421671124078126), 'f1': np.float64(0.44824291326043103)}
[2025-09-29 10:48:33,088][__main__][INFO] - Epoch 97/100: Train Loss: 0.3319, Val Loss: 0.3464
[2025-09-29 10:48:33,088][__main__][INFO] - Train Metrics: {'rmse': np.float64(0.3187820694255366), 'mae': 0.21764884889125824, 'accuracy': np.float64(0.85731386850818), 'precision': np.float64(0.6942049328253459), 'recall': np.float64(0.35056807825505804), 'f1': np.float64(0.46587361395198623)}
[2025-09-29 10:48:33,088][__main__][INFO] - Val Metrics: {'rmse': np.float64(0.3261884810737552), 'mae': 0.22198385000228882, 'accuracy': np.float64(0.8503516821771212), 'precision': np.float64(0.6505367978839272), 'recall': np.float64(0.3388443147742929), 'f1': np.float64(0.4455930938932111)}
[2025-09-29 10:48:38,556][__main__][INFO] - Epoch 98/100: Train Loss: 0.3321, Val Loss: 0.3464
[2025-09-29 10:48:38,556][__main__][INFO] - Train Metrics: {'rmse': np.float64(0.31887938734421106), 'mae': 0.21782401204109192, 'accuracy': np.float64(0.8574037393458122), 'precision': np.float64(0.6942310769723156), 'recall': np.float64(0.35143892905603824), 'f1': np.float64(0.4666478426310624)}
[2025-09-29 10:48:38,558][__main__][INFO] - Val Metrics: {'rmse': np.float64(0.326222398693861), 'mae': 0.2215634286403656, 'accuracy': np.float64(0.8503085309897443), 'precision': np.float64(0.6513632090253839), 'recall': np.float64(0.33689926250101304), 'f1': np.float64(0.444100208322205)}
[2025-09-29 10:48:38,873][__main__][INFO] - New best model saved: best_model_hybrid.pth
[2025-09-29 10:48:43,799][__main__][INFO] - Epoch 99/100: Train Loss: 0.3319, Val Loss: 0.3464
[2025-09-29 10:48:43,801][__main__][INFO] - Train Metrics: {'rmse': np.float64(0.31885664081620946), 'mae': 0.2174118459224701, 'accuracy': np.float64(0.8573498168432329), 'precision': np.float64(0.6959932074556261), 'recall': np.float64(0.3486238532110092), 'f1': np.float64(0.4645526919444069)}
[2025-09-29 10:48:43,801][__main__][INFO] - Val Metrics: {'rmse': np.float64(0.3261948880054965), 'mae': 0.22182565927505493, 'accuracy': np.float64(0.8504236008227493), 'precision': np.float64(0.6511374259894048), 'recall': np.float64(0.3386822270848529), 'f1': np.float64(0.44559364503918536)}
[2025-09-29 10:48:49,194][__main__][INFO] - Epoch 100/100: Train Loss: 0.3319, Val Loss: 0.3464
[2025-09-29 10:48:49,194][__main__][INFO] - Train Metrics: {'rmse': np.float64(0.31877425138929943), 'mae': 0.2175557017326355, 'accuracy': np.float64(0.8574181186798333), 'precision': np.float64(0.6946693386773547), 'recall': np.float64(0.35101362982765255), 'f1': np.float64(0.4663715742596902)}
[2025-09-29 10:48:49,194][__main__][INFO] - Val Metrics: {'rmse': np.float64(0.3261906509934289), 'mae': 0.22184883058071136, 'accuracy': np.float64(0.8503804496353725), 'precision': np.float64(0.6508332035508487), 'recall': np.float64(0.3386822270848529), 'f1': np.float64(0.44552238805970146)}
[2025-09-29 10:48:49,493][__main__][INFO] - Training completed!
[2025-09-29 10:48:49,493][__main__][INFO] - Best validation loss: 0.3464
[2025-09-29 10:48:52,810][__main__][INFO] - MLflow run completed
