[2025-09-28 19:14:14,235][__main__][INFO] - Configuration:
[2025-09-28 19:14:14,236][__main__][INFO] - model:
  name: collaborative
  type: CollaborativeFilteringModel
  embedding_dim: 50
  dropout: 0.2
  bias: true
  init_mean: 0.0
  init_std: 0.1
  description: Matrix factorization with user and movie embeddings
train:
  name: default
  batch_size: 512
  learning_rate: 0.01
  weight_decay: 0.0001
  epochs: 2
  patience: 5
  min_delta: 0.0001
  optimizer:
    type: adam
    betas:
    - 0.9
    - 0.999
    eps: 1.0e-08
    amsgrad: false
  scheduler:
    type: reduce_on_plateau
    factor: 0.5
    patience: 3
    min_lr: 1.0e-06
    verbose: true
  loss:
    type: bce
    margin: 1.0
    reduction: mean
  validation:
    val_ratio: 0.2
    val_batch_size: 512
    val_frequency: 1
    early_stopping: true
  metrics:
  - rmse
  - mae
  - precision@10
  - recall@10
  - ndcg@10
  top_k:
  - 5
  - 10
  - 20
data:
  name: default
  data_dir: data
  raw_data_dir: data/raw
  min_ratings_per_user: 5
  min_ratings_per_movie: 5
  rating_threshold: 3.0
  negative_sampling: true
  negative_sampling_ratio: 4
  validation_ratio: 0.2
  test_ratio: 0.1
  seed: 42
experiment:
  name: movie_recommendation
  tags:
  - collaborative_filtering
  - pytorch
  notes: Training movie recommendation models with different configurations
seed: 42
device: auto

[2025-09-28 19:14:14,249][__main__][INFO] - Using device: cuda
[2025-09-28 19:14:14,250][__main__][INFO] - Loading data...
[2025-09-28 19:14:14,290][__main__][INFO] - Loaded 100836 user-movie interactions
[2025-09-28 19:14:14,290][__main__][INFO] - Users: 610, Movies: 9742
[2025-09-28 19:14:14,946][__main__][INFO] - Creating model: CollaborativeFilteringModel
[2025-09-28 19:14:15,007][__main__][INFO] - Model created with 527,953 parameters
[2025-09-28 19:14:15,687][__main__][INFO] - Starting training...
[2025-09-28 19:14:19,119][__main__][INFO] - Epoch 1/2: Train Loss: 0.4355, Val Loss: 0.4009
[2025-09-28 19:14:19,119][__main__][INFO] - Train Metrics: {'rmse': np.float64(0.36801893373948036), 'mae': 0.2968790531158447, 'accuracy': np.float64(0.8282208809498988), 'precision': np.float64(0.7334310850439882), 'recall': np.float64(0.050651112866314275), 'f1': np.float64(0.0947581790971262)}
[2025-09-28 19:14:19,120][__main__][INFO] - Val Metrics: {'rmse': np.float64(0.3503908767614236), 'mae': 0.26384907960891724, 'accuracy': np.float64(0.8317679041468291), 'precision': np.float64(0.7676935886761033), 'recall': np.float64(0.07472242483183403), 'f1': np.float64(0.1361890694239291)}
[2025-09-28 19:14:19,126][__main__][INFO] - New best model saved: best_model_collaborative.pth
[2025-09-28 19:14:22,503][__main__][INFO] - Epoch 2/2: Train Loss: 0.3957, Val Loss: 0.3945
[2025-09-28 19:14:22,503][__main__][INFO] - Train Metrics: {'rmse': np.float64(0.3477125443732491), 'mae': 0.2600395977497101, 'accuracy': np.float64(0.8344255635800228), 'precision': np.float64(0.7997831586555837), 'recall': np.float64(0.08963687546833546), 'f1': np.float64(0.16120631567445504)}
[2025-09-28 19:14:22,503][__main__][INFO] - Val Metrics: {'rmse': np.float64(0.3471994613763866), 'mae': 0.25934603810310364, 'accuracy': np.float64(0.8347165686175798), 'precision': np.float64(0.7693773824650572), 'recall': np.float64(0.09814409595591214), 'f1': np.float64(0.17408179400560625)}
[2025-09-28 19:14:22,511][__main__][INFO] - New best model saved: best_model_collaborative.pth
[2025-09-28 19:14:22,512][__main__][INFO] - Training completed!
[2025-09-28 19:14:22,512][__main__][INFO] - Best validation loss: 0.3945
